CRITICAL - 2022-05-31 19:31:58 --> Cannot add or update a child row: a foreign key constraint fails (`banco`.`extrato`, CONSTRAINT `extrato_ibfk_1` FOREIGN KEY (`conta`) REFERENCES `conta` (`numero`) ON DELETE CASCADE ON UPDATE CASCADE)
#0 C:\Users\Marina Fernandes\Desktop\codeignier 2\codeigniter4-CodeIgniter4-202f41a\system\Database\MySQLi\Connection.php(292): mysqli->query('INSERT INTO `ex...', 0)
#1 C:\Users\Marina Fernandes\Desktop\codeignier 2\codeigniter4-CodeIgniter4-202f41a\system\Database\BaseConnection.php(670): CodeIgniter\Database\MySQLi\Connection->execute('INSERT INTO `ex...')
#2 C:\Users\Marina Fernandes\Desktop\codeignier 2\codeigniter4-CodeIgniter4-202f41a\system\Database\BaseConnection.php(598): CodeIgniter\Database\BaseConnection->simpleQuery('INSERT INTO `ex...')
#3 C:\Users\Marina Fernandes\Desktop\codeignier 2\codeigniter4-CodeIgniter4-202f41a\system\Database\BaseBuilder.php(1771): CodeIgniter\Database\BaseConnection->query('INSERT INTO `ex...', Array, false)
#4 C:\Users\Marina Fernandes\Desktop\codeignier 2\codeigniter4-CodeIgniter4-202f41a\system\Model.php(239): CodeIgniter\Database\BaseBuilder->insert()
#5 C:\Users\Marina Fernandes\Desktop\codeignier 2\codeigniter4-CodeIgniter4-202f41a\system\BaseModel.php(738): CodeIgniter\Model->doInsert(Array)
#6 C:\Users\Marina Fernandes\Desktop\codeignier 2\codeigniter4-CodeIgniter4-202f41a\system\Model.php(625): CodeIgniter\BaseModel->insert(Array, true)
#7 C:\Users\Marina Fernandes\Desktop\codeignier 2\codeigniter4-CodeIgniter4-202f41a\app\Models\ExtratoModel.php(109): CodeIgniter\Model->insert(Array)
#8 C:\Users\Marina Fernandes\Desktop\codeignier 2\codeigniter4-CodeIgniter4-202f41a\app\Controllers\Home.php(817): App\Models\ExtratoModel->insertpagamento(Array)
#9 C:\Users\Marina Fernandes\Desktop\codeignier 2\codeigniter4-CodeIgniter4-202f41a\system\CodeIgniter.php(832): App\Controllers\Home->insertpagamento()
#10 C:\Users\Marina Fernandes\Desktop\codeignier 2\codeigniter4-CodeIgniter4-202f41a\system\CodeIgniter.php(419): CodeIgniter\CodeIgniter->runController(Object(App\Controllers\Home))
#11 C:\Users\Marina Fernandes\Desktop\codeignier 2\codeigniter4-CodeIgniter4-202f41a\system\CodeIgniter.php(326): CodeIgniter\CodeIgniter->handleRequest(NULL, Object(Config\Cache), false)
#12 C:\Users\Marina Fernandes\Desktop\codeignier 2\codeigniter4-CodeIgniter4-202f41a\public\index.php(37): CodeIgniter\CodeIgniter->run()
#13 C:\Users\Marina Fernandes\Desktop\codeignier 2\codeigniter4-CodeIgniter4-202f41a\system\Commands\Server\rewrite.php(43): require_once('C:\\Users\\Marina...')
#14 {main}
CRITICAL - 2022-05-31 19:32:53 --> A non-numeric value encountered
#0 C:\Users\Marina Fernandes\Desktop\codeignier 2\codeigniter4-CodeIgniter4-202f41a\app\Controllers\Home.php(810): CodeIgniter\Debug\Exceptions->errorHandler(2, 'A non-numeric v...', 'C:\\Users\\Marina...', 810, Array)
#1 C:\Users\Marina Fernandes\Desktop\codeignier 2\codeigniter4-CodeIgniter4-202f41a\system\CodeIgniter.php(832): App\Controllers\Home->insertpagamento()
#2 C:\Users\Marina Fernandes\Desktop\codeignier 2\codeigniter4-CodeIgniter4-202f41a\system\CodeIgniter.php(419): CodeIgniter\CodeIgniter->runController(Object(App\Controllers\Home))
#3 C:\Users\Marina Fernandes\Desktop\codeignier 2\codeigniter4-CodeIgniter4-202f41a\system\CodeIgniter.php(326): CodeIgniter\CodeIgniter->handleRequest(NULL, Object(Config\Cache), false)
#4 C:\Users\Marina Fernandes\Desktop\codeignier 2\codeigniter4-CodeIgniter4-202f41a\public\index.php(37): CodeIgniter\CodeIgniter->run()
#5 C:\Users\Marina Fernandes\Desktop\codeignier 2\codeigniter4-CodeIgniter4-202f41a\system\Commands\Server\rewrite.php(43): require_once('C:\\Users\\Marina...')
#6 {main}
CRITICAL - 2022-05-31 21:12:44 --> Undefined variable: contac
#0 C:\Users\Marina Fernandes\Desktop\codeignier 2\codeigniter4-CodeIgniter4-202f41a\app\Views\common\headerUser.php(14): CodeIgniter\Debug\Exceptions->errorHandler(8, 'Undefined varia...', 'C:\\Users\\Marina...', 14, Array)
#1 C:\Users\Marina Fernandes\Desktop\codeignier 2\codeigniter4-CodeIgniter4-202f41a\system\View\View.php(210): include('C:\\Users\\Marina...')
#2 C:\Users\Marina Fernandes\Desktop\codeignier 2\codeigniter4-CodeIgniter4-202f41a\system\View\View.php(213): CodeIgniter\View\View->CodeIgniter\View\{closure}()
#3 C:\Users\Marina Fernandes\Desktop\codeignier 2\codeigniter4-CodeIgniter4-202f41a\system\Common.php(1089): CodeIgniter\View\View->render('common/headerUs...', Array, true)
#4 C:\Users\Marina Fernandes\Desktop\codeignier 2\codeigniter4-CodeIgniter4-202f41a\app\Controllers\Home.php(23): view('common/headerUs...')
#5 C:\Users\Marina Fernandes\Desktop\codeignier 2\codeigniter4-CodeIgniter4-202f41a\system\CodeIgniter.php(832): App\Controllers\Home->error()
#6 C:\Users\Marina Fernandes\Desktop\codeignier 2\codeigniter4-CodeIgniter4-202f41a\system\CodeIgniter.php(419): CodeIgniter\CodeIgniter->runController(Object(App\Controllers\Home))
#7 C:\Users\Marina Fernandes\Desktop\codeignier 2\codeigniter4-CodeIgniter4-202f41a\system\CodeIgniter.php(326): CodeIgniter\CodeIgniter->handleRequest(NULL, Object(Config\Cache), false)
#8 C:\Users\Marina Fernandes\Desktop\codeignier 2\codeigniter4-CodeIgniter4-202f41a\public\index.php(37): CodeIgniter\CodeIgniter->run()
#9 C:\Users\Marina Fernandes\Desktop\codeignier 2\codeigniter4-CodeIgniter4-202f41a\system\Commands\Server\rewrite.php(43): require_once('C:\\Users\\Marina...')
#10 {main}
CRITICAL - 2022-05-31 21:12:58 --> Undefined variable: contac
#0 C:\Users\Marina Fernandes\Desktop\codeignier 2\codeigniter4-CodeIgniter4-202f41a\app\Views\common\headerUser.php(14): CodeIgniter\Debug\Exceptions->errorHandler(8, 'Undefined varia...', 'C:\\Users\\Marina...', 14, Array)
#1 C:\Users\Marina Fernandes\Desktop\codeignier 2\codeigniter4-CodeIgniter4-202f41a\system\View\View.php(210): include('C:\\Users\\Marina...')
#2 C:\Users\Marina Fernandes\Desktop\codeignier 2\codeigniter4-CodeIgniter4-202f41a\system\View\View.php(213): CodeIgniter\View\View->CodeIgniter\View\{closure}()
#3 C:\Users\Marina Fernandes\Desktop\codeignier 2\codeigniter4-CodeIgniter4-202f41a\system\Common.php(1089): CodeIgniter\View\View->render('common/headerUs...', Array, true)
#4 C:\Users\Marina Fernandes\Desktop\codeignier 2\codeigniter4-CodeIgniter4-202f41a\app\Controllers\Home.php(23): view('common/headerUs...')
#5 C:\Users\Marina Fernandes\Desktop\codeignier 2\codeigniter4-CodeIgniter4-202f41a\system\CodeIgniter.php(832): App\Controllers\Home->error()
#6 C:\Users\Marina Fernandes\Desktop\codeignier 2\codeigniter4-CodeIgniter4-202f41a\system\CodeIgniter.php(419): CodeIgniter\CodeIgniter->runController(Object(App\Controllers\Home))
#7 C:\Users\Marina Fernandes\Desktop\codeignier 2\codeigniter4-CodeIgniter4-202f41a\system\CodeIgniter.php(326): CodeIgniter\CodeIgniter->handleRequest(NULL, Object(Config\Cache), false)
#8 C:\Users\Marina Fernandes\Desktop\codeignier 2\codeigniter4-CodeIgniter4-202f41a\public\index.php(37): CodeIgniter\CodeIgniter->run()
#9 C:\Users\Marina Fernandes\Desktop\codeignier 2\codeigniter4-CodeIgniter4-202f41a\system\Commands\Server\rewrite.php(43): require_once('C:\\Users\\Marina...')
#10 {main}
CRITICAL - 2022-05-31 21:16:06 --> Undefined variable: contac
#0 C:\Users\Marina Fernandes\Desktop\codeignier 2\codeigniter4-CodeIgniter4-202f41a\app\Views\common\headerUser.php(14): CodeIgniter\Debug\Exceptions->errorHandler(8, 'Undefined varia...', 'C:\\Users\\Marina...', 14, Array)
#1 C:\Users\Marina Fernandes\Desktop\codeignier 2\codeigniter4-CodeIgniter4-202f41a\system\View\View.php(210): include('C:\\Users\\Marina...')
#2 C:\Users\Marina Fernandes\Desktop\codeignier 2\codeigniter4-CodeIgniter4-202f41a\system\View\View.php(213): CodeIgniter\View\View->CodeIgniter\View\{closure}()
#3 C:\Users\Marina Fernandes\Desktop\codeignier 2\codeigniter4-CodeIgniter4-202f41a\system\Common.php(1089): CodeIgniter\View\View->render('common/headerUs...', Array, true)
#4 C:\Users\Marina Fernandes\Desktop\codeignier 2\codeigniter4-CodeIgniter4-202f41a\app\Controllers\Home.php(23): view('common/headerUs...')
#5 C:\Users\Marina Fernandes\Desktop\codeignier 2\codeigniter4-CodeIgniter4-202f41a\system\CodeIgniter.php(832): App\Controllers\Home->error()
#6 C:\Users\Marina Fernandes\Desktop\codeignier 2\codeigniter4-CodeIgniter4-202f41a\system\CodeIgniter.php(419): CodeIgniter\CodeIgniter->runController(Object(App\Controllers\Home))
#7 C:\Users\Marina Fernandes\Desktop\codeignier 2\codeigniter4-CodeIgniter4-202f41a\system\CodeIgniter.php(326): CodeIgniter\CodeIgniter->handleRequest(NULL, Object(Config\Cache), false)
#8 C:\Users\Marina Fernandes\Desktop\codeignier 2\codeigniter4-CodeIgniter4-202f41a\public\index.php(37): CodeIgniter\CodeIgniter->run()
#9 C:\Users\Marina Fernandes\Desktop\codeignier 2\codeigniter4-CodeIgniter4-202f41a\system\Commands\Server\rewrite.php(43): require_once('C:\\Users\\Marina...')
#10 {main}
CRITICAL - 2022-05-31 21:16:16 --> Undefined variable: contac
#0 C:\Users\Marina Fernandes\Desktop\codeignier 2\codeigniter4-CodeIgniter4-202f41a\app\Views\common\headerUser.php(14): CodeIgniter\Debug\Exceptions->errorHandler(8, 'Undefined varia...', 'C:\\Users\\Marina...', 14, Array)
#1 C:\Users\Marina Fernandes\Desktop\codeignier 2\codeigniter4-CodeIgniter4-202f41a\system\View\View.php(210): include('C:\\Users\\Marina...')
#2 C:\Users\Marina Fernandes\Desktop\codeignier 2\codeigniter4-CodeIgniter4-202f41a\system\View\View.php(213): CodeIgniter\View\View->CodeIgniter\View\{closure}()
#3 C:\Users\Marina Fernandes\Desktop\codeignier 2\codeigniter4-CodeIgniter4-202f41a\system\Common.php(1089): CodeIgniter\View\View->render('common/headerUs...', Array, true)
#4 C:\Users\Marina Fernandes\Desktop\codeignier 2\codeigniter4-CodeIgniter4-202f41a\app\Controllers\Home.php(23): view('common/headerUs...')
#5 C:\Users\Marina Fernandes\Desktop\codeignier 2\codeigniter4-CodeIgniter4-202f41a\system\CodeIgniter.php(832): App\Controllers\Home->error()
#6 C:\Users\Marina Fernandes\Desktop\codeignier 2\codeigniter4-CodeIgniter4-202f41a\system\CodeIgniter.php(419): CodeIgniter\CodeIgniter->runController(Object(App\Controllers\Home))
#7 C:\Users\Marina Fernandes\Desktop\codeignier 2\codeigniter4-CodeIgniter4-202f41a\system\CodeIgniter.php(326): CodeIgniter\CodeIgniter->handleRequest(NULL, Object(Config\Cache), false)
#8 C:\Users\Marina Fernandes\Desktop\codeignier 2\codeigniter4-CodeIgniter4-202f41a\public\index.php(37): CodeIgniter\CodeIgniter->run()
#9 C:\Users\Marina Fernandes\Desktop\codeignier 2\codeigniter4-CodeIgniter4-202f41a\system\Commands\Server\rewrite.php(43): require_once('C:\\Users\\Marina...')
#10 {main}
CRITICAL - 2022-05-31 21:19:10 --> Call to undefined function App\Controllers\toString()
#0 C:\Users\Marina Fernandes\Desktop\codeignier 2\codeigniter4-CodeIgniter4-202f41a\system\CodeIgniter.php(832): App\Controllers\Home->insertpagamento()
#1 C:\Users\Marina Fernandes\Desktop\codeignier 2\codeigniter4-CodeIgniter4-202f41a\system\CodeIgniter.php(419): CodeIgniter\CodeIgniter->runController(Object(App\Controllers\Home))
#2 C:\Users\Marina Fernandes\Desktop\codeignier 2\codeigniter4-CodeIgniter4-202f41a\system\CodeIgniter.php(326): CodeIgniter\CodeIgniter->handleRequest(NULL, Object(Config\Cache), false)
#3 C:\Users\Marina Fernandes\Desktop\codeignier 2\codeigniter4-CodeIgniter4-202f41a\public\index.php(37): CodeIgniter\CodeIgniter->run()
#4 C:\Users\Marina Fernandes\Desktop\codeignier 2\codeigniter4-CodeIgniter4-202f41a\system\Commands\Server\rewrite.php(43): require_once('C:\\Users\\Marina...')
#5 {main}
CRITICAL - 2022-05-31 21:22:35 --> number_format() expects parameter 1 to be float, array given
#0 [internal function]: CodeIgniter\Debug\Exceptions->errorHandler(2, 'number_format()...', 'C:\\Users\\Marina...', 819, Array)
#1 C:\Users\Marina Fernandes\Desktop\codeignier 2\codeigniter4-CodeIgniter4-202f41a\app\Controllers\Home.php(819): number_format(Array, 2)
#2 C:\Users\Marina Fernandes\Desktop\codeignier 2\codeigniter4-CodeIgniter4-202f41a\system\CodeIgniter.php(832): App\Controllers\Home->insertpagamento()
#3 C:\Users\Marina Fernandes\Desktop\codeignier 2\codeigniter4-CodeIgniter4-202f41a\system\CodeIgniter.php(419): CodeIgniter\CodeIgniter->runController(Object(App\Controllers\Home))
#4 C:\Users\Marina Fernandes\Desktop\codeignier 2\codeigniter4-CodeIgniter4-202f41a\system\CodeIgniter.php(326): CodeIgniter\CodeIgniter->handleRequest(NULL, Object(Config\Cache), false)
#5 C:\Users\Marina Fernandes\Desktop\codeignier 2\codeigniter4-CodeIgniter4-202f41a\public\index.php(37): CodeIgniter\CodeIgniter->run()
#6 C:\Users\Marina Fernandes\Desktop\codeignier 2\codeigniter4-CodeIgniter4-202f41a\system\Commands\Server\rewrite.php(43): require_once('C:\\Users\\Marina...')
#7 {main}
CRITICAL - 2022-05-31 21:28:44 --> Undefined variable: contac
#0 C:\Users\Marina Fernandes\Desktop\codeignier 2\codeigniter4-CodeIgniter4-202f41a\app\Views\common\headerUser.php(14): CodeIgniter\Debug\Exceptions->errorHandler(8, 'Undefined varia...', 'C:\\Users\\Marina...', 14, Array)
#1 C:\Users\Marina Fernandes\Desktop\codeignier 2\codeigniter4-CodeIgniter4-202f41a\system\View\View.php(210): include('C:\\Users\\Marina...')
#2 C:\Users\Marina Fernandes\Desktop\codeignier 2\codeigniter4-CodeIgniter4-202f41a\system\View\View.php(213): CodeIgniter\View\View->CodeIgniter\View\{closure}()
#3 C:\Users\Marina Fernandes\Desktop\codeignier 2\codeigniter4-CodeIgniter4-202f41a\system\Common.php(1089): CodeIgniter\View\View->render('common/headerUs...', Array, true)
#4 C:\Users\Marina Fernandes\Desktop\codeignier 2\codeigniter4-CodeIgniter4-202f41a\app\Controllers\Home.php(23): view('common/headerUs...')
#5 C:\Users\Marina Fernandes\Desktop\codeignier 2\codeigniter4-CodeIgniter4-202f41a\system\CodeIgniter.php(832): App\Controllers\Home->error()
#6 C:\Users\Marina Fernandes\Desktop\codeignier 2\codeigniter4-CodeIgniter4-202f41a\system\CodeIgniter.php(419): CodeIgniter\CodeIgniter->runController(Object(App\Controllers\Home))
#7 C:\Users\Marina Fernandes\Desktop\codeignier 2\codeigniter4-CodeIgniter4-202f41a\system\CodeIgniter.php(326): CodeIgniter\CodeIgniter->handleRequest(NULL, Object(Config\Cache), false)
#8 C:\Users\Marina Fernandes\Desktop\codeignier 2\codeigniter4-CodeIgniter4-202f41a\public\index.php(37): CodeIgniter\CodeIgniter->run()
#9 C:\Users\Marina Fernandes\Desktop\codeignier 2\codeigniter4-CodeIgniter4-202f41a\system\Commands\Server\rewrite.php(43): require_once('C:\\Users\\Marina...')
#10 {main}
CRITICAL - 2022-05-31 21:29:22 --> Undefined variable: contac
#0 C:\Users\Marina Fernandes\Desktop\codeignier 2\codeigniter4-CodeIgniter4-202f41a\app\Views\common\headerUser.php(14): CodeIgniter\Debug\Exceptions->errorHandler(8, 'Undefined varia...', 'C:\\Users\\Marina...', 14, Array)
#1 C:\Users\Marina Fernandes\Desktop\codeignier 2\codeigniter4-CodeIgniter4-202f41a\system\View\View.php(210): include('C:\\Users\\Marina...')
#2 C:\Users\Marina Fernandes\Desktop\codeignier 2\codeigniter4-CodeIgniter4-202f41a\system\View\View.php(213): CodeIgniter\View\View->CodeIgniter\View\{closure}()
#3 C:\Users\Marina Fernandes\Desktop\codeignier 2\codeigniter4-CodeIgniter4-202f41a\system\Common.php(1089): CodeIgniter\View\View->render('common/headerUs...', Array, true)
#4 C:\Users\Marina Fernandes\Desktop\codeignier 2\codeigniter4-CodeIgniter4-202f41a\app\Controllers\Home.php(23): view('common/headerUs...')
#5 C:\Users\Marina Fernandes\Desktop\codeignier 2\codeigniter4-CodeIgniter4-202f41a\system\CodeIgniter.php(832): App\Controllers\Home->error()
#6 C:\Users\Marina Fernandes\Desktop\codeignier 2\codeigniter4-CodeIgniter4-202f41a\system\CodeIgniter.php(419): CodeIgniter\CodeIgniter->runController(Object(App\Controllers\Home))
#7 C:\Users\Marina Fernandes\Desktop\codeignier 2\codeigniter4-CodeIgniter4-202f41a\system\CodeIgniter.php(326): CodeIgniter\CodeIgniter->handleRequest(NULL, Object(Config\Cache), false)
#8 C:\Users\Marina Fernandes\Desktop\codeignier 2\codeigniter4-CodeIgniter4-202f41a\public\index.php(37): CodeIgniter\CodeIgniter->run()
#9 C:\Users\Marina Fernandes\Desktop\codeignier 2\codeigniter4-CodeIgniter4-202f41a\system\Commands\Server\rewrite.php(43): require_once('C:\\Users\\Marina...')
#10 {main}
CRITICAL - 2022-05-31 21:29:52 --> Undefined variable: contac
#0 C:\Users\Marina Fernandes\Desktop\codeignier 2\codeigniter4-CodeIgniter4-202f41a\app\Views\common\headerUser.php(14): CodeIgniter\Debug\Exceptions->errorHandler(8, 'Undefined varia...', 'C:\\Users\\Marina...', 14, Array)
#1 C:\Users\Marina Fernandes\Desktop\codeignier 2\codeigniter4-CodeIgniter4-202f41a\system\View\View.php(210): include('C:\\Users\\Marina...')
#2 C:\Users\Marina Fernandes\Desktop\codeignier 2\codeigniter4-CodeIgniter4-202f41a\system\View\View.php(213): CodeIgniter\View\View->CodeIgniter\View\{closure}()
#3 C:\Users\Marina Fernandes\Desktop\codeignier 2\codeigniter4-CodeIgniter4-202f41a\system\Common.php(1089): CodeIgniter\View\View->render('common/headerUs...', Array, true)
#4 C:\Users\Marina Fernandes\Desktop\codeignier 2\codeigniter4-CodeIgniter4-202f41a\app\Controllers\Home.php(23): view('common/headerUs...')
#5 C:\Users\Marina Fernandes\Desktop\codeignier 2\codeigniter4-CodeIgniter4-202f41a\system\CodeIgniter.php(832): App\Controllers\Home->error()
#6 C:\Users\Marina Fernandes\Desktop\codeignier 2\codeigniter4-CodeIgniter4-202f41a\system\CodeIgniter.php(419): CodeIgniter\CodeIgniter->runController(Object(App\Controllers\Home))
#7 C:\Users\Marina Fernandes\Desktop\codeignier 2\codeigniter4-CodeIgniter4-202f41a\system\CodeIgniter.php(326): CodeIgniter\CodeIgniter->handleRequest(NULL, Object(Config\Cache), false)
#8 C:\Users\Marina Fernandes\Desktop\codeignier 2\codeigniter4-CodeIgniter4-202f41a\public\index.php(37): CodeIgniter\CodeIgniter->run()
#9 C:\Users\Marina Fernandes\Desktop\codeignier 2\codeigniter4-CodeIgniter4-202f41a\system\Commands\Server\rewrite.php(43): require_once('C:\\Users\\Marina...')
#10 {main}
CRITICAL - 2022-05-31 22:09:20 --> A non-numeric value encountered
#0 C:\Users\Marina Fernandes\Desktop\codeignier 2\codeigniter4-CodeIgniter4-202f41a\app\Controllers\Home.php(820): CodeIgniter\Debug\Exceptions->errorHandler(2, 'A non-numeric v...', 'C:\\Users\\Marina...', 820, Array)
#1 C:\Users\Marina Fernandes\Desktop\codeignier 2\codeigniter4-CodeIgniter4-202f41a\system\CodeIgniter.php(832): App\Controllers\Home->insertpagamento()
#2 C:\Users\Marina Fernandes\Desktop\codeignier 2\codeigniter4-CodeIgniter4-202f41a\system\CodeIgniter.php(419): CodeIgniter\CodeIgniter->runController(Object(App\Controllers\Home))
#3 C:\Users\Marina Fernandes\Desktop\codeignier 2\codeigniter4-CodeIgniter4-202f41a\system\CodeIgniter.php(326): CodeIgniter\CodeIgniter->handleRequest(NULL, Object(Config\Cache), false)
#4 C:\Users\Marina Fernandes\Desktop\codeignier 2\codeigniter4-CodeIgniter4-202f41a\public\index.php(37): CodeIgniter\CodeIgniter->run()
#5 C:\Users\Marina Fernandes\Desktop\codeignier 2\codeigniter4-CodeIgniter4-202f41a\system\Commands\Server\rewrite.php(43): require_once('C:\\Users\\Marina...')
#6 {main}
CRITICAL - 2022-05-31 22:10:55 --> Undefined property: App\Controllers\Home::$uri
#0 C:\Users\Marina Fernandes\Desktop\codeignier 2\codeigniter4-CodeIgniter4-202f41a\app\Controllers\Home.php(820): CodeIgniter\Debug\Exceptions->errorHandler(8, 'Undefined prope...', 'C:\\Users\\Marina...', 820, Array)
#1 C:\Users\Marina Fernandes\Desktop\codeignier 2\codeigniter4-CodeIgniter4-202f41a\system\CodeIgniter.php(832): App\Controllers\Home->insertpagamento()
#2 C:\Users\Marina Fernandes\Desktop\codeignier 2\codeigniter4-CodeIgniter4-202f41a\system\CodeIgniter.php(419): CodeIgniter\CodeIgniter->runController(Object(App\Controllers\Home))
#3 C:\Users\Marina Fernandes\Desktop\codeignier 2\codeigniter4-CodeIgniter4-202f41a\system\CodeIgniter.php(326): CodeIgniter\CodeIgniter->handleRequest(NULL, Object(Config\Cache), false)
#4 C:\Users\Marina Fernandes\Desktop\codeignier 2\codeigniter4-CodeIgniter4-202f41a\public\index.php(37): CodeIgniter\CodeIgniter->run()
#5 C:\Users\Marina Fernandes\Desktop\codeignier 2\codeigniter4-CodeIgniter4-202f41a\system\Commands\Server\rewrite.php(43): require_once('C:\\Users\\Marina...')
#6 {main}
CRITICAL - 2022-05-31 22:11:14 -->  route cannot be found while reverse-routing.
#0 C:\Users\Marina Fernandes\Desktop\codeignier 2\codeigniter4-CodeIgniter4-202f41a\system\HTTP\RedirectResponse.php(56): CodeIgniter\HTTP\Exceptions\HTTPException::forInvalidRedirectRoute('')
#1 C:\Users\Marina Fernandes\Desktop\codeignier 2\codeigniter4-CodeIgniter4-202f41a\system\Common.php(832): CodeIgniter\HTTP\RedirectResponse->route(false)
#2 C:\Users\Marina Fernandes\Desktop\codeignier 2\codeigniter4-CodeIgniter4-202f41a\app\Controllers\Home.php(820): redirect('http://localhos...')
#3 C:\Users\Marina Fernandes\Desktop\codeignier 2\codeigniter4-CodeIgniter4-202f41a\system\CodeIgniter.php(832): App\Controllers\Home->insertpagamento()
#4 C:\Users\Marina Fernandes\Desktop\codeignier 2\codeigniter4-CodeIgniter4-202f41a\system\CodeIgniter.php(419): CodeIgniter\CodeIgniter->runController(Object(App\Controllers\Home))
#5 C:\Users\Marina Fernandes\Desktop\codeignier 2\codeigniter4-CodeIgniter4-202f41a\system\CodeIgniter.php(326): CodeIgniter\CodeIgniter->handleRequest(NULL, Object(Config\Cache), false)
#6 C:\Users\Marina Fernandes\Desktop\codeignier 2\codeigniter4-CodeIgniter4-202f41a\public\index.php(37): CodeIgniter\CodeIgniter->run()
#7 C:\Users\Marina Fernandes\Desktop\codeignier 2\codeigniter4-CodeIgniter4-202f41a\system\Commands\Server\rewrite.php(43): require_once('C:\\Users\\Marina...')
#8 {main}
CRITICAL - 2022-05-31 22:11:24 -->  route cannot be found while reverse-routing.
#0 C:\Users\Marina Fernandes\Desktop\codeignier 2\codeigniter4-CodeIgniter4-202f41a\system\HTTP\RedirectResponse.php(56): CodeIgniter\HTTP\Exceptions\HTTPException::forInvalidRedirectRoute('')
#1 C:\Users\Marina Fernandes\Desktop\codeignier 2\codeigniter4-CodeIgniter4-202f41a\system\Common.php(832): CodeIgniter\HTTP\RedirectResponse->route(false)
#2 C:\Users\Marina Fernandes\Desktop\codeignier 2\codeigniter4-CodeIgniter4-202f41a\app\Controllers\Home.php(820): redirect('http://localhos...')
#3 C:\Users\Marina Fernandes\Desktop\codeignier 2\codeigniter4-CodeIgniter4-202f41a\system\CodeIgniter.php(832): App\Controllers\Home->insertpagamento()
#4 C:\Users\Marina Fernandes\Desktop\codeignier 2\codeigniter4-CodeIgniter4-202f41a\system\CodeIgniter.php(419): CodeIgniter\CodeIgniter->runController(Object(App\Controllers\Home))
#5 C:\Users\Marina Fernandes\Desktop\codeignier 2\codeigniter4-CodeIgniter4-202f41a\system\CodeIgniter.php(326): CodeIgniter\CodeIgniter->handleRequest(NULL, Object(Config\Cache), false)
#6 C:\Users\Marina Fernandes\Desktop\codeignier 2\codeigniter4-CodeIgniter4-202f41a\public\index.php(37): CodeIgniter\CodeIgniter->run()
#7 C:\Users\Marina Fernandes\Desktop\codeignier 2\codeigniter4-CodeIgniter4-202f41a\system\Commands\Server\rewrite.php(43): require_once('C:\\Users\\Marina...')
#8 {main}
CRITICAL - 2022-05-31 22:12:45 -->  route cannot be found while reverse-routing.
#0 C:\Users\Marina Fernandes\Desktop\codeignier 2\codeigniter4-CodeIgniter4-202f41a\system\HTTP\RedirectResponse.php(56): CodeIgniter\HTTP\Exceptions\HTTPException::forInvalidRedirectRoute('')
#1 C:\Users\Marina Fernandes\Desktop\codeignier 2\codeigniter4-CodeIgniter4-202f41a\system\Common.php(832): CodeIgniter\HTTP\RedirectResponse->route(false)
#2 C:\Users\Marina Fernandes\Desktop\codeignier 2\codeigniter4-CodeIgniter4-202f41a\app\Controllers\Home.php(821): redirect('http://localhos...', 'refresh')
#3 C:\Users\Marina Fernandes\Desktop\codeignier 2\codeigniter4-CodeIgniter4-202f41a\system\CodeIgniter.php(832): App\Controllers\Home->insertpagamento()
#4 C:\Users\Marina Fernandes\Desktop\codeignier 2\codeigniter4-CodeIgniter4-202f41a\system\CodeIgniter.php(419): CodeIgniter\CodeIgniter->runController(Object(App\Controllers\Home))
#5 C:\Users\Marina Fernandes\Desktop\codeignier 2\codeigniter4-CodeIgniter4-202f41a\system\CodeIgniter.php(326): CodeIgniter\CodeIgniter->handleRequest(NULL, Object(Config\Cache), false)
#6 C:\Users\Marina Fernandes\Desktop\codeignier 2\codeigniter4-CodeIgniter4-202f41a\public\index.php(37): CodeIgniter\CodeIgniter->run()
#7 C:\Users\Marina Fernandes\Desktop\codeignier 2\codeigniter4-CodeIgniter4-202f41a\system\Commands\Server\rewrite.php(43): require_once('C:\\Users\\Marina...')
#8 {main}
CRITICAL - 2022-05-31 22:15:02 -->  route cannot be found while reverse-routing.
#0 C:\Users\Marina Fernandes\Desktop\codeignier 2\codeigniter4-CodeIgniter4-202f41a\system\HTTP\RedirectResponse.php(56): CodeIgniter\HTTP\Exceptions\HTTPException::forInvalidRedirectRoute('')
#1 C:\Users\Marina Fernandes\Desktop\codeignier 2\codeigniter4-CodeIgniter4-202f41a\system\Common.php(832): CodeIgniter\HTTP\RedirectResponse->route(false)
#2 C:\Users\Marina Fernandes\Desktop\codeignier 2\codeigniter4-CodeIgniter4-202f41a\app\Controllers\Home.php(822): redirect('http://localhos...', 'refresh')
#3 C:\Users\Marina Fernandes\Desktop\codeignier 2\codeigniter4-CodeIgniter4-202f41a\system\CodeIgniter.php(832): App\Controllers\Home->insertpagamento()
#4 C:\Users\Marina Fernandes\Desktop\codeignier 2\codeigniter4-CodeIgniter4-202f41a\system\CodeIgniter.php(419): CodeIgniter\CodeIgniter->runController(Object(App\Controllers\Home))
#5 C:\Users\Marina Fernandes\Desktop\codeignier 2\codeigniter4-CodeIgniter4-202f41a\system\CodeIgniter.php(326): CodeIgniter\CodeIgniter->handleRequest(NULL, Object(Config\Cache), false)
#6 C:\Users\Marina Fernandes\Desktop\codeignier 2\codeigniter4-CodeIgniter4-202f41a\public\index.php(37): CodeIgniter\CodeIgniter->run()
#7 C:\Users\Marina Fernandes\Desktop\codeignier 2\codeigniter4-CodeIgniter4-202f41a\system\Commands\Server\rewrite.php(43): require_once('C:\\Users\\Marina...')
#8 {main}
CRITICAL - 2022-05-31 22:16:28 -->  route cannot be found while reverse-routing.
#0 C:\Users\Marina Fernandes\Desktop\codeignier 2\codeigniter4-CodeIgniter4-202f41a\system\HTTP\RedirectResponse.php(56): CodeIgniter\HTTP\Exceptions\HTTPException::forInvalidRedirectRoute('')
#1 C:\Users\Marina Fernandes\Desktop\codeignier 2\codeigniter4-CodeIgniter4-202f41a\system\Common.php(832): CodeIgniter\HTTP\RedirectResponse->route(false)
#2 C:\Users\Marina Fernandes\Desktop\codeignier 2\codeigniter4-CodeIgniter4-202f41a\app\Controllers\Home.php(821): redirect('http://localhos...')
#3 C:\Users\Marina Fernandes\Desktop\codeignier 2\codeigniter4-CodeIgniter4-202f41a\system\CodeIgniter.php(832): App\Controllers\Home->insertpagamento()
#4 C:\Users\Marina Fernandes\Desktop\codeignier 2\codeigniter4-CodeIgniter4-202f41a\system\CodeIgniter.php(419): CodeIgniter\CodeIgniter->runController(Object(App\Controllers\Home))
#5 C:\Users\Marina Fernandes\Desktop\codeignier 2\codeigniter4-CodeIgniter4-202f41a\system\CodeIgniter.php(326): CodeIgniter\CodeIgniter->handleRequest(NULL, Object(Config\Cache), false)
#6 C:\Users\Marina Fernandes\Desktop\codeignier 2\codeigniter4-CodeIgniter4-202f41a\public\index.php(37): CodeIgniter\CodeIgniter->run()
#7 C:\Users\Marina Fernandes\Desktop\codeignier 2\codeigniter4-CodeIgniter4-202f41a\system\Commands\Server\rewrite.php(43): require_once('C:\\Users\\Marina...')
#8 {main}
CRITICAL - 2022-05-31 22:25:00 --> Undefined index: username
#0 C:\Users\Marina Fernandes\Desktop\codeignier 2\codeigniter4-CodeIgniter4-202f41a\app\Controllers\Home.php(37): CodeIgniter\Debug\Exceptions->errorHandler(8, 'Undefined index...', 'C:\\Users\\Marina...', 37, Array)
#1 C:\Users\Marina Fernandes\Desktop\codeignier 2\codeigniter4-CodeIgniter4-202f41a\system\CodeIgniter.php(832): App\Controllers\Home->menu()
#2 C:\Users\Marina Fernandes\Desktop\codeignier 2\codeigniter4-CodeIgniter4-202f41a\system\CodeIgniter.php(419): CodeIgniter\CodeIgniter->runController(Object(App\Controllers\Home))
#3 C:\Users\Marina Fernandes\Desktop\codeignier 2\codeigniter4-CodeIgniter4-202f41a\system\CodeIgniter.php(326): CodeIgniter\CodeIgniter->handleRequest(NULL, Object(Config\Cache), false)
#4 C:\Users\Marina Fernandes\Desktop\codeignier 2\codeigniter4-CodeIgniter4-202f41a\public\index.php(37): CodeIgniter\CodeIgniter->run()
#5 C:\Users\Marina Fernandes\Desktop\codeignier 2\codeigniter4-CodeIgniter4-202f41a\system\Commands\Server\rewrite.php(43): require_once('C:\\Users\\Marina...')
#6 {main}
CRITICAL - 2022-05-31 22:25:00 --> Undefined index: username
#0 C:\Users\Marina Fernandes\Desktop\codeignier 2\codeigniter4-CodeIgniter4-202f41a\app\Controllers\Home.php(37): CodeIgniter\Debug\Exceptions->errorHandler(8, 'Undefined index...', 'C:\\Users\\Marina...', 37, Array)
#1 C:\Users\Marina Fernandes\Desktop\codeignier 2\codeigniter4-CodeIgniter4-202f41a\system\CodeIgniter.php(832): App\Controllers\Home->menu()
#2 C:\Users\Marina Fernandes\Desktop\codeignier 2\codeigniter4-CodeIgniter4-202f41a\system\CodeIgniter.php(419): CodeIgniter\CodeIgniter->runController(Object(App\Controllers\Home))
#3 C:\Users\Marina Fernandes\Desktop\codeignier 2\codeigniter4-CodeIgniter4-202f41a\system\CodeIgniter.php(326): CodeIgniter\CodeIgniter->handleRequest(NULL, Object(Config\Cache), false)
#4 C:\Users\Marina Fernandes\Desktop\codeignier 2\codeigniter4-CodeIgniter4-202f41a\public\index.php(37): CodeIgniter\CodeIgniter->run()
#5 C:\Users\Marina Fernandes\Desktop\codeignier 2\codeigniter4-CodeIgniter4-202f41a\system\Commands\Server\rewrite.php(43): require_once('C:\\Users\\Marina...')
#6 {main}
