CRITICAL - 2022-05-06 07:20:53 --> Undefined variable: orders
#0 C:\Users\Marina Fernandes\Desktop\codeigniter marina\codeigniter4-CodeIgniter4-202f41a\app\Views\ordersView.php(19): CodeIgniter\Debug\Exceptions->errorHandler(8, 'Undefined varia...', 'C:\\Users\\Marina...', 19, Array)
#1 C:\Users\Marina Fernandes\Desktop\codeigniter marina\codeigniter4-CodeIgniter4-202f41a\system\View\View.php(210): include('C:\\Users\\Marina...')
#2 C:\Users\Marina Fernandes\Desktop\codeigniter marina\codeigniter4-CodeIgniter4-202f41a\system\View\View.php(213): CodeIgniter\View\View->CodeIgniter\View\{closure}()
#3 C:\Users\Marina Fernandes\Desktop\codeigniter marina\codeigniter4-CodeIgniter4-202f41a\system\Common.php(1089): CodeIgniter\View\View->render('ordersView', Array, true)
#4 C:\Users\Marina Fernandes\Desktop\codeigniter marina\codeigniter4-CodeIgniter4-202f41a\app\Controllers\Home.php(67): view('ordersView', Array)
#5 C:\Users\Marina Fernandes\Desktop\codeigniter marina\codeigniter4-CodeIgniter4-202f41a\system\CodeIgniter.php(832): App\Controllers\Home->ordersview()
#6 C:\Users\Marina Fernandes\Desktop\codeigniter marina\codeigniter4-CodeIgniter4-202f41a\system\CodeIgniter.php(419): CodeIgniter\CodeIgniter->runController(Object(App\Controllers\Home))
#7 C:\Users\Marina Fernandes\Desktop\codeigniter marina\codeigniter4-CodeIgniter4-202f41a\system\CodeIgniter.php(326): CodeIgniter\CodeIgniter->handleRequest(NULL, Object(Config\Cache), false)
#8 C:\Users\Marina Fernandes\Desktop\codeigniter marina\codeigniter4-CodeIgniter4-202f41a\public\index.php(37): CodeIgniter\CodeIgniter->run()
#9 C:\Users\Marina Fernandes\Desktop\codeigniter marina\codeigniter4-CodeIgniter4-202f41a\system\Commands\Server\rewrite.php(43): require_once('C:\\Users\\Marina...')
#10 {main}
CRITICAL - 2022-05-06 07:25:32 --> Undefined index: id
#0 C:\Users\Marina Fernandes\Desktop\codeigniter marina\codeigniter4-CodeIgniter4-202f41a\app\Views\ordersView.php(28): CodeIgniter\Debug\Exceptions->errorHandler(8, 'Undefined index...', 'C:\\Users\\Marina...', 28, Array)
#1 C:\Users\Marina Fernandes\Desktop\codeigniter marina\codeigniter4-CodeIgniter4-202f41a\system\View\View.php(210): include('C:\\Users\\Marina...')
#2 C:\Users\Marina Fernandes\Desktop\codeigniter marina\codeigniter4-CodeIgniter4-202f41a\system\View\View.php(213): CodeIgniter\View\View->CodeIgniter\View\{closure}()
#3 C:\Users\Marina Fernandes\Desktop\codeigniter marina\codeigniter4-CodeIgniter4-202f41a\system\Common.php(1089): CodeIgniter\View\View->render('ordersView', Array, true)
#4 C:\Users\Marina Fernandes\Desktop\codeigniter marina\codeigniter4-CodeIgniter4-202f41a\app\Controllers\Home.php(67): view('ordersView', Array)
#5 C:\Users\Marina Fernandes\Desktop\codeigniter marina\codeigniter4-CodeIgniter4-202f41a\system\CodeIgniter.php(832): App\Controllers\Home->ordersview()
#6 C:\Users\Marina Fernandes\Desktop\codeigniter marina\codeigniter4-CodeIgniter4-202f41a\system\CodeIgniter.php(419): CodeIgniter\CodeIgniter->runController(Object(App\Controllers\Home))
#7 C:\Users\Marina Fernandes\Desktop\codeigniter marina\codeigniter4-CodeIgniter4-202f41a\system\CodeIgniter.php(326): CodeIgniter\CodeIgniter->handleRequest(NULL, Object(Config\Cache), false)
#8 C:\Users\Marina Fernandes\Desktop\codeigniter marina\codeigniter4-CodeIgniter4-202f41a\public\index.php(37): CodeIgniter\CodeIgniter->run()
#9 C:\Users\Marina Fernandes\Desktop\codeigniter marina\codeigniter4-CodeIgniter4-202f41a\system\Commands\Server\rewrite.php(43): require_once('C:\\Users\\Marina...')
#10 {main}
CRITICAL - 2022-05-06 07:36:50 --> Undefined index: id
#0 C:\Users\Marina Fernandes\Desktop\codeigniter marina\codeigniter4-CodeIgniter4-202f41a\app\Views\ordersView.php(36): CodeIgniter\Debug\Exceptions->errorHandler(8, 'Undefined index...', 'C:\\Users\\Marina...', 36, Array)
#1 C:\Users\Marina Fernandes\Desktop\codeigniter marina\codeigniter4-CodeIgniter4-202f41a\system\View\View.php(210): include('C:\\Users\\Marina...')
#2 C:\Users\Marina Fernandes\Desktop\codeigniter marina\codeigniter4-CodeIgniter4-202f41a\system\View\View.php(213): CodeIgniter\View\View->CodeIgniter\View\{closure}()
#3 C:\Users\Marina Fernandes\Desktop\codeigniter marina\codeigniter4-CodeIgniter4-202f41a\system\Common.php(1089): CodeIgniter\View\View->render('ordersView', Array, true)
#4 C:\Users\Marina Fernandes\Desktop\codeigniter marina\codeigniter4-CodeIgniter4-202f41a\app\Controllers\Home.php(67): view('ordersView', Array)
#5 C:\Users\Marina Fernandes\Desktop\codeigniter marina\codeigniter4-CodeIgniter4-202f41a\system\CodeIgniter.php(832): App\Controllers\Home->ordersview()
#6 C:\Users\Marina Fernandes\Desktop\codeigniter marina\codeigniter4-CodeIgniter4-202f41a\system\CodeIgniter.php(419): CodeIgniter\CodeIgniter->runController(Object(App\Controllers\Home))
#7 C:\Users\Marina Fernandes\Desktop\codeigniter marina\codeigniter4-CodeIgniter4-202f41a\system\CodeIgniter.php(326): CodeIgniter\CodeIgniter->handleRequest(NULL, Object(Config\Cache), false)
#8 C:\Users\Marina Fernandes\Desktop\codeigniter marina\codeigniter4-CodeIgniter4-202f41a\public\index.php(37): CodeIgniter\CodeIgniter->run()
#9 C:\Users\Marina Fernandes\Desktop\codeigniter marina\codeigniter4-CodeIgniter4-202f41a\system\Commands\Server\rewrite.php(43): require_once('C:\\Users\\Marina...')
#10 {main}
CRITICAL - 2022-05-06 07:44:19 --> Undefined index: nome
#0 C:\Users\Marina Fernandes\Desktop\codeigniter marina\codeigniter4-CodeIgniter4-202f41a\app\Views\ordersView.php(28): CodeIgniter\Debug\Exceptions->errorHandler(8, 'Undefined index...', 'C:\\Users\\Marina...', 28, Array)
#1 C:\Users\Marina Fernandes\Desktop\codeigniter marina\codeigniter4-CodeIgniter4-202f41a\system\View\View.php(210): include('C:\\Users\\Marina...')
#2 C:\Users\Marina Fernandes\Desktop\codeigniter marina\codeigniter4-CodeIgniter4-202f41a\system\View\View.php(213): CodeIgniter\View\View->CodeIgniter\View\{closure}()
#3 C:\Users\Marina Fernandes\Desktop\codeigniter marina\codeigniter4-CodeIgniter4-202f41a\system\Common.php(1089): CodeIgniter\View\View->render('ordersView', Array, true)
#4 C:\Users\Marina Fernandes\Desktop\codeigniter marina\codeigniter4-CodeIgniter4-202f41a\app\Controllers\Home.php(67): view('ordersView', Array)
#5 C:\Users\Marina Fernandes\Desktop\codeigniter marina\codeigniter4-CodeIgniter4-202f41a\system\CodeIgniter.php(832): App\Controllers\Home->ordersview()
#6 C:\Users\Marina Fernandes\Desktop\codeigniter marina\codeigniter4-CodeIgniter4-202f41a\system\CodeIgniter.php(419): CodeIgniter\CodeIgniter->runController(Object(App\Controllers\Home))
#7 C:\Users\Marina Fernandes\Desktop\codeigniter marina\codeigniter4-CodeIgniter4-202f41a\system\CodeIgniter.php(326): CodeIgniter\CodeIgniter->handleRequest(NULL, Object(Config\Cache), false)
#8 C:\Users\Marina Fernandes\Desktop\codeigniter marina\codeigniter4-CodeIgniter4-202f41a\public\index.php(37): CodeIgniter\CodeIgniter->run()
#9 C:\Users\Marina Fernandes\Desktop\codeigniter marina\codeigniter4-CodeIgniter4-202f41a\system\Commands\Server\rewrite.php(43): require_once('C:\\Users\\Marina...')
#10 {main}
CRITICAL - 2022-05-06 07:45:07 --> Undefined index: nome
#0 C:\Users\Marina Fernandes\Desktop\codeigniter marina\codeigniter4-CodeIgniter4-202f41a\app\Views\ordersView.php(28): CodeIgniter\Debug\Exceptions->errorHandler(8, 'Undefined index...', 'C:\\Users\\Marina...', 28, Array)
#1 C:\Users\Marina Fernandes\Desktop\codeigniter marina\codeigniter4-CodeIgniter4-202f41a\system\View\View.php(210): include('C:\\Users\\Marina...')
#2 C:\Users\Marina Fernandes\Desktop\codeigniter marina\codeigniter4-CodeIgniter4-202f41a\system\View\View.php(213): CodeIgniter\View\View->CodeIgniter\View\{closure}()
#3 C:\Users\Marina Fernandes\Desktop\codeigniter marina\codeigniter4-CodeIgniter4-202f41a\system\Common.php(1089): CodeIgniter\View\View->render('ordersView', Array, true)
#4 C:\Users\Marina Fernandes\Desktop\codeigniter marina\codeigniter4-CodeIgniter4-202f41a\app\Controllers\Home.php(67): view('ordersView', Array)
#5 C:\Users\Marina Fernandes\Desktop\codeigniter marina\codeigniter4-CodeIgniter4-202f41a\system\CodeIgniter.php(832): App\Controllers\Home->ordersview()
#6 C:\Users\Marina Fernandes\Desktop\codeigniter marina\codeigniter4-CodeIgniter4-202f41a\system\CodeIgniter.php(419): CodeIgniter\CodeIgniter->runController(Object(App\Controllers\Home))
#7 C:\Users\Marina Fernandes\Desktop\codeigniter marina\codeigniter4-CodeIgniter4-202f41a\system\CodeIgniter.php(326): CodeIgniter\CodeIgniter->handleRequest(NULL, Object(Config\Cache), false)
#8 C:\Users\Marina Fernandes\Desktop\codeigniter marina\codeigniter4-CodeIgniter4-202f41a\public\index.php(37): CodeIgniter\CodeIgniter->run()
#9 C:\Users\Marina Fernandes\Desktop\codeigniter marina\codeigniter4-CodeIgniter4-202f41a\system\Commands\Server\rewrite.php(43): require_once('C:\\Users\\Marina...')
#10 {main}
CRITICAL - 2022-05-06 07:46:04 --> syntax error, unexpected 'foreach' (T_FOREACH)
#0 C:\Users\Marina Fernandes\Desktop\codeigniter marina\codeigniter4-CodeIgniter4-202f41a\system\View\View.php(213): CodeIgniter\View\View->CodeIgniter\View\{closure}()
#1 C:\Users\Marina Fernandes\Desktop\codeigniter marina\codeigniter4-CodeIgniter4-202f41a\system\Common.php(1089): CodeIgniter\View\View->render('ordersView', Array, true)
#2 C:\Users\Marina Fernandes\Desktop\codeigniter marina\codeigniter4-CodeIgniter4-202f41a\app\Controllers\Home.php(67): view('ordersView', Array)
#3 C:\Users\Marina Fernandes\Desktop\codeigniter marina\codeigniter4-CodeIgniter4-202f41a\system\CodeIgniter.php(832): App\Controllers\Home->ordersview()
#4 C:\Users\Marina Fernandes\Desktop\codeigniter marina\codeigniter4-CodeIgniter4-202f41a\system\CodeIgniter.php(419): CodeIgniter\CodeIgniter->runController(Object(App\Controllers\Home))
#5 C:\Users\Marina Fernandes\Desktop\codeigniter marina\codeigniter4-CodeIgniter4-202f41a\system\CodeIgniter.php(326): CodeIgniter\CodeIgniter->handleRequest(NULL, Object(Config\Cache), false)
#6 C:\Users\Marina Fernandes\Desktop\codeigniter marina\codeigniter4-CodeIgniter4-202f41a\public\index.php(37): CodeIgniter\CodeIgniter->run()
#7 C:\Users\Marina Fernandes\Desktop\codeigniter marina\codeigniter4-CodeIgniter4-202f41a\system\Commands\Server\rewrite.php(43): require_once('C:\\Users\\Marina...')
#8 {main}
CRITICAL - 2022-05-06 07:46:07 --> syntax error, unexpected 'foreach' (T_FOREACH)
#0 C:\Users\Marina Fernandes\Desktop\codeigniter marina\codeigniter4-CodeIgniter4-202f41a\system\View\View.php(213): CodeIgniter\View\View->CodeIgniter\View\{closure}()
#1 C:\Users\Marina Fernandes\Desktop\codeigniter marina\codeigniter4-CodeIgniter4-202f41a\system\Common.php(1089): CodeIgniter\View\View->render('ordersView', Array, true)
#2 C:\Users\Marina Fernandes\Desktop\codeigniter marina\codeigniter4-CodeIgniter4-202f41a\app\Controllers\Home.php(67): view('ordersView', Array)
#3 C:\Users\Marina Fernandes\Desktop\codeigniter marina\codeigniter4-CodeIgniter4-202f41a\system\CodeIgniter.php(832): App\Controllers\Home->ordersview()
#4 C:\Users\Marina Fernandes\Desktop\codeigniter marina\codeigniter4-CodeIgniter4-202f41a\system\CodeIgniter.php(419): CodeIgniter\CodeIgniter->runController(Object(App\Controllers\Home))
#5 C:\Users\Marina Fernandes\Desktop\codeigniter marina\codeigniter4-CodeIgniter4-202f41a\system\CodeIgniter.php(326): CodeIgniter\CodeIgniter->handleRequest(NULL, Object(Config\Cache), false)
#6 C:\Users\Marina Fernandes\Desktop\codeigniter marina\codeigniter4-CodeIgniter4-202f41a\public\index.php(37): CodeIgniter\CodeIgniter->run()
#7 C:\Users\Marina Fernandes\Desktop\codeigniter marina\codeigniter4-CodeIgniter4-202f41a\system\Commands\Server\rewrite.php(43): require_once('C:\\Users\\Marina...')
#8 {main}
CRITICAL - 2022-05-06 08:01:28 --> Call to undefined method CodeIgniter\Database\MySQLi\Connection::select()
#0 C:\Users\Marina Fernandes\Desktop\codeigniter marina\codeigniter4-CodeIgniter4-202f41a\app\Controllers\Home.php(60): App\Models\OrdersModel->getData()
#1 C:\Users\Marina Fernandes\Desktop\codeigniter marina\codeigniter4-CodeIgniter4-202f41a\system\CodeIgniter.php(832): App\Controllers\Home->ordersview()
#2 C:\Users\Marina Fernandes\Desktop\codeigniter marina\codeigniter4-CodeIgniter4-202f41a\system\CodeIgniter.php(419): CodeIgniter\CodeIgniter->runController(Object(App\Controllers\Home))
#3 C:\Users\Marina Fernandes\Desktop\codeigniter marina\codeigniter4-CodeIgniter4-202f41a\system\CodeIgniter.php(326): CodeIgniter\CodeIgniter->handleRequest(NULL, Object(Config\Cache), false)
#4 C:\Users\Marina Fernandes\Desktop\codeigniter marina\codeigniter4-CodeIgniter4-202f41a\public\index.php(37): CodeIgniter\CodeIgniter->run()
#5 C:\Users\Marina Fernandes\Desktop\codeigniter marina\codeigniter4-CodeIgniter4-202f41a\system\Commands\Server\rewrite.php(43): require_once('C:\\Users\\Marina...')
#6 {main}
CRITICAL - 2022-05-06 08:01:46 --> Call to undefined method CodeIgniter\Database\MySQLi\Connection::select()
#0 C:\Users\Marina Fernandes\Desktop\codeigniter marina\codeigniter4-CodeIgniter4-202f41a\app\Controllers\Home.php(60): App\Models\OrdersModel->getData()
#1 C:\Users\Marina Fernandes\Desktop\codeigniter marina\codeigniter4-CodeIgniter4-202f41a\system\CodeIgniter.php(832): App\Controllers\Home->ordersview()
#2 C:\Users\Marina Fernandes\Desktop\codeigniter marina\codeigniter4-CodeIgniter4-202f41a\system\CodeIgniter.php(419): CodeIgniter\CodeIgniter->runController(Object(App\Controllers\Home))
#3 C:\Users\Marina Fernandes\Desktop\codeigniter marina\codeigniter4-CodeIgniter4-202f41a\system\CodeIgniter.php(326): CodeIgniter\CodeIgniter->handleRequest(NULL, Object(Config\Cache), false)
#4 C:\Users\Marina Fernandes\Desktop\codeigniter marina\codeigniter4-CodeIgniter4-202f41a\public\index.php(37): CodeIgniter\CodeIgniter->run()
#5 C:\Users\Marina Fernandes\Desktop\codeigniter marina\codeigniter4-CodeIgniter4-202f41a\system\Commands\Server\rewrite.php(43): require_once('C:\\Users\\Marina...')
#6 {main}
CRITICAL - 2022-05-06 08:02:02 --> Call to undefined method CodeIgniter\Database\MySQLi\Connection::select()
#0 C:\Users\Marina Fernandes\Desktop\codeigniter marina\codeigniter4-CodeIgniter4-202f41a\app\Controllers\Home.php(60): App\Models\OrdersModel->getData()
#1 C:\Users\Marina Fernandes\Desktop\codeigniter marina\codeigniter4-CodeIgniter4-202f41a\system\CodeIgniter.php(832): App\Controllers\Home->ordersview()
#2 C:\Users\Marina Fernandes\Desktop\codeigniter marina\codeigniter4-CodeIgniter4-202f41a\system\CodeIgniter.php(419): CodeIgniter\CodeIgniter->runController(Object(App\Controllers\Home))
#3 C:\Users\Marina Fernandes\Desktop\codeigniter marina\codeigniter4-CodeIgniter4-202f41a\system\CodeIgniter.php(326): CodeIgniter\CodeIgniter->handleRequest(NULL, Object(Config\Cache), false)
#4 C:\Users\Marina Fernandes\Desktop\codeigniter marina\codeigniter4-CodeIgniter4-202f41a\public\index.php(37): CodeIgniter\CodeIgniter->run()
#5 C:\Users\Marina Fernandes\Desktop\codeigniter marina\codeigniter4-CodeIgniter4-202f41a\system\Commands\Server\rewrite.php(43): require_once('C:\\Users\\Marina...')
#6 {main}
CRITICAL - 2022-05-06 08:02:23 --> Call to undefined method CodeIgniter\Database\MySQLi\Connection::select()
#0 C:\Users\Marina Fernandes\Desktop\codeigniter marina\codeigniter4-CodeIgniter4-202f41a\app\Controllers\Home.php(60): App\Models\OrdersModel->getData()
#1 C:\Users\Marina Fernandes\Desktop\codeigniter marina\codeigniter4-CodeIgniter4-202f41a\system\CodeIgniter.php(832): App\Controllers\Home->ordersview()
#2 C:\Users\Marina Fernandes\Desktop\codeigniter marina\codeigniter4-CodeIgniter4-202f41a\system\CodeIgniter.php(419): CodeIgniter\CodeIgniter->runController(Object(App\Controllers\Home))
#3 C:\Users\Marina Fernandes\Desktop\codeigniter marina\codeigniter4-CodeIgniter4-202f41a\system\CodeIgniter.php(326): CodeIgniter\CodeIgniter->handleRequest(NULL, Object(Config\Cache), false)
#4 C:\Users\Marina Fernandes\Desktop\codeigniter marina\codeigniter4-CodeIgniter4-202f41a\public\index.php(37): CodeIgniter\CodeIgniter->run()
#5 C:\Users\Marina Fernandes\Desktop\codeigniter marina\codeigniter4-CodeIgniter4-202f41a\system\Commands\Server\rewrite.php(43): require_once('C:\\Users\\Marina...')
#6 {main}
CRITICAL - 2022-05-06 08:02:32 --> Call to undefined method CodeIgniter\Database\MySQLi\Connection::select()
#0 C:\Users\Marina Fernandes\Desktop\codeigniter marina\codeigniter4-CodeIgniter4-202f41a\app\Controllers\Home.php(60): App\Models\OrdersModel->getData()
#1 C:\Users\Marina Fernandes\Desktop\codeigniter marina\codeigniter4-CodeIgniter4-202f41a\system\CodeIgniter.php(832): App\Controllers\Home->ordersview()
#2 C:\Users\Marina Fernandes\Desktop\codeigniter marina\codeigniter4-CodeIgniter4-202f41a\system\CodeIgniter.php(419): CodeIgniter\CodeIgniter->runController(Object(App\Controllers\Home))
#3 C:\Users\Marina Fernandes\Desktop\codeigniter marina\codeigniter4-CodeIgniter4-202f41a\system\CodeIgniter.php(326): CodeIgniter\CodeIgniter->handleRequest(NULL, Object(Config\Cache), false)
#4 C:\Users\Marina Fernandes\Desktop\codeigniter marina\codeigniter4-CodeIgniter4-202f41a\public\index.php(37): CodeIgniter\CodeIgniter->run()
#5 C:\Users\Marina Fernandes\Desktop\codeigniter marina\codeigniter4-CodeIgniter4-202f41a\system\Commands\Server\rewrite.php(43): require_once('C:\\Users\\Marina...')
#6 {main}
CRITICAL - 2022-05-06 08:02:51 --> Not unique table/alias: 'produtos'
#0 C:\Users\Marina Fernandes\Desktop\codeigniter marina\codeigniter4-CodeIgniter4-202f41a\system\Database\MySQLi\Connection.php(292): mysqli->query('SELECT *, `prod...', 0)
#1 C:\Users\Marina Fernandes\Desktop\codeigniter marina\codeigniter4-CodeIgniter4-202f41a\system\Database\BaseConnection.php(670): CodeIgniter\Database\MySQLi\Connection->execute('SELECT *, `prod...')
#2 C:\Users\Marina Fernandes\Desktop\codeigniter marina\codeigniter4-CodeIgniter4-202f41a\system\Database\BaseConnection.php(598): CodeIgniter\Database\BaseConnection->simpleQuery('SELECT *, `prod...')
#3 C:\Users\Marina Fernandes\Desktop\codeigniter marina\codeigniter4-CodeIgniter4-202f41a\system\Database\BaseBuilder.php(1455): CodeIgniter\Database\BaseConnection->query('SELECT *, `prod...', Array, false)
#4 C:\Users\Marina Fernandes\Desktop\codeigniter marina\codeigniter4-CodeIgniter4-202f41a\system\Model.php(210): CodeIgniter\Database\BaseBuilder->get()
#5 C:\Users\Marina Fernandes\Desktop\codeigniter marina\codeigniter4-CodeIgniter4-202f41a\system\BaseModel.php(622): CodeIgniter\Model->doFirst()
#6 C:\Users\Marina Fernandes\Desktop\codeigniter marina\codeigniter4-CodeIgniter4-202f41a\app\Models\OrdersModel.php(19): CodeIgniter\BaseModel->first()
#7 C:\Users\Marina Fernandes\Desktop\codeigniter marina\codeigniter4-CodeIgniter4-202f41a\app\Controllers\Home.php(60): App\Models\OrdersModel->getData()
#8 C:\Users\Marina Fernandes\Desktop\codeigniter marina\codeigniter4-CodeIgniter4-202f41a\system\CodeIgniter.php(832): App\Controllers\Home->ordersview()
#9 C:\Users\Marina Fernandes\Desktop\codeigniter marina\codeigniter4-CodeIgniter4-202f41a\system\CodeIgniter.php(419): CodeIgniter\CodeIgniter->runController(Object(App\Controllers\Home))
#10 C:\Users\Marina Fernandes\Desktop\codeigniter marina\codeigniter4-CodeIgniter4-202f41a\system\CodeIgniter.php(326): CodeIgniter\CodeIgniter->handleRequest(NULL, Object(Config\Cache), false)
#11 C:\Users\Marina Fernandes\Desktop\codeigniter marina\codeigniter4-CodeIgniter4-202f41a\public\index.php(37): CodeIgniter\CodeIgniter->run()
#12 C:\Users\Marina Fernandes\Desktop\codeigniter marina\codeigniter4-CodeIgniter4-202f41a\system\Commands\Server\rewrite.php(43): require_once('C:\\Users\\Marina...')
#13 {main}
CRITICAL - 2022-05-06 08:03:06 --> Undefined variable: id
#0 C:\Users\Marina Fernandes\Desktop\codeigniter marina\codeigniter4-CodeIgniter4-202f41a\app\Models\OrdersModel.php(19): CodeIgniter\Debug\Exceptions->errorHandler(8, 'Undefined varia...', 'C:\\Users\\Marina...', 19, Array)
#1 C:\Users\Marina Fernandes\Desktop\codeigniter marina\codeigniter4-CodeIgniter4-202f41a\app\Controllers\Home.php(60): App\Models\OrdersModel->getData()
#2 C:\Users\Marina Fernandes\Desktop\codeigniter marina\codeigniter4-CodeIgniter4-202f41a\system\CodeIgniter.php(832): App\Controllers\Home->ordersview()
#3 C:\Users\Marina Fernandes\Desktop\codeigniter marina\codeigniter4-CodeIgniter4-202f41a\system\CodeIgniter.php(419): CodeIgniter\CodeIgniter->runController(Object(App\Controllers\Home))
#4 C:\Users\Marina Fernandes\Desktop\codeigniter marina\codeigniter4-CodeIgniter4-202f41a\system\CodeIgniter.php(326): CodeIgniter\CodeIgniter->handleRequest(NULL, Object(Config\Cache), false)
#5 C:\Users\Marina Fernandes\Desktop\codeigniter marina\codeigniter4-CodeIgniter4-202f41a\public\index.php(37): CodeIgniter\CodeIgniter->run()
#6 C:\Users\Marina Fernandes\Desktop\codeigniter marina\codeigniter4-CodeIgniter4-202f41a\system\Commands\Server\rewrite.php(43): require_once('C:\\Users\\Marina...')
#7 {main}
CRITICAL - 2022-05-06 08:03:22 --> Not unique table/alias: 'produtos'
#0 C:\Users\Marina Fernandes\Desktop\codeigniter marina\codeigniter4-CodeIgniter4-202f41a\system\Database\MySQLi\Connection.php(292): mysqli->query('SELECT *, `prod...', 0)
#1 C:\Users\Marina Fernandes\Desktop\codeigniter marina\codeigniter4-CodeIgniter4-202f41a\system\Database\BaseConnection.php(670): CodeIgniter\Database\MySQLi\Connection->execute('SELECT *, `prod...')
#2 C:\Users\Marina Fernandes\Desktop\codeigniter marina\codeigniter4-CodeIgniter4-202f41a\system\Database\BaseConnection.php(598): CodeIgniter\Database\BaseConnection->simpleQuery('SELECT *, `prod...')
#3 C:\Users\Marina Fernandes\Desktop\codeigniter marina\codeigniter4-CodeIgniter4-202f41a\system\Database\BaseBuilder.php(1455): CodeIgniter\Database\BaseConnection->query('SELECT *, `prod...', Array, false)
#4 C:\Users\Marina Fernandes\Desktop\codeigniter marina\codeigniter4-CodeIgniter4-202f41a\system\Model.php(210): CodeIgniter\Database\BaseBuilder->get()
#5 C:\Users\Marina Fernandes\Desktop\codeigniter marina\codeigniter4-CodeIgniter4-202f41a\system\BaseModel.php(622): CodeIgniter\Model->doFirst()
#6 C:\Users\Marina Fernandes\Desktop\codeigniter marina\codeigniter4-CodeIgniter4-202f41a\app\Models\OrdersModel.php(19): CodeIgniter\BaseModel->first()
#7 C:\Users\Marina Fernandes\Desktop\codeigniter marina\codeigniter4-CodeIgniter4-202f41a\app\Controllers\Home.php(60): App\Models\OrdersModel->getData()
#8 C:\Users\Marina Fernandes\Desktop\codeigniter marina\codeigniter4-CodeIgniter4-202f41a\system\CodeIgniter.php(832): App\Controllers\Home->ordersview()
#9 C:\Users\Marina Fernandes\Desktop\codeigniter marina\codeigniter4-CodeIgniter4-202f41a\system\CodeIgniter.php(419): CodeIgniter\CodeIgniter->runController(Object(App\Controllers\Home))
#10 C:\Users\Marina Fernandes\Desktop\codeigniter marina\codeigniter4-CodeIgniter4-202f41a\system\CodeIgniter.php(326): CodeIgniter\CodeIgniter->handleRequest(NULL, Object(Config\Cache), false)
#11 C:\Users\Marina Fernandes\Desktop\codeigniter marina\codeigniter4-CodeIgniter4-202f41a\public\index.php(37): CodeIgniter\CodeIgniter->run()
#12 C:\Users\Marina Fernandes\Desktop\codeigniter marina\codeigniter4-CodeIgniter4-202f41a\system\Commands\Server\rewrite.php(43): require_once('C:\\Users\\Marina...')
#13 {main}
CRITICAL - 2022-05-06 08:05:02 --> Undefined variable: builder
#0 C:\Users\Marina Fernandes\Desktop\codeigniter marina\codeigniter4-CodeIgniter4-202f41a\app\Models\OrdersModel.php(17): CodeIgniter\Debug\Exceptions->errorHandler(8, 'Undefined varia...', 'C:\\Users\\Marina...', 17, Array)
#1 C:\Users\Marina Fernandes\Desktop\codeigniter marina\codeigniter4-CodeIgniter4-202f41a\app\Controllers\Home.php(60): App\Models\OrdersModel->getData()
#2 C:\Users\Marina Fernandes\Desktop\codeigniter marina\codeigniter4-CodeIgniter4-202f41a\system\CodeIgniter.php(832): App\Controllers\Home->ordersview()
#3 C:\Users\Marina Fernandes\Desktop\codeigniter marina\codeigniter4-CodeIgniter4-202f41a\system\CodeIgniter.php(419): CodeIgniter\CodeIgniter->runController(Object(App\Controllers\Home))
#4 C:\Users\Marina Fernandes\Desktop\codeigniter marina\codeigniter4-CodeIgniter4-202f41a\system\CodeIgniter.php(326): CodeIgniter\CodeIgniter->handleRequest(NULL, Object(Config\Cache), false)
#5 C:\Users\Marina Fernandes\Desktop\codeigniter marina\codeigniter4-CodeIgniter4-202f41a\public\index.php(37): CodeIgniter\CodeIgniter->run()
#6 C:\Users\Marina Fernandes\Desktop\codeigniter marina\codeigniter4-CodeIgniter4-202f41a\system\Commands\Server\rewrite.php(43): require_once('C:\\Users\\Marina...')
#7 {main}
CRITICAL - 2022-05-06 08:06:43 --> Call to undefined method CodeIgniter\Database\MySQLi\Connection::select()
#0 C:\Users\Marina Fernandes\Desktop\codeigniter marina\codeigniter4-CodeIgniter4-202f41a\app\Controllers\Home.php(60): App\Models\OrdersModel->getData()
#1 C:\Users\Marina Fernandes\Desktop\codeigniter marina\codeigniter4-CodeIgniter4-202f41a\system\CodeIgniter.php(832): App\Controllers\Home->ordersview()
#2 C:\Users\Marina Fernandes\Desktop\codeigniter marina\codeigniter4-CodeIgniter4-202f41a\system\CodeIgniter.php(419): CodeIgniter\CodeIgniter->runController(Object(App\Controllers\Home))
#3 C:\Users\Marina Fernandes\Desktop\codeigniter marina\codeigniter4-CodeIgniter4-202f41a\system\CodeIgniter.php(326): CodeIgniter\CodeIgniter->handleRequest(NULL, Object(Config\Cache), false)
#4 C:\Users\Marina Fernandes\Desktop\codeigniter marina\codeigniter4-CodeIgniter4-202f41a\public\index.php(37): CodeIgniter\CodeIgniter->run()
#5 C:\Users\Marina Fernandes\Desktop\codeigniter marina\codeigniter4-CodeIgniter4-202f41a\system\Commands\Server\rewrite.php(43): require_once('C:\\Users\\Marina...')
#6 {main}
CRITICAL - 2022-05-06 08:09:58 --> syntax error, unexpected '->' (T_OBJECT_OPERATOR)
#0 C:\Users\Marina Fernandes\Desktop\codeigniter marina\codeigniter4-CodeIgniter4-202f41a\system\Autoloader\Autoloader.php(241): CodeIgniter\Autoloader\Autoloader->includeFile('C:\\Users\\Marina...')
#1 C:\Users\Marina Fernandes\Desktop\codeigniter marina\codeigniter4-CodeIgniter4-202f41a\system\Autoloader\Autoloader.php(219): CodeIgniter\Autoloader\Autoloader->loadInNamespace('App\\Models\\Orde...')
#2 [internal function]: CodeIgniter\Autoloader\Autoloader->loadClass('App\\Models\\Orde...')
#3 C:\Users\Marina Fernandes\Desktop\codeigniter marina\codeigniter4-CodeIgniter4-202f41a\app\Controllers\Home.php(59): spl_autoload_call('App\\Models\\Orde...')
#4 C:\Users\Marina Fernandes\Desktop\codeigniter marina\codeigniter4-CodeIgniter4-202f41a\system\CodeIgniter.php(832): App\Controllers\Home->ordersview()
#5 C:\Users\Marina Fernandes\Desktop\codeigniter marina\codeigniter4-CodeIgniter4-202f41a\system\CodeIgniter.php(419): CodeIgniter\CodeIgniter->runController(Object(App\Controllers\Home))
#6 C:\Users\Marina Fernandes\Desktop\codeigniter marina\codeigniter4-CodeIgniter4-202f41a\system\CodeIgniter.php(326): CodeIgniter\CodeIgniter->handleRequest(NULL, Object(Config\Cache), false)
#7 C:\Users\Marina Fernandes\Desktop\codeigniter marina\codeigniter4-CodeIgniter4-202f41a\public\index.php(37): CodeIgniter\CodeIgniter->run()
#8 C:\Users\Marina Fernandes\Desktop\codeigniter marina\codeigniter4-CodeIgniter4-202f41a\system\Commands\Server\rewrite.php(43): require_once('C:\\Users\\Marina...')
#9 {main}
CRITICAL - 2022-05-06 08:29:00 --> Call to undefined method CodeIgniter\Database\MySQLi\Connection::select()
#0 C:\Users\Marina Fernandes\Desktop\codeigniter marina\codeigniter4-CodeIgniter4-202f41a\app\Controllers\Home.php(60): App\Models\OrdersModel->getData()
#1 C:\Users\Marina Fernandes\Desktop\codeigniter marina\codeigniter4-CodeIgniter4-202f41a\system\CodeIgniter.php(832): App\Controllers\Home->ordersview()
#2 C:\Users\Marina Fernandes\Desktop\codeigniter marina\codeigniter4-CodeIgniter4-202f41a\system\CodeIgniter.php(419): CodeIgniter\CodeIgniter->runController(Object(App\Controllers\Home))
#3 C:\Users\Marina Fernandes\Desktop\codeigniter marina\codeigniter4-CodeIgniter4-202f41a\system\CodeIgniter.php(326): CodeIgniter\CodeIgniter->handleRequest(NULL, Object(Config\Cache), false)
#4 C:\Users\Marina Fernandes\Desktop\codeigniter marina\codeigniter4-CodeIgniter4-202f41a\public\index.php(37): CodeIgniter\CodeIgniter->run()
#5 C:\Users\Marina Fernandes\Desktop\codeigniter marina\codeigniter4-CodeIgniter4-202f41a\system\Commands\Server\rewrite.php(43): require_once('C:\\Users\\Marina...')
#6 {main}
CRITICAL - 2022-05-06 08:29:22 --> Call to undefined method CodeIgniter\Database\MySQLi\Connection::join()
#0 C:\Users\Marina Fernandes\Desktop\codeigniter marina\codeigniter4-CodeIgniter4-202f41a\app\Controllers\Home.php(60): App\Models\OrdersModel->getData()
#1 C:\Users\Marina Fernandes\Desktop\codeigniter marina\codeigniter4-CodeIgniter4-202f41a\system\CodeIgniter.php(832): App\Controllers\Home->ordersview()
#2 C:\Users\Marina Fernandes\Desktop\codeigniter marina\codeigniter4-CodeIgniter4-202f41a\system\CodeIgniter.php(419): CodeIgniter\CodeIgniter->runController(Object(App\Controllers\Home))
#3 C:\Users\Marina Fernandes\Desktop\codeigniter marina\codeigniter4-CodeIgniter4-202f41a\system\CodeIgniter.php(326): CodeIgniter\CodeIgniter->handleRequest(NULL, Object(Config\Cache), false)
#4 C:\Users\Marina Fernandes\Desktop\codeigniter marina\codeigniter4-CodeIgniter4-202f41a\public\index.php(37): CodeIgniter\CodeIgniter->run()
#5 C:\Users\Marina Fernandes\Desktop\codeigniter marina\codeigniter4-CodeIgniter4-202f41a\system\Commands\Server\rewrite.php(43): require_once('C:\\Users\\Marina...')
#6 {main}
CRITICAL - 2022-05-06 08:29:48 --> Undefined variable: id
#0 C:\Users\Marina Fernandes\Desktop\codeigniter marina\codeigniter4-CodeIgniter4-202f41a\app\Models\OrdersModel.php(19): CodeIgniter\Debug\Exceptions->errorHandler(8, 'Undefined varia...', 'C:\\Users\\Marina...', 19, Array)
#1 C:\Users\Marina Fernandes\Desktop\codeigniter marina\codeigniter4-CodeIgniter4-202f41a\app\Controllers\Home.php(60): App\Models\OrdersModel->getData()
#2 C:\Users\Marina Fernandes\Desktop\codeigniter marina\codeigniter4-CodeIgniter4-202f41a\system\CodeIgniter.php(832): App\Controllers\Home->ordersview()
#3 C:\Users\Marina Fernandes\Desktop\codeigniter marina\codeigniter4-CodeIgniter4-202f41a\system\CodeIgniter.php(419): CodeIgniter\CodeIgniter->runController(Object(App\Controllers\Home))
#4 C:\Users\Marina Fernandes\Desktop\codeigniter marina\codeigniter4-CodeIgniter4-202f41a\system\CodeIgniter.php(326): CodeIgniter\CodeIgniter->handleRequest(NULL, Object(Config\Cache), false)
#5 C:\Users\Marina Fernandes\Desktop\codeigniter marina\codeigniter4-CodeIgniter4-202f41a\public\index.php(37): CodeIgniter\CodeIgniter->run()
#6 C:\Users\Marina Fernandes\Desktop\codeigniter marina\codeigniter4-CodeIgniter4-202f41a\system\Commands\Server\rewrite.php(43): require_once('C:\\Users\\Marina...')
#7 {main}
CRITICAL - 2022-05-06 08:29:56 --> Invalid argument supplied for foreach()
#0 C:\Users\Marina Fernandes\Desktop\codeigniter marina\codeigniter4-CodeIgniter4-202f41a\app\Views\ordersView.php(27): CodeIgniter\Debug\Exceptions->errorHandler(2, 'Invalid argumen...', 'C:\\Users\\Marina...', 27, Array)
#1 C:\Users\Marina Fernandes\Desktop\codeigniter marina\codeigniter4-CodeIgniter4-202f41a\system\View\View.php(210): include('C:\\Users\\Marina...')
#2 C:\Users\Marina Fernandes\Desktop\codeigniter marina\codeigniter4-CodeIgniter4-202f41a\system\View\View.php(213): CodeIgniter\View\View->CodeIgniter\View\{closure}()
#3 C:\Users\Marina Fernandes\Desktop\codeigniter marina\codeigniter4-CodeIgniter4-202f41a\system\Common.php(1089): CodeIgniter\View\View->render('ordersView', Array, true)
#4 C:\Users\Marina Fernandes\Desktop\codeigniter marina\codeigniter4-CodeIgniter4-202f41a\app\Controllers\Home.php(67): view('ordersView', Array)
#5 C:\Users\Marina Fernandes\Desktop\codeigniter marina\codeigniter4-CodeIgniter4-202f41a\system\CodeIgniter.php(832): App\Controllers\Home->ordersview()
#6 C:\Users\Marina Fernandes\Desktop\codeigniter marina\codeigniter4-CodeIgniter4-202f41a\system\CodeIgniter.php(419): CodeIgniter\CodeIgniter->runController(Object(App\Controllers\Home))
#7 C:\Users\Marina Fernandes\Desktop\codeigniter marina\codeigniter4-CodeIgniter4-202f41a\system\CodeIgniter.php(326): CodeIgniter\CodeIgniter->handleRequest(NULL, Object(Config\Cache), false)
#8 C:\Users\Marina Fernandes\Desktop\codeigniter marina\codeigniter4-CodeIgniter4-202f41a\public\index.php(37): CodeIgniter\CodeIgniter->run()
#9 C:\Users\Marina Fernandes\Desktop\codeigniter marina\codeigniter4-CodeIgniter4-202f41a\system\Commands\Server\rewrite.php(43): require_once('C:\\Users\\Marina...')
#10 {main}
CRITICAL - 2022-05-06 08:30:22 --> Invalid argument supplied for foreach()
#0 C:\Users\Marina Fernandes\Desktop\codeigniter marina\codeigniter4-CodeIgniter4-202f41a\app\Views\ordersView.php(27): CodeIgniter\Debug\Exceptions->errorHandler(2, 'Invalid argumen...', 'C:\\Users\\Marina...', 27, Array)
#1 C:\Users\Marina Fernandes\Desktop\codeigniter marina\codeigniter4-CodeIgniter4-202f41a\system\View\View.php(210): include('C:\\Users\\Marina...')
#2 C:\Users\Marina Fernandes\Desktop\codeigniter marina\codeigniter4-CodeIgniter4-202f41a\system\View\View.php(213): CodeIgniter\View\View->CodeIgniter\View\{closure}()
#3 C:\Users\Marina Fernandes\Desktop\codeigniter marina\codeigniter4-CodeIgniter4-202f41a\system\Common.php(1089): CodeIgniter\View\View->render('ordersView', Array, true)
#4 C:\Users\Marina Fernandes\Desktop\codeigniter marina\codeigniter4-CodeIgniter4-202f41a\app\Controllers\Home.php(67): view('ordersView', Array)
#5 C:\Users\Marina Fernandes\Desktop\codeigniter marina\codeigniter4-CodeIgniter4-202f41a\system\CodeIgniter.php(832): App\Controllers\Home->ordersview()
#6 C:\Users\Marina Fernandes\Desktop\codeigniter marina\codeigniter4-CodeIgniter4-202f41a\system\CodeIgniter.php(419): CodeIgniter\CodeIgniter->runController(Object(App\Controllers\Home))
#7 C:\Users\Marina Fernandes\Desktop\codeigniter marina\codeigniter4-CodeIgniter4-202f41a\system\CodeIgniter.php(326): CodeIgniter\CodeIgniter->handleRequest(NULL, Object(Config\Cache), false)
#8 C:\Users\Marina Fernandes\Desktop\codeigniter marina\codeigniter4-CodeIgniter4-202f41a\public\index.php(37): CodeIgniter\CodeIgniter->run()
#9 C:\Users\Marina Fernandes\Desktop\codeigniter marina\codeigniter4-CodeIgniter4-202f41a\system\Commands\Server\rewrite.php(43): require_once('C:\\Users\\Marina...')
#10 {main}
CRITICAL - 2022-05-06 08:31:09 --> Undefined variable: idproduto
#0 C:\Users\Marina Fernandes\Desktop\codeigniter marina\codeigniter4-CodeIgniter4-202f41a\app\Models\OrdersModel.php(19): CodeIgniter\Debug\Exceptions->errorHandler(8, 'Undefined varia...', 'C:\\Users\\Marina...', 19, Array)
#1 C:\Users\Marina Fernandes\Desktop\codeigniter marina\codeigniter4-CodeIgniter4-202f41a\app\Controllers\Home.php(60): App\Models\OrdersModel->getData()
#2 C:\Users\Marina Fernandes\Desktop\codeigniter marina\codeigniter4-CodeIgniter4-202f41a\system\CodeIgniter.php(832): App\Controllers\Home->ordersview()
#3 C:\Users\Marina Fernandes\Desktop\codeigniter marina\codeigniter4-CodeIgniter4-202f41a\system\CodeIgniter.php(419): CodeIgniter\CodeIgniter->runController(Object(App\Controllers\Home))
#4 C:\Users\Marina Fernandes\Desktop\codeigniter marina\codeigniter4-CodeIgniter4-202f41a\system\CodeIgniter.php(326): CodeIgniter\CodeIgniter->handleRequest(NULL, Object(Config\Cache), false)
#5 C:\Users\Marina Fernandes\Desktop\codeigniter marina\codeigniter4-CodeIgniter4-202f41a\public\index.php(37): CodeIgniter\CodeIgniter->run()
#6 C:\Users\Marina Fernandes\Desktop\codeigniter marina\codeigniter4-CodeIgniter4-202f41a\system\Commands\Server\rewrite.php(43): require_once('C:\\Users\\Marina...')
#7 {main}
CRITICAL - 2022-05-06 08:31:24 --> Too few arguments to function App\Models\OrdersModel::getData(), 0 passed in C:\Users\Marina Fernandes\Desktop\codeigniter marina\codeigniter4-CodeIgniter4-202f41a\app\Controllers\Home.php on line 60 and exactly 1 expected
#0 C:\Users\Marina Fernandes\Desktop\codeigniter marina\codeigniter4-CodeIgniter4-202f41a\app\Controllers\Home.php(60): App\Models\OrdersModel->getData()
#1 C:\Users\Marina Fernandes\Desktop\codeigniter marina\codeigniter4-CodeIgniter4-202f41a\system\CodeIgniter.php(832): App\Controllers\Home->ordersview()
#2 C:\Users\Marina Fernandes\Desktop\codeigniter marina\codeigniter4-CodeIgniter4-202f41a\system\CodeIgniter.php(419): CodeIgniter\CodeIgniter->runController(Object(App\Controllers\Home))
#3 C:\Users\Marina Fernandes\Desktop\codeigniter marina\codeigniter4-CodeIgniter4-202f41a\system\CodeIgniter.php(326): CodeIgniter\CodeIgniter->handleRequest(NULL, Object(Config\Cache), false)
#4 C:\Users\Marina Fernandes\Desktop\codeigniter marina\codeigniter4-CodeIgniter4-202f41a\public\index.php(37): CodeIgniter\CodeIgniter->run()
#5 C:\Users\Marina Fernandes\Desktop\codeigniter marina\codeigniter4-CodeIgniter4-202f41a\system\Commands\Server\rewrite.php(43): require_once('C:\\Users\\Marina...')
#6 {main}
CRITICAL - 2022-05-06 08:31:50 --> Invalid argument supplied for foreach()
#0 C:\Users\Marina Fernandes\Desktop\codeigniter marina\codeigniter4-CodeIgniter4-202f41a\app\Views\ordersView.php(27): CodeIgniter\Debug\Exceptions->errorHandler(2, 'Invalid argumen...', 'C:\\Users\\Marina...', 27, Array)
#1 C:\Users\Marina Fernandes\Desktop\codeigniter marina\codeigniter4-CodeIgniter4-202f41a\system\View\View.php(210): include('C:\\Users\\Marina...')
#2 C:\Users\Marina Fernandes\Desktop\codeigniter marina\codeigniter4-CodeIgniter4-202f41a\system\View\View.php(213): CodeIgniter\View\View->CodeIgniter\View\{closure}()
#3 C:\Users\Marina Fernandes\Desktop\codeigniter marina\codeigniter4-CodeIgniter4-202f41a\system\Common.php(1089): CodeIgniter\View\View->render('ordersView', Array, true)
#4 C:\Users\Marina Fernandes\Desktop\codeigniter marina\codeigniter4-CodeIgniter4-202f41a\app\Controllers\Home.php(67): view('ordersView', Array)
#5 C:\Users\Marina Fernandes\Desktop\codeigniter marina\codeigniter4-CodeIgniter4-202f41a\system\CodeIgniter.php(832): App\Controllers\Home->ordersview()
#6 C:\Users\Marina Fernandes\Desktop\codeigniter marina\codeigniter4-CodeIgniter4-202f41a\system\CodeIgniter.php(419): CodeIgniter\CodeIgniter->runController(Object(App\Controllers\Home))
#7 C:\Users\Marina Fernandes\Desktop\codeigniter marina\codeigniter4-CodeIgniter4-202f41a\system\CodeIgniter.php(326): CodeIgniter\CodeIgniter->handleRequest(NULL, Object(Config\Cache), false)
#8 C:\Users\Marina Fernandes\Desktop\codeigniter marina\codeigniter4-CodeIgniter4-202f41a\public\index.php(37): CodeIgniter\CodeIgniter->run()
#9 C:\Users\Marina Fernandes\Desktop\codeigniter marina\codeigniter4-CodeIgniter4-202f41a\system\Commands\Server\rewrite.php(43): require_once('C:\\Users\\Marina...')
#10 {main}
CRITICAL - 2022-05-06 08:32:45 --> Illegal string offset 'idproduto'
#0 C:\Users\Marina Fernandes\Desktop\codeigniter marina\codeigniter4-CodeIgniter4-202f41a\app\Views\ordersView.php(28): CodeIgniter\Debug\Exceptions->errorHandler(2, 'Illegal string ...', 'C:\\Users\\Marina...', 28, Array)
#1 C:\Users\Marina Fernandes\Desktop\codeigniter marina\codeigniter4-CodeIgniter4-202f41a\system\View\View.php(210): include('C:\\Users\\Marina...')
#2 C:\Users\Marina Fernandes\Desktop\codeigniter marina\codeigniter4-CodeIgniter4-202f41a\system\View\View.php(213): CodeIgniter\View\View->CodeIgniter\View\{closure}()
#3 C:\Users\Marina Fernandes\Desktop\codeigniter marina\codeigniter4-CodeIgniter4-202f41a\system\Common.php(1089): CodeIgniter\View\View->render('ordersView', Array, true)
#4 C:\Users\Marina Fernandes\Desktop\codeigniter marina\codeigniter4-CodeIgniter4-202f41a\app\Controllers\Home.php(67): view('ordersView', Array)
#5 C:\Users\Marina Fernandes\Desktop\codeigniter marina\codeigniter4-CodeIgniter4-202f41a\system\CodeIgniter.php(832): App\Controllers\Home->ordersview()
#6 C:\Users\Marina Fernandes\Desktop\codeigniter marina\codeigniter4-CodeIgniter4-202f41a\system\CodeIgniter.php(419): CodeIgniter\CodeIgniter->runController(Object(App\Controllers\Home))
#7 C:\Users\Marina Fernandes\Desktop\codeigniter marina\codeigniter4-CodeIgniter4-202f41a\system\CodeIgniter.php(326): CodeIgniter\CodeIgniter->handleRequest(NULL, Object(Config\Cache), false)
#8 C:\Users\Marina Fernandes\Desktop\codeigniter marina\codeigniter4-CodeIgniter4-202f41a\public\index.php(37): CodeIgniter\CodeIgniter->run()
#9 C:\Users\Marina Fernandes\Desktop\codeigniter marina\codeigniter4-CodeIgniter4-202f41a\system\Commands\Server\rewrite.php(43): require_once('C:\\Users\\Marina...')
#10 {main}
CRITICAL - 2022-05-06 08:33:31 --> Undefined variable: id
#0 C:\Users\Marina Fernandes\Desktop\codeigniter marina\codeigniter4-CodeIgniter4-202f41a\app\Models\OrdersModel.php(13): CodeIgniter\Debug\Exceptions->errorHandler(8, 'Undefined varia...', 'C:\\Users\\Marina...', 13, Array)
#1 C:\Users\Marina Fernandes\Desktop\codeigniter marina\codeigniter4-CodeIgniter4-202f41a\app\Controllers\Home.php(60): App\Models\OrdersModel->getData()
#2 C:\Users\Marina Fernandes\Desktop\codeigniter marina\codeigniter4-CodeIgniter4-202f41a\system\CodeIgniter.php(832): App\Controllers\Home->ordersview()
#3 C:\Users\Marina Fernandes\Desktop\codeigniter marina\codeigniter4-CodeIgniter4-202f41a\system\CodeIgniter.php(419): CodeIgniter\CodeIgniter->runController(Object(App\Controllers\Home))
#4 C:\Users\Marina Fernandes\Desktop\codeigniter marina\codeigniter4-CodeIgniter4-202f41a\system\CodeIgniter.php(326): CodeIgniter\CodeIgniter->handleRequest(NULL, Object(Config\Cache), false)
#5 C:\Users\Marina Fernandes\Desktop\codeigniter marina\codeigniter4-CodeIgniter4-202f41a\public\index.php(37): CodeIgniter\CodeIgniter->run()
#6 C:\Users\Marina Fernandes\Desktop\codeigniter marina\codeigniter4-CodeIgniter4-202f41a\system\Commands\Server\rewrite.php(43): require_once('C:\\Users\\Marina...')
#7 {main}
CRITICAL - 2022-05-06 08:33:42 --> Unknown column 'clientes-produto.idproduto' in 'on clause'
#0 C:\Users\Marina Fernandes\Desktop\codeigniter marina\codeigniter4-CodeIgniter4-202f41a\system\Database\MySQLi\Connection.php(292): mysqli->query('SELECT *\nFROM `...', 0)
#1 C:\Users\Marina Fernandes\Desktop\codeigniter marina\codeigniter4-CodeIgniter4-202f41a\system\Database\BaseConnection.php(670): CodeIgniter\Database\MySQLi\Connection->execute('SELECT *\nFROM `...')
#2 C:\Users\Marina Fernandes\Desktop\codeigniter marina\codeigniter4-CodeIgniter4-202f41a\system\Database\BaseConnection.php(598): CodeIgniter\Database\BaseConnection->simpleQuery('SELECT *\nFROM `...')
#3 C:\Users\Marina Fernandes\Desktop\codeigniter marina\codeigniter4-CodeIgniter4-202f41a\system\Database\BaseBuilder.php(1455): CodeIgniter\Database\BaseConnection->query('SELECT *\nFROM `...', Array, false)
#4 C:\Users\Marina Fernandes\Desktop\codeigniter marina\codeigniter4-CodeIgniter4-202f41a\system\Model.php(183): CodeIgniter\Database\BaseBuilder->get()
#5 C:\Users\Marina Fernandes\Desktop\codeigniter marina\codeigniter4-CodeIgniter4-202f41a\system\BaseModel.php(584): CodeIgniter\Model->doFindAll(0, 0)
#6 C:\Users\Marina Fernandes\Desktop\codeigniter marina\codeigniter4-CodeIgniter4-202f41a\app\Models\OrdersModel.php(16): CodeIgniter\BaseModel->findAll()
#7 C:\Users\Marina Fernandes\Desktop\codeigniter marina\codeigniter4-CodeIgniter4-202f41a\app\Controllers\Home.php(60): App\Models\OrdersModel->getData()
#8 C:\Users\Marina Fernandes\Desktop\codeigniter marina\codeigniter4-CodeIgniter4-202f41a\system\CodeIgniter.php(832): App\Controllers\Home->ordersview()
#9 C:\Users\Marina Fernandes\Desktop\codeigniter marina\codeigniter4-CodeIgniter4-202f41a\system\CodeIgniter.php(419): CodeIgniter\CodeIgniter->runController(Object(App\Controllers\Home))
#10 C:\Users\Marina Fernandes\Desktop\codeigniter marina\codeigniter4-CodeIgniter4-202f41a\system\CodeIgniter.php(326): CodeIgniter\CodeIgniter->handleRequest(NULL, Object(Config\Cache), false)
#11 C:\Users\Marina Fernandes\Desktop\codeigniter marina\codeigniter4-CodeIgniter4-202f41a\public\index.php(37): CodeIgniter\CodeIgniter->run()
#12 C:\Users\Marina Fernandes\Desktop\codeigniter marina\codeigniter4-CodeIgniter4-202f41a\system\Commands\Server\rewrite.php(43): require_once('C:\\Users\\Marina...')
#13 {main}
CRITICAL - 2022-05-06 08:43:10 --> Undefined variable: orders
#0 C:\Users\Marina Fernandes\Desktop\codeigniter marina\codeigniter4-CodeIgniter4-202f41a\app\Views\ordersView.php(28): CodeIgniter\Debug\Exceptions->errorHandler(8, 'Undefined varia...', 'C:\\Users\\Marina...', 28, Array)
#1 C:\Users\Marina Fernandes\Desktop\codeigniter marina\codeigniter4-CodeIgniter4-202f41a\system\View\View.php(210): include('C:\\Users\\Marina...')
#2 C:\Users\Marina Fernandes\Desktop\codeigniter marina\codeigniter4-CodeIgniter4-202f41a\system\View\View.php(213): CodeIgniter\View\View->CodeIgniter\View\{closure}()
#3 C:\Users\Marina Fernandes\Desktop\codeigniter marina\codeigniter4-CodeIgniter4-202f41a\system\Common.php(1089): CodeIgniter\View\View->render('ordersView', Array, true)
#4 C:\Users\Marina Fernandes\Desktop\codeigniter marina\codeigniter4-CodeIgniter4-202f41a\app\Controllers\Home.php(76): view('ordersView', Array)
#5 C:\Users\Marina Fernandes\Desktop\codeigniter marina\codeigniter4-CodeIgniter4-202f41a\system\CodeIgniter.php(832): App\Controllers\Home->productsview()
#6 C:\Users\Marina Fernandes\Desktop\codeigniter marina\codeigniter4-CodeIgniter4-202f41a\system\CodeIgniter.php(419): CodeIgniter\CodeIgniter->runController(Object(App\Controllers\Home))
#7 C:\Users\Marina Fernandes\Desktop\codeigniter marina\codeigniter4-CodeIgniter4-202f41a\system\CodeIgniter.php(326): CodeIgniter\CodeIgniter->handleRequest(NULL, Object(Config\Cache), false)
#8 C:\Users\Marina Fernandes\Desktop\codeigniter marina\codeigniter4-CodeIgniter4-202f41a\public\index.php(37): CodeIgniter\CodeIgniter->run()
#9 C:\Users\Marina Fernandes\Desktop\codeigniter marina\codeigniter4-CodeIgniter4-202f41a\system\Commands\Server\rewrite.php(43): require_once('C:\\Users\\Marina...')
#10 {main}
CRITICAL - 2022-05-06 08:43:24 --> Undefined variable: orders
#0 C:\Users\Marina Fernandes\Desktop\codeigniter marina\codeigniter4-CodeIgniter4-202f41a\app\Views\ordersView.php(28): CodeIgniter\Debug\Exceptions->errorHandler(8, 'Undefined varia...', 'C:\\Users\\Marina...', 28, Array)
#1 C:\Users\Marina Fernandes\Desktop\codeigniter marina\codeigniter4-CodeIgniter4-202f41a\system\View\View.php(210): include('C:\\Users\\Marina...')
#2 C:\Users\Marina Fernandes\Desktop\codeigniter marina\codeigniter4-CodeIgniter4-202f41a\system\View\View.php(213): CodeIgniter\View\View->CodeIgniter\View\{closure}()
#3 C:\Users\Marina Fernandes\Desktop\codeigniter marina\codeigniter4-CodeIgniter4-202f41a\system\Common.php(1089): CodeIgniter\View\View->render('ordersView', Array, true)
#4 C:\Users\Marina Fernandes\Desktop\codeigniter marina\codeigniter4-CodeIgniter4-202f41a\app\Controllers\Home.php(76): view('ordersView', Array)
#5 C:\Users\Marina Fernandes\Desktop\codeigniter marina\codeigniter4-CodeIgniter4-202f41a\system\CodeIgniter.php(832): App\Controllers\Home->productsview()
#6 C:\Users\Marina Fernandes\Desktop\codeigniter marina\codeigniter4-CodeIgniter4-202f41a\system\CodeIgniter.php(419): CodeIgniter\CodeIgniter->runController(Object(App\Controllers\Home))
#7 C:\Users\Marina Fernandes\Desktop\codeigniter marina\codeigniter4-CodeIgniter4-202f41a\system\CodeIgniter.php(326): CodeIgniter\CodeIgniter->handleRequest(NULL, Object(Config\Cache), false)
#8 C:\Users\Marina Fernandes\Desktop\codeigniter marina\codeigniter4-CodeIgniter4-202f41a\public\index.php(37): CodeIgniter\CodeIgniter->run()
#9 C:\Users\Marina Fernandes\Desktop\codeigniter marina\codeigniter4-CodeIgniter4-202f41a\system\Commands\Server\rewrite.php(43): require_once('C:\\Users\\Marina...')
#10 {main}
CRITICAL - 2022-05-06 08:43:30 --> Undefined variable: orders
#0 C:\Users\Marina Fernandes\Desktop\codeigniter marina\codeigniter4-CodeIgniter4-202f41a\app\Views\ordersView.php(28): CodeIgniter\Debug\Exceptions->errorHandler(8, 'Undefined varia...', 'C:\\Users\\Marina...', 28, Array)
#1 C:\Users\Marina Fernandes\Desktop\codeigniter marina\codeigniter4-CodeIgniter4-202f41a\system\View\View.php(210): include('C:\\Users\\Marina...')
#2 C:\Users\Marina Fernandes\Desktop\codeigniter marina\codeigniter4-CodeIgniter4-202f41a\system\View\View.php(213): CodeIgniter\View\View->CodeIgniter\View\{closure}()
#3 C:\Users\Marina Fernandes\Desktop\codeigniter marina\codeigniter4-CodeIgniter4-202f41a\system\Common.php(1089): CodeIgniter\View\View->render('ordersView', Array, true)
#4 C:\Users\Marina Fernandes\Desktop\codeigniter marina\codeigniter4-CodeIgniter4-202f41a\app\Controllers\Home.php(76): view('ordersView', Array)
#5 C:\Users\Marina Fernandes\Desktop\codeigniter marina\codeigniter4-CodeIgniter4-202f41a\system\CodeIgniter.php(832): App\Controllers\Home->productsview()
#6 C:\Users\Marina Fernandes\Desktop\codeigniter marina\codeigniter4-CodeIgniter4-202f41a\system\CodeIgniter.php(419): CodeIgniter\CodeIgniter->runController(Object(App\Controllers\Home))
#7 C:\Users\Marina Fernandes\Desktop\codeigniter marina\codeigniter4-CodeIgniter4-202f41a\system\CodeIgniter.php(326): CodeIgniter\CodeIgniter->handleRequest(NULL, Object(Config\Cache), false)
#8 C:\Users\Marina Fernandes\Desktop\codeigniter marina\codeigniter4-CodeIgniter4-202f41a\public\index.php(37): CodeIgniter\CodeIgniter->run()
#9 C:\Users\Marina Fernandes\Desktop\codeigniter marina\codeigniter4-CodeIgniter4-202f41a\system\Commands\Server\rewrite.php(43): require_once('C:\\Users\\Marina...')
#10 {main}
CRITICAL - 2022-05-06 08:43:31 --> Undefined variable: orders
#0 C:\Users\Marina Fernandes\Desktop\codeigniter marina\codeigniter4-CodeIgniter4-202f41a\app\Views\ordersView.php(28): CodeIgniter\Debug\Exceptions->errorHandler(8, 'Undefined varia...', 'C:\\Users\\Marina...', 28, Array)
#1 C:\Users\Marina Fernandes\Desktop\codeigniter marina\codeigniter4-CodeIgniter4-202f41a\system\View\View.php(210): include('C:\\Users\\Marina...')
#2 C:\Users\Marina Fernandes\Desktop\codeigniter marina\codeigniter4-CodeIgniter4-202f41a\system\View\View.php(213): CodeIgniter\View\View->CodeIgniter\View\{closure}()
#3 C:\Users\Marina Fernandes\Desktop\codeigniter marina\codeigniter4-CodeIgniter4-202f41a\system\Common.php(1089): CodeIgniter\View\View->render('ordersView', Array, true)
#4 C:\Users\Marina Fernandes\Desktop\codeigniter marina\codeigniter4-CodeIgniter4-202f41a\app\Controllers\Home.php(76): view('ordersView', Array)
#5 C:\Users\Marina Fernandes\Desktop\codeigniter marina\codeigniter4-CodeIgniter4-202f41a\system\CodeIgniter.php(832): App\Controllers\Home->productsview()
#6 C:\Users\Marina Fernandes\Desktop\codeigniter marina\codeigniter4-CodeIgniter4-202f41a\system\CodeIgniter.php(419): CodeIgniter\CodeIgniter->runController(Object(App\Controllers\Home))
#7 C:\Users\Marina Fernandes\Desktop\codeigniter marina\codeigniter4-CodeIgniter4-202f41a\system\CodeIgniter.php(326): CodeIgniter\CodeIgniter->handleRequest(NULL, Object(Config\Cache), false)
#8 C:\Users\Marina Fernandes\Desktop\codeigniter marina\codeigniter4-CodeIgniter4-202f41a\public\index.php(37): CodeIgniter\CodeIgniter->run()
#9 C:\Users\Marina Fernandes\Desktop\codeigniter marina\codeigniter4-CodeIgniter4-202f41a\system\Commands\Server\rewrite.php(43): require_once('C:\\Users\\Marina...')
#10 {main}
CRITICAL - 2022-05-06 08:43:37 --> Undefined variable: orders
#0 C:\Users\Marina Fernandes\Desktop\codeigniter marina\codeigniter4-CodeIgniter4-202f41a\app\Views\ordersView.php(28): CodeIgniter\Debug\Exceptions->errorHandler(8, 'Undefined varia...', 'C:\\Users\\Marina...', 28, Array)
#1 C:\Users\Marina Fernandes\Desktop\codeigniter marina\codeigniter4-CodeIgniter4-202f41a\system\View\View.php(210): include('C:\\Users\\Marina...')
#2 C:\Users\Marina Fernandes\Desktop\codeigniter marina\codeigniter4-CodeIgniter4-202f41a\system\View\View.php(213): CodeIgniter\View\View->CodeIgniter\View\{closure}()
#3 C:\Users\Marina Fernandes\Desktop\codeigniter marina\codeigniter4-CodeIgniter4-202f41a\system\Common.php(1089): CodeIgniter\View\View->render('ordersView', Array, true)
#4 C:\Users\Marina Fernandes\Desktop\codeigniter marina\codeigniter4-CodeIgniter4-202f41a\app\Controllers\Home.php(76): view('ordersView', Array)
#5 C:\Users\Marina Fernandes\Desktop\codeigniter marina\codeigniter4-CodeIgniter4-202f41a\system\CodeIgniter.php(832): App\Controllers\Home->productsview()
#6 C:\Users\Marina Fernandes\Desktop\codeigniter marina\codeigniter4-CodeIgniter4-202f41a\system\CodeIgniter.php(419): CodeIgniter\CodeIgniter->runController(Object(App\Controllers\Home))
#7 C:\Users\Marina Fernandes\Desktop\codeigniter marina\codeigniter4-CodeIgniter4-202f41a\system\CodeIgniter.php(326): CodeIgniter\CodeIgniter->handleRequest(NULL, Object(Config\Cache), false)
#8 C:\Users\Marina Fernandes\Desktop\codeigniter marina\codeigniter4-CodeIgniter4-202f41a\public\index.php(37): CodeIgniter\CodeIgniter->run()
#9 C:\Users\Marina Fernandes\Desktop\codeigniter marina\codeigniter4-CodeIgniter4-202f41a\system\Commands\Server\rewrite.php(43): require_once('C:\\Users\\Marina...')
#10 {main}
CRITICAL - 2022-05-06 08:44:03 --> Undefined variable: orders
#0 C:\Users\Marina Fernandes\Desktop\codeigniter marina\codeigniter4-CodeIgniter4-202f41a\app\Views\ordersView.php(28): CodeIgniter\Debug\Exceptions->errorHandler(8, 'Undefined varia...', 'C:\\Users\\Marina...', 28, Array)
#1 C:\Users\Marina Fernandes\Desktop\codeigniter marina\codeigniter4-CodeIgniter4-202f41a\system\View\View.php(210): include('C:\\Users\\Marina...')
#2 C:\Users\Marina Fernandes\Desktop\codeigniter marina\codeigniter4-CodeIgniter4-202f41a\system\View\View.php(213): CodeIgniter\View\View->CodeIgniter\View\{closure}()
#3 C:\Users\Marina Fernandes\Desktop\codeigniter marina\codeigniter4-CodeIgniter4-202f41a\system\Common.php(1089): CodeIgniter\View\View->render('ordersView', Array, true)
#4 C:\Users\Marina Fernandes\Desktop\codeigniter marina\codeigniter4-CodeIgniter4-202f41a\app\Controllers\Home.php(76): view('ordersView', Array)
#5 C:\Users\Marina Fernandes\Desktop\codeigniter marina\codeigniter4-CodeIgniter4-202f41a\system\CodeIgniter.php(832): App\Controllers\Home->productsview()
#6 C:\Users\Marina Fernandes\Desktop\codeigniter marina\codeigniter4-CodeIgniter4-202f41a\system\CodeIgniter.php(419): CodeIgniter\CodeIgniter->runController(Object(App\Controllers\Home))
#7 C:\Users\Marina Fernandes\Desktop\codeigniter marina\codeigniter4-CodeIgniter4-202f41a\system\CodeIgniter.php(326): CodeIgniter\CodeIgniter->handleRequest(NULL, Object(Config\Cache), false)
#8 C:\Users\Marina Fernandes\Desktop\codeigniter marina\codeigniter4-CodeIgniter4-202f41a\public\index.php(37): CodeIgniter\CodeIgniter->run()
#9 C:\Users\Marina Fernandes\Desktop\codeigniter marina\codeigniter4-CodeIgniter4-202f41a\system\Commands\Server\rewrite.php(43): require_once('C:\\Users\\Marina...')
#10 {main}
CRITICAL - 2022-05-06 08:44:29 --> Undefined variable: orders
#0 C:\Users\Marina Fernandes\Desktop\codeigniter marina\codeigniter4-CodeIgniter4-202f41a\app\Views\ordersView.php(28): CodeIgniter\Debug\Exceptions->errorHandler(8, 'Undefined varia...', 'C:\\Users\\Marina...', 28, Array)
#1 C:\Users\Marina Fernandes\Desktop\codeigniter marina\codeigniter4-CodeIgniter4-202f41a\system\View\View.php(210): include('C:\\Users\\Marina...')
#2 C:\Users\Marina Fernandes\Desktop\codeigniter marina\codeigniter4-CodeIgniter4-202f41a\system\View\View.php(213): CodeIgniter\View\View->CodeIgniter\View\{closure}()
#3 C:\Users\Marina Fernandes\Desktop\codeigniter marina\codeigniter4-CodeIgniter4-202f41a\system\Common.php(1089): CodeIgniter\View\View->render('ordersView', Array, true)
#4 C:\Users\Marina Fernandes\Desktop\codeigniter marina\codeigniter4-CodeIgniter4-202f41a\app\Controllers\Home.php(76): view('ordersView', Array)
#5 C:\Users\Marina Fernandes\Desktop\codeigniter marina\codeigniter4-CodeIgniter4-202f41a\system\CodeIgniter.php(832): App\Controllers\Home->productsview()
#6 C:\Users\Marina Fernandes\Desktop\codeigniter marina\codeigniter4-CodeIgniter4-202f41a\system\CodeIgniter.php(419): CodeIgniter\CodeIgniter->runController(Object(App\Controllers\Home))
#7 C:\Users\Marina Fernandes\Desktop\codeigniter marina\codeigniter4-CodeIgniter4-202f41a\system\CodeIgniter.php(326): CodeIgniter\CodeIgniter->handleRequest(NULL, Object(Config\Cache), false)
#8 C:\Users\Marina Fernandes\Desktop\codeigniter marina\codeigniter4-CodeIgniter4-202f41a\public\index.php(37): CodeIgniter\CodeIgniter->run()
#9 C:\Users\Marina Fernandes\Desktop\codeigniter marina\codeigniter4-CodeIgniter4-202f41a\system\Commands\Server\rewrite.php(43): require_once('C:\\Users\\Marina...')
#10 {main}
CRITICAL - 2022-05-06 08:45:23 --> Undefined index: idproduto
#0 C:\Users\Marina Fernandes\Desktop\codeigniter marina\codeigniter4-CodeIgniter4-202f41a\app\Views\productsView.php(46): CodeIgniter\Debug\Exceptions->errorHandler(8, 'Undefined index...', 'C:\\Users\\Marina...', 46, Array)
#1 C:\Users\Marina Fernandes\Desktop\codeigniter marina\codeigniter4-CodeIgniter4-202f41a\system\View\View.php(210): include('C:\\Users\\Marina...')
#2 C:\Users\Marina Fernandes\Desktop\codeigniter marina\codeigniter4-CodeIgniter4-202f41a\system\View\View.php(213): CodeIgniter\View\View->CodeIgniter\View\{closure}()
#3 C:\Users\Marina Fernandes\Desktop\codeigniter marina\codeigniter4-CodeIgniter4-202f41a\system\Common.php(1089): CodeIgniter\View\View->render('productsView', Array, true)
#4 C:\Users\Marina Fernandes\Desktop\codeigniter marina\codeigniter4-CodeIgniter4-202f41a\app\Controllers\Home.php(76): view('productsView', Array)
#5 C:\Users\Marina Fernandes\Desktop\codeigniter marina\codeigniter4-CodeIgniter4-202f41a\system\CodeIgniter.php(832): App\Controllers\Home->productsview()
#6 C:\Users\Marina Fernandes\Desktop\codeigniter marina\codeigniter4-CodeIgniter4-202f41a\system\CodeIgniter.php(419): CodeIgniter\CodeIgniter->runController(Object(App\Controllers\Home))
#7 C:\Users\Marina Fernandes\Desktop\codeigniter marina\codeigniter4-CodeIgniter4-202f41a\system\CodeIgniter.php(326): CodeIgniter\CodeIgniter->handleRequest(NULL, Object(Config\Cache), false)
#8 C:\Users\Marina Fernandes\Desktop\codeigniter marina\codeigniter4-CodeIgniter4-202f41a\public\index.php(37): CodeIgniter\CodeIgniter->run()
#9 C:\Users\Marina Fernandes\Desktop\codeigniter marina\codeigniter4-CodeIgniter4-202f41a\system\Commands\Server\rewrite.php(43): require_once('C:\\Users\\Marina...')
#10 {main}
CRITICAL - 2022-05-06 08:46:12 --> Undefined variable: row
#0 C:\Users\Marina Fernandes\Desktop\codeigniter marina\codeigniter4-CodeIgniter4-202f41a\app\Views\clientesView.php(39): CodeIgniter\Debug\Exceptions->errorHandler(8, 'Undefined varia...', 'C:\\Users\\Marina...', 39, Array)
#1 C:\Users\Marina Fernandes\Desktop\codeigniter marina\codeigniter4-CodeIgniter4-202f41a\system\View\View.php(210): include('C:\\Users\\Marina...')
#2 C:\Users\Marina Fernandes\Desktop\codeigniter marina\codeigniter4-CodeIgniter4-202f41a\system\View\View.php(213): CodeIgniter\View\View->CodeIgniter\View\{closure}()
#3 C:\Users\Marina Fernandes\Desktop\codeigniter marina\codeigniter4-CodeIgniter4-202f41a\system\Common.php(1089): CodeIgniter\View\View->render('clientesView', Array, true)
#4 C:\Users\Marina Fernandes\Desktop\codeigniter marina\codeigniter4-CodeIgniter4-202f41a\app\Controllers\Home.php(52): view('clientesView', Array)
#5 C:\Users\Marina Fernandes\Desktop\codeigniter marina\codeigniter4-CodeIgniter4-202f41a\system\CodeIgniter.php(832): App\Controllers\Home->clientesview()
#6 C:\Users\Marina Fernandes\Desktop\codeigniter marina\codeigniter4-CodeIgniter4-202f41a\system\CodeIgniter.php(419): CodeIgniter\CodeIgniter->runController(Object(App\Controllers\Home))
#7 C:\Users\Marina Fernandes\Desktop\codeigniter marina\codeigniter4-CodeIgniter4-202f41a\system\CodeIgniter.php(326): CodeIgniter\CodeIgniter->handleRequest(NULL, Object(Config\Cache), false)
#8 C:\Users\Marina Fernandes\Desktop\codeigniter marina\codeigniter4-CodeIgniter4-202f41a\public\index.php(37): CodeIgniter\CodeIgniter->run()
#9 C:\Users\Marina Fernandes\Desktop\codeigniter marina\codeigniter4-CodeIgniter4-202f41a\system\Commands\Server\rewrite.php(43): require_once('C:\\Users\\Marina...')
#10 {main}
CRITICAL - 2022-05-06 08:46:29 --> Undefined index: id
#0 C:\Users\Marina Fernandes\Desktop\codeigniter marina\codeigniter4-CodeIgniter4-202f41a\app\Views\clientesView.php(39): CodeIgniter\Debug\Exceptions->errorHandler(8, 'Undefined index...', 'C:\\Users\\Marina...', 39, Array)
#1 C:\Users\Marina Fernandes\Desktop\codeigniter marina\codeigniter4-CodeIgniter4-202f41a\system\View\View.php(210): include('C:\\Users\\Marina...')
#2 C:\Users\Marina Fernandes\Desktop\codeigniter marina\codeigniter4-CodeIgniter4-202f41a\system\View\View.php(213): CodeIgniter\View\View->CodeIgniter\View\{closure}()
#3 C:\Users\Marina Fernandes\Desktop\codeigniter marina\codeigniter4-CodeIgniter4-202f41a\system\Common.php(1089): CodeIgniter\View\View->render('clientesView', Array, true)
#4 C:\Users\Marina Fernandes\Desktop\codeigniter marina\codeigniter4-CodeIgniter4-202f41a\app\Controllers\Home.php(52): view('clientesView', Array)
#5 C:\Users\Marina Fernandes\Desktop\codeigniter marina\codeigniter4-CodeIgniter4-202f41a\system\CodeIgniter.php(832): App\Controllers\Home->clientesview()
#6 C:\Users\Marina Fernandes\Desktop\codeigniter marina\codeigniter4-CodeIgniter4-202f41a\system\CodeIgniter.php(419): CodeIgniter\CodeIgniter->runController(Object(App\Controllers\Home))
#7 C:\Users\Marina Fernandes\Desktop\codeigniter marina\codeigniter4-CodeIgniter4-202f41a\system\CodeIgniter.php(326): CodeIgniter\CodeIgniter->handleRequest(NULL, Object(Config\Cache), false)
#8 C:\Users\Marina Fernandes\Desktop\codeigniter marina\codeigniter4-CodeIgniter4-202f41a\public\index.php(37): CodeIgniter\CodeIgniter->run()
#9 C:\Users\Marina Fernandes\Desktop\codeigniter marina\codeigniter4-CodeIgniter4-202f41a\system\Commands\Server\rewrite.php(43): require_once('C:\\Users\\Marina...')
#10 {main}
CRITICAL - 2022-05-06 08:46:41 --> Undefined index: email
#0 C:\Users\Marina Fernandes\Desktop\codeigniter marina\codeigniter4-CodeIgniter4-202f41a\app\Views\clientesView.php(39): CodeIgniter\Debug\Exceptions->errorHandler(8, 'Undefined index...', 'C:\\Users\\Marina...', 39, Array)
#1 C:\Users\Marina Fernandes\Desktop\codeigniter marina\codeigniter4-CodeIgniter4-202f41a\system\View\View.php(210): include('C:\\Users\\Marina...')
#2 C:\Users\Marina Fernandes\Desktop\codeigniter marina\codeigniter4-CodeIgniter4-202f41a\system\View\View.php(213): CodeIgniter\View\View->CodeIgniter\View\{closure}()
#3 C:\Users\Marina Fernandes\Desktop\codeigniter marina\codeigniter4-CodeIgniter4-202f41a\system\Common.php(1089): CodeIgniter\View\View->render('clientesView', Array, true)
#4 C:\Users\Marina Fernandes\Desktop\codeigniter marina\codeigniter4-CodeIgniter4-202f41a\app\Controllers\Home.php(52): view('clientesView', Array)
#5 C:\Users\Marina Fernandes\Desktop\codeigniter marina\codeigniter4-CodeIgniter4-202f41a\system\CodeIgniter.php(832): App\Controllers\Home->clientesview()
#6 C:\Users\Marina Fernandes\Desktop\codeigniter marina\codeigniter4-CodeIgniter4-202f41a\system\CodeIgniter.php(419): CodeIgniter\CodeIgniter->runController(Object(App\Controllers\Home))
#7 C:\Users\Marina Fernandes\Desktop\codeigniter marina\codeigniter4-CodeIgniter4-202f41a\system\CodeIgniter.php(326): CodeIgniter\CodeIgniter->handleRequest(NULL, Object(Config\Cache), false)
#8 C:\Users\Marina Fernandes\Desktop\codeigniter marina\codeigniter4-CodeIgniter4-202f41a\public\index.php(37): CodeIgniter\CodeIgniter->run()
#9 C:\Users\Marina Fernandes\Desktop\codeigniter marina\codeigniter4-CodeIgniter4-202f41a\system\Commands\Server\rewrite.php(43): require_once('C:\\Users\\Marina...')
#10 {main}
CRITICAL - 2022-05-06 09:31:44 --> Undefined variable: products
#0 C:\Users\Marina Fernandes\Desktop\codeigniter marina\codeigniter4-CodeIgniter4-202f41a\app\Views\productsView.php(31): CodeIgniter\Debug\Exceptions->errorHandler(8, 'Undefined varia...', 'C:\\Users\\Marina...', 31, Array)
#1 C:\Users\Marina Fernandes\Desktop\codeigniter marina\codeigniter4-CodeIgniter4-202f41a\system\View\View.php(210): include('C:\\Users\\Marina...')
#2 C:\Users\Marina Fernandes\Desktop\codeigniter marina\codeigniter4-CodeIgniter4-202f41a\system\View\View.php(213): CodeIgniter\View\View->CodeIgniter\View\{closure}()
#3 C:\Users\Marina Fernandes\Desktop\codeigniter marina\codeigniter4-CodeIgniter4-202f41a\system\Common.php(1089): CodeIgniter\View\View->render('productsView', Array, true)
#4 C:\Users\Marina Fernandes\Desktop\codeigniter marina\codeigniter4-CodeIgniter4-202f41a\app\Controllers\Home.php(90): view('productsView', Array)
#5 C:\Users\Marina Fernandes\Desktop\codeigniter marina\codeigniter4-CodeIgniter4-202f41a\system\CodeIgniter.php(832): App\Controllers\Home->categoriesview()
#6 C:\Users\Marina Fernandes\Desktop\codeigniter marina\codeigniter4-CodeIgniter4-202f41a\system\CodeIgniter.php(419): CodeIgniter\CodeIgniter->runController(Object(App\Controllers\Home))
#7 C:\Users\Marina Fernandes\Desktop\codeigniter marina\codeigniter4-CodeIgniter4-202f41a\system\CodeIgniter.php(326): CodeIgniter\CodeIgniter->handleRequest(NULL, Object(Config\Cache), false)
#8 C:\Users\Marina Fernandes\Desktop\codeigniter marina\codeigniter4-CodeIgniter4-202f41a\public\index.php(37): CodeIgniter\CodeIgniter->run()
#9 C:\Users\Marina Fernandes\Desktop\codeigniter marina\codeigniter4-CodeIgniter4-202f41a\system\Commands\Server\rewrite.php(43): require_once('C:\\Users\\Marina...')
#10 {main}
CRITICAL - 2022-05-06 09:32:24 --> Undefined variable: id
#0 C:\Users\Marina Fernandes\Desktop\codeigniter marina\codeigniter4-CodeIgniter4-202f41a\app\Views\editOrderView.php(10): CodeIgniter\Debug\Exceptions->errorHandler(8, 'Undefined varia...', 'C:\\Users\\Marina...', 10, Array)
#1 C:\Users\Marina Fernandes\Desktop\codeigniter marina\codeigniter4-CodeIgniter4-202f41a\system\View\View.php(210): include('C:\\Users\\Marina...')
#2 C:\Users\Marina Fernandes\Desktop\codeigniter marina\codeigniter4-CodeIgniter4-202f41a\system\View\View.php(213): CodeIgniter\View\View->CodeIgniter\View\{closure}()
#3 C:\Users\Marina Fernandes\Desktop\codeigniter marina\codeigniter4-CodeIgniter4-202f41a\system\Common.php(1089): CodeIgniter\View\View->render('editOrderView', Array, true)
#4 C:\Users\Marina Fernandes\Desktop\codeigniter marina\codeigniter4-CodeIgniter4-202f41a\app\Controllers\Home.php(130): view('editOrderView', Array)
#5 C:\Users\Marina Fernandes\Desktop\codeigniter marina\codeigniter4-CodeIgniter4-202f41a\system\CodeIgniter.php(832): App\Controllers\Home->editOrder('2')
#6 C:\Users\Marina Fernandes\Desktop\codeigniter marina\codeigniter4-CodeIgniter4-202f41a\system\CodeIgniter.php(419): CodeIgniter\CodeIgniter->runController(Object(App\Controllers\Home))
#7 C:\Users\Marina Fernandes\Desktop\codeigniter marina\codeigniter4-CodeIgniter4-202f41a\system\CodeIgniter.php(326): CodeIgniter\CodeIgniter->handleRequest(NULL, Object(Config\Cache), false)
#8 C:\Users\Marina Fernandes\Desktop\codeigniter marina\codeigniter4-CodeIgniter4-202f41a\public\index.php(37): CodeIgniter\CodeIgniter->run()
#9 C:\Users\Marina Fernandes\Desktop\codeigniter marina\codeigniter4-CodeIgniter4-202f41a\system\Commands\Server\rewrite.php(43): require_once('C:\\Users\\Marina...')
#10 {main}
