CRITICAL - 2022-05-15 07:28:21 --> Undefined index: idproduto
#0 C:\Users\Marina Fernandes\Desktop\codeigniter marina\codeigniter4-CodeIgniter4-202f41a\app\Models\ProductsModel.php(113): CodeIgniter\Debug\Exceptions->errorHandler(8, 'Undefined index...', 'C:\\Users\\Marina...', 113, Array)
#1 C:\Users\Marina Fernandes\Desktop\codeigniter marina\codeigniter4-CodeIgniter4-202f41a\app\Controllers\Home.php(214): App\Models\ProductsModel->verificar(Array)
#2 C:\Users\Marina Fernandes\Desktop\codeigniter marina\codeigniter4-CodeIgniter4-202f41a\system\CodeIgniter.php(832): App\Controllers\Home->editOrderToDB('9')
#3 C:\Users\Marina Fernandes\Desktop\codeigniter marina\codeigniter4-CodeIgniter4-202f41a\system\CodeIgniter.php(419): CodeIgniter\CodeIgniter->runController(Object(App\Controllers\Home))
#4 C:\Users\Marina Fernandes\Desktop\codeigniter marina\codeigniter4-CodeIgniter4-202f41a\system\CodeIgniter.php(326): CodeIgniter\CodeIgniter->handleRequest(NULL, Object(Config\Cache), false)
#5 C:\Users\Marina Fernandes\Desktop\codeigniter marina\codeigniter4-CodeIgniter4-202f41a\public\index.php(37): CodeIgniter\CodeIgniter->run()
#6 C:\Users\Marina Fernandes\Desktop\codeigniter marina\codeigniter4-CodeIgniter4-202f41a\system\Commands\Server\rewrite.php(43): require_once('C:\\Users\\Marina...')
#7 {main}
CRITICAL - 2022-05-15 08:30:56 --> Undefined index: quantidade
#0 C:\Users\Marina Fernandes\Desktop\codeigniter marina\codeigniter4-CodeIgniter4-202f41a\app\Models\ProductsModel.php(128): CodeIgniter\Debug\Exceptions->errorHandler(8, 'Undefined index...', 'C:\\Users\\Marina...', 128, Array)
#1 C:\Users\Marina Fernandes\Desktop\codeigniter marina\codeigniter4-CodeIgniter4-202f41a\app\Controllers\Home.php(504): App\Models\ProductsModel->update_product('17', Array)
#2 C:\Users\Marina Fernandes\Desktop\codeigniter marina\codeigniter4-CodeIgniter4-202f41a\system\CodeIgniter.php(832): App\Controllers\Home->editProdutoToDB('17')
#3 C:\Users\Marina Fernandes\Desktop\codeigniter marina\codeigniter4-CodeIgniter4-202f41a\system\CodeIgniter.php(419): CodeIgniter\CodeIgniter->runController(Object(App\Controllers\Home))
#4 C:\Users\Marina Fernandes\Desktop\codeigniter marina\codeigniter4-CodeIgniter4-202f41a\system\CodeIgniter.php(326): CodeIgniter\CodeIgniter->handleRequest(NULL, Object(Config\Cache), false)
#5 C:\Users\Marina Fernandes\Desktop\codeigniter marina\codeigniter4-CodeIgniter4-202f41a\public\index.php(37): CodeIgniter\CodeIgniter->run()
#6 C:\Users\Marina Fernandes\Desktop\codeigniter marina\codeigniter4-CodeIgniter4-202f41a\system\Commands\Server\rewrite.php(43): require_once('C:\\Users\\Marina...')
#7 {main}
CRITICAL - 2022-05-15 09:29:30 --> You have an error in your SQL syntax; check the manual that corresponds to your MariaDB server version for the right syntax to use near 'WHERE `id` = '6'' at line 2
#0 C:\Users\Marina Fernandes\Desktop\codeigniter marina\codeigniter4-CodeIgniter4-202f41a\system\Database\MySQLi\Connection.php(292): mysqli->query('UPDATE `produto...', 0)
#1 C:\Users\Marina Fernandes\Desktop\codeigniter marina\codeigniter4-CodeIgniter4-202f41a\system\Database\BaseConnection.php(670): CodeIgniter\Database\MySQLi\Connection->execute('UPDATE `produto...')
#2 C:\Users\Marina Fernandes\Desktop\codeigniter marina\codeigniter4-CodeIgniter4-202f41a\system\Database\BaseConnection.php(598): CodeIgniter\Database\BaseConnection->simpleQuery('UPDATE `produto...')
#3 C:\Users\Marina Fernandes\Desktop\codeigniter marina\codeigniter4-CodeIgniter4-202f41a\system\Database\BaseBuilder.php(1913): CodeIgniter\Database\BaseConnection->query('UPDATE `produto...', Array, false)
#4 C:\Users\Marina Fernandes\Desktop\codeigniter marina\codeigniter4-CodeIgniter4-202f41a\system\Model.php(298): CodeIgniter\Database\BaseBuilder->update()
#5 C:\Users\Marina Fernandes\Desktop\codeigniter marina\codeigniter4-CodeIgniter4-202f41a\system\BaseModel.php(865): CodeIgniter\Model->doUpdate(NULL, Array)
#6 C:\Users\Marina Fernandes\Desktop\codeigniter marina\codeigniter4-CodeIgniter4-202f41a\system\Model.php(651): CodeIgniter\BaseModel->update(NULL, Array)
#7 C:\Users\Marina Fernandes\Desktop\codeigniter marina\codeigniter4-CodeIgniter4-202f41a\app\Models\ProductsModel.php(144): CodeIgniter\Model->update(NULL, Array)
#8 C:\Users\Marina Fernandes\Desktop\codeigniter marina\codeigniter4-CodeIgniter4-202f41a\app\Controllers\Home.php(485): App\Models\ProductsModel->update_quantidade(Array)
#9 C:\Users\Marina Fernandes\Desktop\codeigniter marina\codeigniter4-CodeIgniter4-202f41a\system\CodeIgniter.php(832): App\Controllers\Home->insertOrderToDB()
#10 C:\Users\Marina Fernandes\Desktop\codeigniter marina\codeigniter4-CodeIgniter4-202f41a\system\CodeIgniter.php(419): CodeIgniter\CodeIgniter->runController(Object(App\Controllers\Home))
#11 C:\Users\Marina Fernandes\Desktop\codeigniter marina\codeigniter4-CodeIgniter4-202f41a\system\CodeIgniter.php(326): CodeIgniter\CodeIgniter->handleRequest(NULL, Object(Config\Cache), false)
#12 C:\Users\Marina Fernandes\Desktop\codeigniter marina\codeigniter4-CodeIgniter4-202f41a\public\index.php(37): CodeIgniter\CodeIgniter->run()
#13 C:\Users\Marina Fernandes\Desktop\codeigniter marina\codeigniter4-CodeIgniter4-202f41a\system\Commands\Server\rewrite.php(43): require_once('C:\\Users\\Marina...')
#14 {main}
