CRITICAL - 2022-05-30 15:33:16 --> Undefined index: numero
#0 C:\Users\Marina Fernandes\Desktop\codeignier 2\codeigniter4-CodeIgniter4-202f41a\app\Views\menu.php(16): CodeIgniter\Debug\Exceptions->errorHandler(8, 'Undefined index...', 'C:\\Users\\Marina...', 16, Array)
#1 C:\Users\Marina Fernandes\Desktop\codeignier 2\codeigniter4-CodeIgniter4-202f41a\system\View\View.php(210): include('C:\\Users\\Marina...')
#2 C:\Users\Marina Fernandes\Desktop\codeignier 2\codeigniter4-CodeIgniter4-202f41a\system\View\View.php(213): CodeIgniter\View\View->CodeIgniter\View\{closure}()
#3 C:\Users\Marina Fernandes\Desktop\codeignier 2\codeigniter4-CodeIgniter4-202f41a\system\Common.php(1089): CodeIgniter\View\View->render('menu', Array, true)
#4 C:\Users\Marina Fernandes\Desktop\codeignier 2\codeigniter4-CodeIgniter4-202f41a\app\Controllers\Home.php(57): view('menu', Array)
#5 C:\Users\Marina Fernandes\Desktop\codeignier 2\codeigniter4-CodeIgniter4-202f41a\system\CodeIgniter.php(832): App\Controllers\Home->menu()
#6 C:\Users\Marina Fernandes\Desktop\codeignier 2\codeigniter4-CodeIgniter4-202f41a\system\CodeIgniter.php(419): CodeIgniter\CodeIgniter->runController(Object(App\Controllers\Home))
#7 C:\Users\Marina Fernandes\Desktop\codeignier 2\codeigniter4-CodeIgniter4-202f41a\system\CodeIgniter.php(326): CodeIgniter\CodeIgniter->handleRequest(NULL, Object(Config\Cache), false)
#8 C:\Users\Marina Fernandes\Desktop\codeignier 2\codeigniter4-CodeIgniter4-202f41a\public\index.php(37): CodeIgniter\CodeIgniter->run()
#9 C:\Users\Marina Fernandes\Desktop\codeignier 2\codeigniter4-CodeIgniter4-202f41a\system\Commands\Server\rewrite.php(43): require_once('C:\\Users\\Marina...')
#10 {main}
CRITICAL - 2022-05-30 15:33:37 --> Undefined index: numero
#0 C:\Users\Marina Fernandes\Desktop\codeignier 2\codeigniter4-CodeIgniter4-202f41a\app\Views\menu.php(16): CodeIgniter\Debug\Exceptions->errorHandler(8, 'Undefined index...', 'C:\\Users\\Marina...', 16, Array)
#1 C:\Users\Marina Fernandes\Desktop\codeignier 2\codeigniter4-CodeIgniter4-202f41a\system\View\View.php(210): include('C:\\Users\\Marina...')
#2 C:\Users\Marina Fernandes\Desktop\codeignier 2\codeigniter4-CodeIgniter4-202f41a\system\View\View.php(213): CodeIgniter\View\View->CodeIgniter\View\{closure}()
#3 C:\Users\Marina Fernandes\Desktop\codeignier 2\codeigniter4-CodeIgniter4-202f41a\system\Common.php(1089): CodeIgniter\View\View->render('menu', Array, true)
#4 C:\Users\Marina Fernandes\Desktop\codeignier 2\codeigniter4-CodeIgniter4-202f41a\app\Controllers\Home.php(57): view('menu', Array)
#5 C:\Users\Marina Fernandes\Desktop\codeignier 2\codeigniter4-CodeIgniter4-202f41a\system\CodeIgniter.php(832): App\Controllers\Home->menu()
#6 C:\Users\Marina Fernandes\Desktop\codeignier 2\codeigniter4-CodeIgniter4-202f41a\system\CodeIgniter.php(419): CodeIgniter\CodeIgniter->runController(Object(App\Controllers\Home))
#7 C:\Users\Marina Fernandes\Desktop\codeignier 2\codeigniter4-CodeIgniter4-202f41a\system\CodeIgniter.php(326): CodeIgniter\CodeIgniter->handleRequest(NULL, Object(Config\Cache), false)
#8 C:\Users\Marina Fernandes\Desktop\codeignier 2\codeigniter4-CodeIgniter4-202f41a\public\index.php(37): CodeIgniter\CodeIgniter->run()
#9 C:\Users\Marina Fernandes\Desktop\codeignier 2\codeigniter4-CodeIgniter4-202f41a\system\Commands\Server\rewrite.php(43): require_once('C:\\Users\\Marina...')
#10 {main}
CRITICAL - 2022-05-30 15:33:38 --> Undefined index: numero
#0 C:\Users\Marina Fernandes\Desktop\codeignier 2\codeigniter4-CodeIgniter4-202f41a\app\Views\menu.php(16): CodeIgniter\Debug\Exceptions->errorHandler(8, 'Undefined index...', 'C:\\Users\\Marina...', 16, Array)
#1 C:\Users\Marina Fernandes\Desktop\codeignier 2\codeigniter4-CodeIgniter4-202f41a\system\View\View.php(210): include('C:\\Users\\Marina...')
#2 C:\Users\Marina Fernandes\Desktop\codeignier 2\codeigniter4-CodeIgniter4-202f41a\system\View\View.php(213): CodeIgniter\View\View->CodeIgniter\View\{closure}()
#3 C:\Users\Marina Fernandes\Desktop\codeignier 2\codeigniter4-CodeIgniter4-202f41a\system\Common.php(1089): CodeIgniter\View\View->render('menu', Array, true)
#4 C:\Users\Marina Fernandes\Desktop\codeignier 2\codeigniter4-CodeIgniter4-202f41a\app\Controllers\Home.php(57): view('menu', Array)
#5 C:\Users\Marina Fernandes\Desktop\codeignier 2\codeigniter4-CodeIgniter4-202f41a\system\CodeIgniter.php(832): App\Controllers\Home->menu()
#6 C:\Users\Marina Fernandes\Desktop\codeignier 2\codeigniter4-CodeIgniter4-202f41a\system\CodeIgniter.php(419): CodeIgniter\CodeIgniter->runController(Object(App\Controllers\Home))
#7 C:\Users\Marina Fernandes\Desktop\codeignier 2\codeigniter4-CodeIgniter4-202f41a\system\CodeIgniter.php(326): CodeIgniter\CodeIgniter->handleRequest(NULL, Object(Config\Cache), false)
#8 C:\Users\Marina Fernandes\Desktop\codeignier 2\codeigniter4-CodeIgniter4-202f41a\public\index.php(37): CodeIgniter\CodeIgniter->run()
#9 C:\Users\Marina Fernandes\Desktop\codeignier 2\codeigniter4-CodeIgniter4-202f41a\system\Commands\Server\rewrite.php(43): require_once('C:\\Users\\Marina...')
#10 {main}
CRITICAL - 2022-05-30 15:33:39 --> Undefined index: numero
#0 C:\Users\Marina Fernandes\Desktop\codeignier 2\codeigniter4-CodeIgniter4-202f41a\app\Views\menu.php(16): CodeIgniter\Debug\Exceptions->errorHandler(8, 'Undefined index...', 'C:\\Users\\Marina...', 16, Array)
#1 C:\Users\Marina Fernandes\Desktop\codeignier 2\codeigniter4-CodeIgniter4-202f41a\system\View\View.php(210): include('C:\\Users\\Marina...')
#2 C:\Users\Marina Fernandes\Desktop\codeignier 2\codeigniter4-CodeIgniter4-202f41a\system\View\View.php(213): CodeIgniter\View\View->CodeIgniter\View\{closure}()
#3 C:\Users\Marina Fernandes\Desktop\codeignier 2\codeigniter4-CodeIgniter4-202f41a\system\Common.php(1089): CodeIgniter\View\View->render('menu', Array, true)
#4 C:\Users\Marina Fernandes\Desktop\codeignier 2\codeigniter4-CodeIgniter4-202f41a\app\Controllers\Home.php(57): view('menu', Array)
#5 C:\Users\Marina Fernandes\Desktop\codeignier 2\codeigniter4-CodeIgniter4-202f41a\system\CodeIgniter.php(832): App\Controllers\Home->menu()
#6 C:\Users\Marina Fernandes\Desktop\codeignier 2\codeigniter4-CodeIgniter4-202f41a\system\CodeIgniter.php(419): CodeIgniter\CodeIgniter->runController(Object(App\Controllers\Home))
#7 C:\Users\Marina Fernandes\Desktop\codeignier 2\codeigniter4-CodeIgniter4-202f41a\system\CodeIgniter.php(326): CodeIgniter\CodeIgniter->handleRequest(NULL, Object(Config\Cache), false)
#8 C:\Users\Marina Fernandes\Desktop\codeignier 2\codeigniter4-CodeIgniter4-202f41a\public\index.php(37): CodeIgniter\CodeIgniter->run()
#9 C:\Users\Marina Fernandes\Desktop\codeignier 2\codeigniter4-CodeIgniter4-202f41a\system\Commands\Server\rewrite.php(43): require_once('C:\\Users\\Marina...')
#10 {main}
CRITICAL - 2022-05-30 15:33:58 --> Undefined index: numero
#0 C:\Users\Marina Fernandes\Desktop\codeignier 2\codeigniter4-CodeIgniter4-202f41a\app\Views\menu.php(16): CodeIgniter\Debug\Exceptions->errorHandler(8, 'Undefined index...', 'C:\\Users\\Marina...', 16, Array)
#1 C:\Users\Marina Fernandes\Desktop\codeignier 2\codeigniter4-CodeIgniter4-202f41a\system\View\View.php(210): include('C:\\Users\\Marina...')
#2 C:\Users\Marina Fernandes\Desktop\codeignier 2\codeigniter4-CodeIgniter4-202f41a\system\View\View.php(213): CodeIgniter\View\View->CodeIgniter\View\{closure}()
#3 C:\Users\Marina Fernandes\Desktop\codeignier 2\codeigniter4-CodeIgniter4-202f41a\system\Common.php(1089): CodeIgniter\View\View->render('menu', Array, true)
#4 C:\Users\Marina Fernandes\Desktop\codeignier 2\codeigniter4-CodeIgniter4-202f41a\app\Controllers\Home.php(57): view('menu', Array)
#5 C:\Users\Marina Fernandes\Desktop\codeignier 2\codeigniter4-CodeIgniter4-202f41a\system\CodeIgniter.php(832): App\Controllers\Home->menu()
#6 C:\Users\Marina Fernandes\Desktop\codeignier 2\codeigniter4-CodeIgniter4-202f41a\system\CodeIgniter.php(419): CodeIgniter\CodeIgniter->runController(Object(App\Controllers\Home))
#7 C:\Users\Marina Fernandes\Desktop\codeignier 2\codeigniter4-CodeIgniter4-202f41a\system\CodeIgniter.php(326): CodeIgniter\CodeIgniter->handleRequest(NULL, Object(Config\Cache), false)
#8 C:\Users\Marina Fernandes\Desktop\codeignier 2\codeigniter4-CodeIgniter4-202f41a\public\index.php(37): CodeIgniter\CodeIgniter->run()
#9 C:\Users\Marina Fernandes\Desktop\codeignier 2\codeigniter4-CodeIgniter4-202f41a\system\Commands\Server\rewrite.php(43): require_once('C:\\Users\\Marina...')
#10 {main}
CRITICAL - 2022-05-30 15:33:59 --> Undefined index: numero
#0 C:\Users\Marina Fernandes\Desktop\codeignier 2\codeigniter4-CodeIgniter4-202f41a\app\Views\menu.php(16): CodeIgniter\Debug\Exceptions->errorHandler(8, 'Undefined index...', 'C:\\Users\\Marina...', 16, Array)
#1 C:\Users\Marina Fernandes\Desktop\codeignier 2\codeigniter4-CodeIgniter4-202f41a\system\View\View.php(210): include('C:\\Users\\Marina...')
#2 C:\Users\Marina Fernandes\Desktop\codeignier 2\codeigniter4-CodeIgniter4-202f41a\system\View\View.php(213): CodeIgniter\View\View->CodeIgniter\View\{closure}()
#3 C:\Users\Marina Fernandes\Desktop\codeignier 2\codeigniter4-CodeIgniter4-202f41a\system\Common.php(1089): CodeIgniter\View\View->render('menu', Array, true)
#4 C:\Users\Marina Fernandes\Desktop\codeignier 2\codeigniter4-CodeIgniter4-202f41a\app\Controllers\Home.php(57): view('menu', Array)
#5 C:\Users\Marina Fernandes\Desktop\codeignier 2\codeigniter4-CodeIgniter4-202f41a\system\CodeIgniter.php(832): App\Controllers\Home->menu()
#6 C:\Users\Marina Fernandes\Desktop\codeignier 2\codeigniter4-CodeIgniter4-202f41a\system\CodeIgniter.php(419): CodeIgniter\CodeIgniter->runController(Object(App\Controllers\Home))
#7 C:\Users\Marina Fernandes\Desktop\codeignier 2\codeigniter4-CodeIgniter4-202f41a\system\CodeIgniter.php(326): CodeIgniter\CodeIgniter->handleRequest(NULL, Object(Config\Cache), false)
#8 C:\Users\Marina Fernandes\Desktop\codeignier 2\codeigniter4-CodeIgniter4-202f41a\public\index.php(37): CodeIgniter\CodeIgniter->run()
#9 C:\Users\Marina Fernandes\Desktop\codeignier 2\codeigniter4-CodeIgniter4-202f41a\system\Commands\Server\rewrite.php(43): require_once('C:\\Users\\Marina...')
#10 {main}
CRITICAL - 2022-05-30 15:34:25 --> Undefined index: numero
#0 C:\Users\Marina Fernandes\Desktop\codeignier 2\codeigniter4-CodeIgniter4-202f41a\app\Views\menu.php(16): CodeIgniter\Debug\Exceptions->errorHandler(8, 'Undefined index...', 'C:\\Users\\Marina...', 16, Array)
#1 C:\Users\Marina Fernandes\Desktop\codeignier 2\codeigniter4-CodeIgniter4-202f41a\system\View\View.php(210): include('C:\\Users\\Marina...')
#2 C:\Users\Marina Fernandes\Desktop\codeignier 2\codeigniter4-CodeIgniter4-202f41a\system\View\View.php(213): CodeIgniter\View\View->CodeIgniter\View\{closure}()
#3 C:\Users\Marina Fernandes\Desktop\codeignier 2\codeigniter4-CodeIgniter4-202f41a\system\Common.php(1089): CodeIgniter\View\View->render('menu', Array, true)
#4 C:\Users\Marina Fernandes\Desktop\codeignier 2\codeigniter4-CodeIgniter4-202f41a\app\Controllers\Home.php(57): view('menu', Array)
#5 C:\Users\Marina Fernandes\Desktop\codeignier 2\codeigniter4-CodeIgniter4-202f41a\system\CodeIgniter.php(832): App\Controllers\Home->menu()
#6 C:\Users\Marina Fernandes\Desktop\codeignier 2\codeigniter4-CodeIgniter4-202f41a\system\CodeIgniter.php(419): CodeIgniter\CodeIgniter->runController(Object(App\Controllers\Home))
#7 C:\Users\Marina Fernandes\Desktop\codeignier 2\codeigniter4-CodeIgniter4-202f41a\system\CodeIgniter.php(326): CodeIgniter\CodeIgniter->handleRequest(NULL, Object(Config\Cache), false)
#8 C:\Users\Marina Fernandes\Desktop\codeignier 2\codeigniter4-CodeIgniter4-202f41a\public\index.php(37): CodeIgniter\CodeIgniter->run()
#9 C:\Users\Marina Fernandes\Desktop\codeignier 2\codeigniter4-CodeIgniter4-202f41a\system\Commands\Server\rewrite.php(43): require_once('C:\\Users\\Marina...')
#10 {main}
CRITICAL - 2022-05-30 15:35:13 --> Undefined index: numero
#0 C:\Users\Marina Fernandes\Desktop\codeignier 2\codeigniter4-CodeIgniter4-202f41a\app\Views\menu.php(16): CodeIgniter\Debug\Exceptions->errorHandler(8, 'Undefined index...', 'C:\\Users\\Marina...', 16, Array)
#1 C:\Users\Marina Fernandes\Desktop\codeignier 2\codeigniter4-CodeIgniter4-202f41a\system\View\View.php(210): include('C:\\Users\\Marina...')
#2 C:\Users\Marina Fernandes\Desktop\codeignier 2\codeigniter4-CodeIgniter4-202f41a\system\View\View.php(213): CodeIgniter\View\View->CodeIgniter\View\{closure}()
#3 C:\Users\Marina Fernandes\Desktop\codeignier 2\codeigniter4-CodeIgniter4-202f41a\system\Common.php(1089): CodeIgniter\View\View->render('menu', Array, true)
#4 C:\Users\Marina Fernandes\Desktop\codeignier 2\codeigniter4-CodeIgniter4-202f41a\app\Controllers\Home.php(57): view('menu', Array)
#5 C:\Users\Marina Fernandes\Desktop\codeignier 2\codeigniter4-CodeIgniter4-202f41a\system\CodeIgniter.php(832): App\Controllers\Home->menu()
#6 C:\Users\Marina Fernandes\Desktop\codeignier 2\codeigniter4-CodeIgniter4-202f41a\system\CodeIgniter.php(419): CodeIgniter\CodeIgniter->runController(Object(App\Controllers\Home))
#7 C:\Users\Marina Fernandes\Desktop\codeignier 2\codeigniter4-CodeIgniter4-202f41a\system\CodeIgniter.php(326): CodeIgniter\CodeIgniter->handleRequest(NULL, Object(Config\Cache), false)
#8 C:\Users\Marina Fernandes\Desktop\codeignier 2\codeigniter4-CodeIgniter4-202f41a\public\index.php(37): CodeIgniter\CodeIgniter->run()
#9 C:\Users\Marina Fernandes\Desktop\codeignier 2\codeigniter4-CodeIgniter4-202f41a\system\Commands\Server\rewrite.php(43): require_once('C:\\Users\\Marina...')
#10 {main}
CRITICAL - 2022-05-30 15:35:53 --> Undefined index: conta
#0 C:\Users\Marina Fernandes\Desktop\codeignier 2\codeigniter4-CodeIgniter4-202f41a\app\Views\menu.php(16): CodeIgniter\Debug\Exceptions->errorHandler(8, 'Undefined index...', 'C:\\Users\\Marina...', 16, Array)
#1 C:\Users\Marina Fernandes\Desktop\codeignier 2\codeigniter4-CodeIgniter4-202f41a\system\View\View.php(210): include('C:\\Users\\Marina...')
#2 C:\Users\Marina Fernandes\Desktop\codeignier 2\codeigniter4-CodeIgniter4-202f41a\system\View\View.php(213): CodeIgniter\View\View->CodeIgniter\View\{closure}()
#3 C:\Users\Marina Fernandes\Desktop\codeignier 2\codeigniter4-CodeIgniter4-202f41a\system\Common.php(1089): CodeIgniter\View\View->render('menu', Array, true)
#4 C:\Users\Marina Fernandes\Desktop\codeignier 2\codeigniter4-CodeIgniter4-202f41a\app\Controllers\Home.php(57): view('menu', Array)
#5 C:\Users\Marina Fernandes\Desktop\codeignier 2\codeigniter4-CodeIgniter4-202f41a\system\CodeIgniter.php(832): App\Controllers\Home->menu()
#6 C:\Users\Marina Fernandes\Desktop\codeignier 2\codeigniter4-CodeIgniter4-202f41a\system\CodeIgniter.php(419): CodeIgniter\CodeIgniter->runController(Object(App\Controllers\Home))
#7 C:\Users\Marina Fernandes\Desktop\codeignier 2\codeigniter4-CodeIgniter4-202f41a\system\CodeIgniter.php(326): CodeIgniter\CodeIgniter->handleRequest(NULL, Object(Config\Cache), false)
#8 C:\Users\Marina Fernandes\Desktop\codeignier 2\codeigniter4-CodeIgniter4-202f41a\public\index.php(37): CodeIgniter\CodeIgniter->run()
#9 C:\Users\Marina Fernandes\Desktop\codeignier 2\codeigniter4-CodeIgniter4-202f41a\system\Commands\Server\rewrite.php(43): require_once('C:\\Users\\Marina...')
#10 {main}
CRITICAL - 2022-05-30 15:35:54 --> Undefined index: conta
#0 C:\Users\Marina Fernandes\Desktop\codeignier 2\codeigniter4-CodeIgniter4-202f41a\app\Views\menu.php(16): CodeIgniter\Debug\Exceptions->errorHandler(8, 'Undefined index...', 'C:\\Users\\Marina...', 16, Array)
#1 C:\Users\Marina Fernandes\Desktop\codeignier 2\codeigniter4-CodeIgniter4-202f41a\system\View\View.php(210): include('C:\\Users\\Marina...')
#2 C:\Users\Marina Fernandes\Desktop\codeignier 2\codeigniter4-CodeIgniter4-202f41a\system\View\View.php(213): CodeIgniter\View\View->CodeIgniter\View\{closure}()
#3 C:\Users\Marina Fernandes\Desktop\codeignier 2\codeigniter4-CodeIgniter4-202f41a\system\Common.php(1089): CodeIgniter\View\View->render('menu', Array, true)
#4 C:\Users\Marina Fernandes\Desktop\codeignier 2\codeigniter4-CodeIgniter4-202f41a\app\Controllers\Home.php(57): view('menu', Array)
#5 C:\Users\Marina Fernandes\Desktop\codeignier 2\codeigniter4-CodeIgniter4-202f41a\system\CodeIgniter.php(832): App\Controllers\Home->menu()
#6 C:\Users\Marina Fernandes\Desktop\codeignier 2\codeigniter4-CodeIgniter4-202f41a\system\CodeIgniter.php(419): CodeIgniter\CodeIgniter->runController(Object(App\Controllers\Home))
#7 C:\Users\Marina Fernandes\Desktop\codeignier 2\codeigniter4-CodeIgniter4-202f41a\system\CodeIgniter.php(326): CodeIgniter\CodeIgniter->handleRequest(NULL, Object(Config\Cache), false)
#8 C:\Users\Marina Fernandes\Desktop\codeignier 2\codeigniter4-CodeIgniter4-202f41a\public\index.php(37): CodeIgniter\CodeIgniter->run()
#9 C:\Users\Marina Fernandes\Desktop\codeignier 2\codeigniter4-CodeIgniter4-202f41a\system\Commands\Server\rewrite.php(43): require_once('C:\\Users\\Marina...')
#10 {main}
CRITICAL - 2022-05-30 15:35:55 --> Undefined index: conta
#0 C:\Users\Marina Fernandes\Desktop\codeignier 2\codeigniter4-CodeIgniter4-202f41a\app\Views\menu.php(16): CodeIgniter\Debug\Exceptions->errorHandler(8, 'Undefined index...', 'C:\\Users\\Marina...', 16, Array)
#1 C:\Users\Marina Fernandes\Desktop\codeignier 2\codeigniter4-CodeIgniter4-202f41a\system\View\View.php(210): include('C:\\Users\\Marina...')
#2 C:\Users\Marina Fernandes\Desktop\codeignier 2\codeigniter4-CodeIgniter4-202f41a\system\View\View.php(213): CodeIgniter\View\View->CodeIgniter\View\{closure}()
#3 C:\Users\Marina Fernandes\Desktop\codeignier 2\codeigniter4-CodeIgniter4-202f41a\system\Common.php(1089): CodeIgniter\View\View->render('menu', Array, true)
#4 C:\Users\Marina Fernandes\Desktop\codeignier 2\codeigniter4-CodeIgniter4-202f41a\app\Controllers\Home.php(57): view('menu', Array)
#5 C:\Users\Marina Fernandes\Desktop\codeignier 2\codeigniter4-CodeIgniter4-202f41a\system\CodeIgniter.php(832): App\Controllers\Home->menu()
#6 C:\Users\Marina Fernandes\Desktop\codeignier 2\codeigniter4-CodeIgniter4-202f41a\system\CodeIgniter.php(419): CodeIgniter\CodeIgniter->runController(Object(App\Controllers\Home))
#7 C:\Users\Marina Fernandes\Desktop\codeignier 2\codeigniter4-CodeIgniter4-202f41a\system\CodeIgniter.php(326): CodeIgniter\CodeIgniter->handleRequest(NULL, Object(Config\Cache), false)
#8 C:\Users\Marina Fernandes\Desktop\codeignier 2\codeigniter4-CodeIgniter4-202f41a\public\index.php(37): CodeIgniter\CodeIgniter->run()
#9 C:\Users\Marina Fernandes\Desktop\codeignier 2\codeigniter4-CodeIgniter4-202f41a\system\Commands\Server\rewrite.php(43): require_once('C:\\Users\\Marina...')
#10 {main}
CRITICAL - 2022-05-30 15:35:55 --> Undefined index: conta
#0 C:\Users\Marina Fernandes\Desktop\codeignier 2\codeigniter4-CodeIgniter4-202f41a\app\Views\menu.php(16): CodeIgniter\Debug\Exceptions->errorHandler(8, 'Undefined index...', 'C:\\Users\\Marina...', 16, Array)
#1 C:\Users\Marina Fernandes\Desktop\codeignier 2\codeigniter4-CodeIgniter4-202f41a\system\View\View.php(210): include('C:\\Users\\Marina...')
#2 C:\Users\Marina Fernandes\Desktop\codeignier 2\codeigniter4-CodeIgniter4-202f41a\system\View\View.php(213): CodeIgniter\View\View->CodeIgniter\View\{closure}()
#3 C:\Users\Marina Fernandes\Desktop\codeignier 2\codeigniter4-CodeIgniter4-202f41a\system\Common.php(1089): CodeIgniter\View\View->render('menu', Array, true)
#4 C:\Users\Marina Fernandes\Desktop\codeignier 2\codeigniter4-CodeIgniter4-202f41a\app\Controllers\Home.php(57): view('menu', Array)
#5 C:\Users\Marina Fernandes\Desktop\codeignier 2\codeigniter4-CodeIgniter4-202f41a\system\CodeIgniter.php(832): App\Controllers\Home->menu()
#6 C:\Users\Marina Fernandes\Desktop\codeignier 2\codeigniter4-CodeIgniter4-202f41a\system\CodeIgniter.php(419): CodeIgniter\CodeIgniter->runController(Object(App\Controllers\Home))
#7 C:\Users\Marina Fernandes\Desktop\codeignier 2\codeigniter4-CodeIgniter4-202f41a\system\CodeIgniter.php(326): CodeIgniter\CodeIgniter->handleRequest(NULL, Object(Config\Cache), false)
#8 C:\Users\Marina Fernandes\Desktop\codeignier 2\codeigniter4-CodeIgniter4-202f41a\public\index.php(37): CodeIgniter\CodeIgniter->run()
#9 C:\Users\Marina Fernandes\Desktop\codeignier 2\codeigniter4-CodeIgniter4-202f41a\system\Commands\Server\rewrite.php(43): require_once('C:\\Users\\Marina...')
#10 {main}
CRITICAL - 2022-05-30 15:35:55 --> Undefined index: conta
#0 C:\Users\Marina Fernandes\Desktop\codeignier 2\codeigniter4-CodeIgniter4-202f41a\app\Views\menu.php(16): CodeIgniter\Debug\Exceptions->errorHandler(8, 'Undefined index...', 'C:\\Users\\Marina...', 16, Array)
#1 C:\Users\Marina Fernandes\Desktop\codeignier 2\codeigniter4-CodeIgniter4-202f41a\system\View\View.php(210): include('C:\\Users\\Marina...')
#2 C:\Users\Marina Fernandes\Desktop\codeignier 2\codeigniter4-CodeIgniter4-202f41a\system\View\View.php(213): CodeIgniter\View\View->CodeIgniter\View\{closure}()
#3 C:\Users\Marina Fernandes\Desktop\codeignier 2\codeigniter4-CodeIgniter4-202f41a\system\Common.php(1089): CodeIgniter\View\View->render('menu', Array, true)
#4 C:\Users\Marina Fernandes\Desktop\codeignier 2\codeigniter4-CodeIgniter4-202f41a\app\Controllers\Home.php(57): view('menu', Array)
#5 C:\Users\Marina Fernandes\Desktop\codeignier 2\codeigniter4-CodeIgniter4-202f41a\system\CodeIgniter.php(832): App\Controllers\Home->menu()
#6 C:\Users\Marina Fernandes\Desktop\codeignier 2\codeigniter4-CodeIgniter4-202f41a\system\CodeIgniter.php(419): CodeIgniter\CodeIgniter->runController(Object(App\Controllers\Home))
#7 C:\Users\Marina Fernandes\Desktop\codeignier 2\codeigniter4-CodeIgniter4-202f41a\system\CodeIgniter.php(326): CodeIgniter\CodeIgniter->handleRequest(NULL, Object(Config\Cache), false)
#8 C:\Users\Marina Fernandes\Desktop\codeignier 2\codeigniter4-CodeIgniter4-202f41a\public\index.php(37): CodeIgniter\CodeIgniter->run()
#9 C:\Users\Marina Fernandes\Desktop\codeignier 2\codeigniter4-CodeIgniter4-202f41a\system\Commands\Server\rewrite.php(43): require_once('C:\\Users\\Marina...')
#10 {main}
CRITICAL - 2022-05-30 15:36:05 --> Undefined index: conta
#0 C:\Users\Marina Fernandes\Desktop\codeignier 2\codeigniter4-CodeIgniter4-202f41a\app\Controllers\Home.php(56): CodeIgniter\Debug\Exceptions->errorHandler(8, 'Undefined index...', 'C:\\Users\\Marina...', 56, Array)
#1 C:\Users\Marina Fernandes\Desktop\codeignier 2\codeigniter4-CodeIgniter4-202f41a\system\CodeIgniter.php(832): App\Controllers\Home->menu()
#2 C:\Users\Marina Fernandes\Desktop\codeignier 2\codeigniter4-CodeIgniter4-202f41a\system\CodeIgniter.php(419): CodeIgniter\CodeIgniter->runController(Object(App\Controllers\Home))
#3 C:\Users\Marina Fernandes\Desktop\codeignier 2\codeigniter4-CodeIgniter4-202f41a\system\CodeIgniter.php(326): CodeIgniter\CodeIgniter->handleRequest(NULL, Object(Config\Cache), false)
#4 C:\Users\Marina Fernandes\Desktop\codeignier 2\codeigniter4-CodeIgniter4-202f41a\public\index.php(37): CodeIgniter\CodeIgniter->run()
#5 C:\Users\Marina Fernandes\Desktop\codeignier 2\codeigniter4-CodeIgniter4-202f41a\system\Commands\Server\rewrite.php(43): require_once('C:\\Users\\Marina...')
#6 {main}
CRITICAL - 2022-05-30 15:36:13 --> Undefined index: numero
#0 C:\Users\Marina Fernandes\Desktop\codeignier 2\codeigniter4-CodeIgniter4-202f41a\app\Controllers\Home.php(56): CodeIgniter\Debug\Exceptions->errorHandler(8, 'Undefined index...', 'C:\\Users\\Marina...', 56, Array)
#1 C:\Users\Marina Fernandes\Desktop\codeignier 2\codeigniter4-CodeIgniter4-202f41a\system\CodeIgniter.php(832): App\Controllers\Home->menu()
#2 C:\Users\Marina Fernandes\Desktop\codeignier 2\codeigniter4-CodeIgniter4-202f41a\system\CodeIgniter.php(419): CodeIgniter\CodeIgniter->runController(Object(App\Controllers\Home))
#3 C:\Users\Marina Fernandes\Desktop\codeignier 2\codeigniter4-CodeIgniter4-202f41a\system\CodeIgniter.php(326): CodeIgniter\CodeIgniter->handleRequest(NULL, Object(Config\Cache), false)
#4 C:\Users\Marina Fernandes\Desktop\codeignier 2\codeigniter4-CodeIgniter4-202f41a\public\index.php(37): CodeIgniter\CodeIgniter->run()
#5 C:\Users\Marina Fernandes\Desktop\codeignier 2\codeigniter4-CodeIgniter4-202f41a\system\Commands\Server\rewrite.php(43): require_once('C:\\Users\\Marina...')
#6 {main}
CRITICAL - 2022-05-30 15:36:29 --> Undefined index: numero
#0 C:\Users\Marina Fernandes\Desktop\codeignier 2\codeigniter4-CodeIgniter4-202f41a\app\Views\menu.php(16): CodeIgniter\Debug\Exceptions->errorHandler(8, 'Undefined index...', 'C:\\Users\\Marina...', 16, Array)
#1 C:\Users\Marina Fernandes\Desktop\codeignier 2\codeigniter4-CodeIgniter4-202f41a\system\View\View.php(210): include('C:\\Users\\Marina...')
#2 C:\Users\Marina Fernandes\Desktop\codeignier 2\codeigniter4-CodeIgniter4-202f41a\system\View\View.php(213): CodeIgniter\View\View->CodeIgniter\View\{closure}()
#3 C:\Users\Marina Fernandes\Desktop\codeignier 2\codeigniter4-CodeIgniter4-202f41a\system\Common.php(1089): CodeIgniter\View\View->render('menu', Array, true)
#4 C:\Users\Marina Fernandes\Desktop\codeignier 2\codeigniter4-CodeIgniter4-202f41a\app\Controllers\Home.php(57): view('menu', Array)
#5 C:\Users\Marina Fernandes\Desktop\codeignier 2\codeigniter4-CodeIgniter4-202f41a\system\CodeIgniter.php(832): App\Controllers\Home->menu()
#6 C:\Users\Marina Fernandes\Desktop\codeignier 2\codeigniter4-CodeIgniter4-202f41a\system\CodeIgniter.php(419): CodeIgniter\CodeIgniter->runController(Object(App\Controllers\Home))
#7 C:\Users\Marina Fernandes\Desktop\codeignier 2\codeigniter4-CodeIgniter4-202f41a\system\CodeIgniter.php(326): CodeIgniter\CodeIgniter->handleRequest(NULL, Object(Config\Cache), false)
#8 C:\Users\Marina Fernandes\Desktop\codeignier 2\codeigniter4-CodeIgniter4-202f41a\public\index.php(37): CodeIgniter\CodeIgniter->run()
#9 C:\Users\Marina Fernandes\Desktop\codeignier 2\codeigniter4-CodeIgniter4-202f41a\system\Commands\Server\rewrite.php(43): require_once('C:\\Users\\Marina...')
#10 {main}
CRITICAL - 2022-05-30 15:36:44 --> Undefined index: numero
#0 C:\Users\Marina Fernandes\Desktop\codeignier 2\codeigniter4-CodeIgniter4-202f41a\app\Views\menu.php(16): CodeIgniter\Debug\Exceptions->errorHandler(8, 'Undefined index...', 'C:\\Users\\Marina...', 16, Array)
#1 C:\Users\Marina Fernandes\Desktop\codeignier 2\codeigniter4-CodeIgniter4-202f41a\system\View\View.php(210): include('C:\\Users\\Marina...')
#2 C:\Users\Marina Fernandes\Desktop\codeignier 2\codeigniter4-CodeIgniter4-202f41a\system\View\View.php(213): CodeIgniter\View\View->CodeIgniter\View\{closure}()
#3 C:\Users\Marina Fernandes\Desktop\codeignier 2\codeigniter4-CodeIgniter4-202f41a\system\Common.php(1089): CodeIgniter\View\View->render('menu', Array, true)
#4 C:\Users\Marina Fernandes\Desktop\codeignier 2\codeigniter4-CodeIgniter4-202f41a\app\Controllers\Home.php(56): view('menu', Array)
#5 C:\Users\Marina Fernandes\Desktop\codeignier 2\codeigniter4-CodeIgniter4-202f41a\system\CodeIgniter.php(832): App\Controllers\Home->menu()
#6 C:\Users\Marina Fernandes\Desktop\codeignier 2\codeigniter4-CodeIgniter4-202f41a\system\CodeIgniter.php(419): CodeIgniter\CodeIgniter->runController(Object(App\Controllers\Home))
#7 C:\Users\Marina Fernandes\Desktop\codeignier 2\codeigniter4-CodeIgniter4-202f41a\system\CodeIgniter.php(326): CodeIgniter\CodeIgniter->handleRequest(NULL, Object(Config\Cache), false)
#8 C:\Users\Marina Fernandes\Desktop\codeignier 2\codeigniter4-CodeIgniter4-202f41a\public\index.php(37): CodeIgniter\CodeIgniter->run()
#9 C:\Users\Marina Fernandes\Desktop\codeignier 2\codeigniter4-CodeIgniter4-202f41a\system\Commands\Server\rewrite.php(43): require_once('C:\\Users\\Marina...')
#10 {main}
CRITICAL - 2022-05-30 15:36:49 --> Undefined index: numero
#0 C:\Users\Marina Fernandes\Desktop\codeignier 2\codeigniter4-CodeIgniter4-202f41a\app\Views\menu.php(17): CodeIgniter\Debug\Exceptions->errorHandler(8, 'Undefined index...', 'C:\\Users\\Marina...', 17, Array)
#1 C:\Users\Marina Fernandes\Desktop\codeignier 2\codeigniter4-CodeIgniter4-202f41a\system\View\View.php(210): include('C:\\Users\\Marina...')
#2 C:\Users\Marina Fernandes\Desktop\codeignier 2\codeigniter4-CodeIgniter4-202f41a\system\View\View.php(213): CodeIgniter\View\View->CodeIgniter\View\{closure}()
#3 C:\Users\Marina Fernandes\Desktop\codeignier 2\codeigniter4-CodeIgniter4-202f41a\system\Common.php(1089): CodeIgniter\View\View->render('menu', Array, true)
#4 C:\Users\Marina Fernandes\Desktop\codeignier 2\codeigniter4-CodeIgniter4-202f41a\app\Controllers\Home.php(56): view('menu', Array)
#5 C:\Users\Marina Fernandes\Desktop\codeignier 2\codeigniter4-CodeIgniter4-202f41a\system\CodeIgniter.php(832): App\Controllers\Home->menu()
#6 C:\Users\Marina Fernandes\Desktop\codeignier 2\codeigniter4-CodeIgniter4-202f41a\system\CodeIgniter.php(419): CodeIgniter\CodeIgniter->runController(Object(App\Controllers\Home))
#7 C:\Users\Marina Fernandes\Desktop\codeignier 2\codeigniter4-CodeIgniter4-202f41a\system\CodeIgniter.php(326): CodeIgniter\CodeIgniter->handleRequest(NULL, Object(Config\Cache), false)
#8 C:\Users\Marina Fernandes\Desktop\codeignier 2\codeigniter4-CodeIgniter4-202f41a\public\index.php(37): CodeIgniter\CodeIgniter->run()
#9 C:\Users\Marina Fernandes\Desktop\codeignier 2\codeigniter4-CodeIgniter4-202f41a\system\Commands\Server\rewrite.php(43): require_once('C:\\Users\\Marina...')
#10 {main}
CRITICAL - 2022-05-30 15:37:54 --> Undefined index: numero
#0 C:\Users\Marina Fernandes\Desktop\codeignier 2\codeigniter4-CodeIgniter4-202f41a\app\Views\menu.php(17): CodeIgniter\Debug\Exceptions->errorHandler(8, 'Undefined index...', 'C:\\Users\\Marina...', 17, Array)
#1 C:\Users\Marina Fernandes\Desktop\codeignier 2\codeigniter4-CodeIgniter4-202f41a\system\View\View.php(210): include('C:\\Users\\Marina...')
#2 C:\Users\Marina Fernandes\Desktop\codeignier 2\codeigniter4-CodeIgniter4-202f41a\system\View\View.php(213): CodeIgniter\View\View->CodeIgniter\View\{closure}()
#3 C:\Users\Marina Fernandes\Desktop\codeignier 2\codeigniter4-CodeIgniter4-202f41a\system\Common.php(1089): CodeIgniter\View\View->render('menu', Array, true)
#4 C:\Users\Marina Fernandes\Desktop\codeignier 2\codeigniter4-CodeIgniter4-202f41a\app\Controllers\Home.php(56): view('menu', Array)
#5 C:\Users\Marina Fernandes\Desktop\codeignier 2\codeigniter4-CodeIgniter4-202f41a\system\CodeIgniter.php(832): App\Controllers\Home->menu()
#6 C:\Users\Marina Fernandes\Desktop\codeignier 2\codeigniter4-CodeIgniter4-202f41a\system\CodeIgniter.php(419): CodeIgniter\CodeIgniter->runController(Object(App\Controllers\Home))
#7 C:\Users\Marina Fernandes\Desktop\codeignier 2\codeigniter4-CodeIgniter4-202f41a\system\CodeIgniter.php(326): CodeIgniter\CodeIgniter->handleRequest(NULL, Object(Config\Cache), false)
#8 C:\Users\Marina Fernandes\Desktop\codeignier 2\codeigniter4-CodeIgniter4-202f41a\public\index.php(37): CodeIgniter\CodeIgniter->run()
#9 C:\Users\Marina Fernandes\Desktop\codeignier 2\codeigniter4-CodeIgniter4-202f41a\system\Commands\Server\rewrite.php(43): require_once('C:\\Users\\Marina...')
#10 {main}
CRITICAL - 2022-05-30 15:38:11 --> Undefined index: numero
#0 C:\Users\Marina Fernandes\Desktop\codeignier 2\codeigniter4-CodeIgniter4-202f41a\app\Views\menu.php(17): CodeIgniter\Debug\Exceptions->errorHandler(8, 'Undefined index...', 'C:\\Users\\Marina...', 17, Array)
#1 C:\Users\Marina Fernandes\Desktop\codeignier 2\codeigniter4-CodeIgniter4-202f41a\system\View\View.php(210): include('C:\\Users\\Marina...')
#2 C:\Users\Marina Fernandes\Desktop\codeignier 2\codeigniter4-CodeIgniter4-202f41a\system\View\View.php(213): CodeIgniter\View\View->CodeIgniter\View\{closure}()
#3 C:\Users\Marina Fernandes\Desktop\codeignier 2\codeigniter4-CodeIgniter4-202f41a\system\Common.php(1089): CodeIgniter\View\View->render('menu', Array, true)
#4 C:\Users\Marina Fernandes\Desktop\codeignier 2\codeigniter4-CodeIgniter4-202f41a\app\Controllers\Home.php(56): view('menu', Array)
#5 C:\Users\Marina Fernandes\Desktop\codeignier 2\codeigniter4-CodeIgniter4-202f41a\system\CodeIgniter.php(832): App\Controllers\Home->menu()
#6 C:\Users\Marina Fernandes\Desktop\codeignier 2\codeigniter4-CodeIgniter4-202f41a\system\CodeIgniter.php(419): CodeIgniter\CodeIgniter->runController(Object(App\Controllers\Home))
#7 C:\Users\Marina Fernandes\Desktop\codeignier 2\codeigniter4-CodeIgniter4-202f41a\system\CodeIgniter.php(326): CodeIgniter\CodeIgniter->handleRequest(NULL, Object(Config\Cache), false)
#8 C:\Users\Marina Fernandes\Desktop\codeignier 2\codeigniter4-CodeIgniter4-202f41a\public\index.php(37): CodeIgniter\CodeIgniter->run()
#9 C:\Users\Marina Fernandes\Desktop\codeignier 2\codeigniter4-CodeIgniter4-202f41a\system\Commands\Server\rewrite.php(43): require_once('C:\\Users\\Marina...')
#10 {main}
CRITICAL - 2022-05-30 15:38:26 --> Undefined index: numero
#0 C:\Users\Marina Fernandes\Desktop\codeignier 2\codeigniter4-CodeIgniter4-202f41a\app\Views\menu.php(17): CodeIgniter\Debug\Exceptions->errorHandler(8, 'Undefined index...', 'C:\\Users\\Marina...', 17, Array)
#1 C:\Users\Marina Fernandes\Desktop\codeignier 2\codeigniter4-CodeIgniter4-202f41a\system\View\View.php(210): include('C:\\Users\\Marina...')
#2 C:\Users\Marina Fernandes\Desktop\codeignier 2\codeigniter4-CodeIgniter4-202f41a\system\View\View.php(213): CodeIgniter\View\View->CodeIgniter\View\{closure}()
#3 C:\Users\Marina Fernandes\Desktop\codeignier 2\codeigniter4-CodeIgniter4-202f41a\system\Common.php(1089): CodeIgniter\View\View->render('menu', Array, true)
#4 C:\Users\Marina Fernandes\Desktop\codeignier 2\codeigniter4-CodeIgniter4-202f41a\app\Controllers\Home.php(56): view('menu', Array)
#5 C:\Users\Marina Fernandes\Desktop\codeignier 2\codeigniter4-CodeIgniter4-202f41a\system\CodeIgniter.php(832): App\Controllers\Home->menu()
#6 C:\Users\Marina Fernandes\Desktop\codeignier 2\codeigniter4-CodeIgniter4-202f41a\system\CodeIgniter.php(419): CodeIgniter\CodeIgniter->runController(Object(App\Controllers\Home))
#7 C:\Users\Marina Fernandes\Desktop\codeignier 2\codeigniter4-CodeIgniter4-202f41a\system\CodeIgniter.php(326): CodeIgniter\CodeIgniter->handleRequest(NULL, Object(Config\Cache), false)
#8 C:\Users\Marina Fernandes\Desktop\codeignier 2\codeigniter4-CodeIgniter4-202f41a\public\index.php(37): CodeIgniter\CodeIgniter->run()
#9 C:\Users\Marina Fernandes\Desktop\codeignier 2\codeigniter4-CodeIgniter4-202f41a\system\Commands\Server\rewrite.php(43): require_once('C:\\Users\\Marina...')
#10 {main}
CRITICAL - 2022-05-30 15:38:36 --> Undefined index: numero
#0 C:\Users\Marina Fernandes\Desktop\codeignier 2\codeigniter4-CodeIgniter4-202f41a\app\Views\menu.php(17): CodeIgniter\Debug\Exceptions->errorHandler(8, 'Undefined index...', 'C:\\Users\\Marina...', 17, Array)
#1 C:\Users\Marina Fernandes\Desktop\codeignier 2\codeigniter4-CodeIgniter4-202f41a\system\View\View.php(210): include('C:\\Users\\Marina...')
#2 C:\Users\Marina Fernandes\Desktop\codeignier 2\codeigniter4-CodeIgniter4-202f41a\system\View\View.php(213): CodeIgniter\View\View->CodeIgniter\View\{closure}()
#3 C:\Users\Marina Fernandes\Desktop\codeignier 2\codeigniter4-CodeIgniter4-202f41a\system\Common.php(1089): CodeIgniter\View\View->render('menu', Array, true)
#4 C:\Users\Marina Fernandes\Desktop\codeignier 2\codeigniter4-CodeIgniter4-202f41a\app\Controllers\Home.php(56): view('menu', Array)
#5 C:\Users\Marina Fernandes\Desktop\codeignier 2\codeigniter4-CodeIgniter4-202f41a\system\CodeIgniter.php(832): App\Controllers\Home->menu()
#6 C:\Users\Marina Fernandes\Desktop\codeignier 2\codeigniter4-CodeIgniter4-202f41a\system\CodeIgniter.php(419): CodeIgniter\CodeIgniter->runController(Object(App\Controllers\Home))
#7 C:\Users\Marina Fernandes\Desktop\codeignier 2\codeigniter4-CodeIgniter4-202f41a\system\CodeIgniter.php(326): CodeIgniter\CodeIgniter->handleRequest(NULL, Object(Config\Cache), false)
#8 C:\Users\Marina Fernandes\Desktop\codeignier 2\codeigniter4-CodeIgniter4-202f41a\public\index.php(37): CodeIgniter\CodeIgniter->run()
#9 C:\Users\Marina Fernandes\Desktop\codeignier 2\codeigniter4-CodeIgniter4-202f41a\system\Commands\Server\rewrite.php(43): require_once('C:\\Users\\Marina...')
#10 {main}
CRITICAL - 2022-05-30 15:39:34 --> Undefined offset: 0
#0 C:\Users\Marina Fernandes\Desktop\codeignier 2\codeigniter4-CodeIgniter4-202f41a\app\Views\menu.php(16): CodeIgniter\Debug\Exceptions->errorHandler(8, 'Undefined offse...', 'C:\\Users\\Marina...', 16, Array)
#1 C:\Users\Marina Fernandes\Desktop\codeignier 2\codeigniter4-CodeIgniter4-202f41a\system\View\View.php(210): include('C:\\Users\\Marina...')
#2 C:\Users\Marina Fernandes\Desktop\codeignier 2\codeigniter4-CodeIgniter4-202f41a\system\View\View.php(213): CodeIgniter\View\View->CodeIgniter\View\{closure}()
#3 C:\Users\Marina Fernandes\Desktop\codeignier 2\codeigniter4-CodeIgniter4-202f41a\system\Common.php(1089): CodeIgniter\View\View->render('menu', Array, true)
#4 C:\Users\Marina Fernandes\Desktop\codeignier 2\codeigniter4-CodeIgniter4-202f41a\app\Controllers\Home.php(56): view('menu', Array)
#5 C:\Users\Marina Fernandes\Desktop\codeignier 2\codeigniter4-CodeIgniter4-202f41a\system\CodeIgniter.php(832): App\Controllers\Home->menu()
#6 C:\Users\Marina Fernandes\Desktop\codeignier 2\codeigniter4-CodeIgniter4-202f41a\system\CodeIgniter.php(419): CodeIgniter\CodeIgniter->runController(Object(App\Controllers\Home))
#7 C:\Users\Marina Fernandes\Desktop\codeignier 2\codeigniter4-CodeIgniter4-202f41a\system\CodeIgniter.php(326): CodeIgniter\CodeIgniter->handleRequest(NULL, Object(Config\Cache), false)
#8 C:\Users\Marina Fernandes\Desktop\codeignier 2\codeigniter4-CodeIgniter4-202f41a\public\index.php(37): CodeIgniter\CodeIgniter->run()
#9 C:\Users\Marina Fernandes\Desktop\codeignier 2\codeigniter4-CodeIgniter4-202f41a\system\Commands\Server\rewrite.php(43): require_once('C:\\Users\\Marina...')
#10 {main}
CRITICAL - 2022-05-30 15:48:02 --> Call to undefined method App\Models\ExtratoModel::getTotal
#0 C:\Users\Marina Fernandes\Desktop\codeignier 2\codeigniter4-CodeIgniter4-202f41a\app\Controllers\Home.php(67): CodeIgniter\Model->__call('getTotal', Array)
#1 C:\Users\Marina Fernandes\Desktop\codeignier 2\codeigniter4-CodeIgniter4-202f41a\system\CodeIgniter.php(832): App\Controllers\Home->extrato()
#2 C:\Users\Marina Fernandes\Desktop\codeignier 2\codeigniter4-CodeIgniter4-202f41a\system\CodeIgniter.php(419): CodeIgniter\CodeIgniter->runController(Object(App\Controllers\Home))
#3 C:\Users\Marina Fernandes\Desktop\codeignier 2\codeigniter4-CodeIgniter4-202f41a\system\CodeIgniter.php(326): CodeIgniter\CodeIgniter->handleRequest(NULL, Object(Config\Cache), false)
#4 C:\Users\Marina Fernandes\Desktop\codeignier 2\codeigniter4-CodeIgniter4-202f41a\public\index.php(37): CodeIgniter\CodeIgniter->run()
#5 C:\Users\Marina Fernandes\Desktop\codeignier 2\codeigniter4-CodeIgniter4-202f41a\system\Commands\Server\rewrite.php(43): require_once('C:\\Users\\Marina...')
#6 {main}
CRITICAL - 2022-05-30 15:59:49 --> Undefined variable: extrato_model
#0 C:\Users\Marina Fernandes\Desktop\codeignier 2\codeigniter4-CodeIgniter4-202f41a\app\Controllers\Home.php(758): CodeIgniter\Debug\Exceptions->errorHandler(8, 'Undefined varia...', 'C:\\Users\\Marina...', 758, Array)
#1 C:\Users\Marina Fernandes\Desktop\codeignier 2\codeigniter4-CodeIgniter4-202f41a\system\CodeIgniter.php(832): App\Controllers\Home->registration()
#2 C:\Users\Marina Fernandes\Desktop\codeignier 2\codeigniter4-CodeIgniter4-202f41a\system\CodeIgniter.php(419): CodeIgniter\CodeIgniter->runController(Object(App\Controllers\Home))
#3 C:\Users\Marina Fernandes\Desktop\codeignier 2\codeigniter4-CodeIgniter4-202f41a\system\CodeIgniter.php(326): CodeIgniter\CodeIgniter->handleRequest(NULL, Object(Config\Cache), false)
#4 C:\Users\Marina Fernandes\Desktop\codeignier 2\codeigniter4-CodeIgniter4-202f41a\public\index.php(37): CodeIgniter\CodeIgniter->run()
#5 C:\Users\Marina Fernandes\Desktop\codeignier 2\codeigniter4-CodeIgniter4-202f41a\system\Commands\Server\rewrite.php(43): require_once('C:\\Users\\Marina...')
#6 {main}
CRITICAL - 2022-05-30 16:00:07 --> Duplicate entry 'teste' for key 'PRIMARY'
#0 C:\Users\Marina Fernandes\Desktop\codeignier 2\codeigniter4-CodeIgniter4-202f41a\system\Database\MySQLi\Connection.php(292): mysqli->query('INSERT INTO `us...', 0)
#1 C:\Users\Marina Fernandes\Desktop\codeignier 2\codeigniter4-CodeIgniter4-202f41a\system\Database\BaseConnection.php(670): CodeIgniter\Database\MySQLi\Connection->execute('INSERT INTO `us...')
#2 C:\Users\Marina Fernandes\Desktop\codeignier 2\codeigniter4-CodeIgniter4-202f41a\system\Database\BaseConnection.php(598): CodeIgniter\Database\BaseConnection->simpleQuery('INSERT INTO `us...')
#3 C:\Users\Marina Fernandes\Desktop\codeignier 2\codeigniter4-CodeIgniter4-202f41a\system\Database\BaseBuilder.php(1771): CodeIgniter\Database\BaseConnection->query('INSERT INTO `us...', Array, false)
#4 C:\Users\Marina Fernandes\Desktop\codeignier 2\codeigniter4-CodeIgniter4-202f41a\system\Model.php(239): CodeIgniter\Database\BaseBuilder->insert()
#5 C:\Users\Marina Fernandes\Desktop\codeignier 2\codeigniter4-CodeIgniter4-202f41a\system\BaseModel.php(738): CodeIgniter\Model->doInsert(Array)
#6 C:\Users\Marina Fernandes\Desktop\codeignier 2\codeigniter4-CodeIgniter4-202f41a\system\Model.php(625): CodeIgniter\BaseModel->insert(Array, true)
#7 C:\Users\Marina Fernandes\Desktop\codeignier 2\codeigniter4-CodeIgniter4-202f41a\app\Models\UsuariosModel.php(36): CodeIgniter\Model->insert(Array)
#8 C:\Users\Marina Fernandes\Desktop\codeignier 2\codeigniter4-CodeIgniter4-202f41a\app\Controllers\Home.php(758): App\Models\UsuariosModel->insertusuario(Array)
#9 C:\Users\Marina Fernandes\Desktop\codeignier 2\codeigniter4-CodeIgniter4-202f41a\system\CodeIgniter.php(832): App\Controllers\Home->registration()
#10 C:\Users\Marina Fernandes\Desktop\codeignier 2\codeigniter4-CodeIgniter4-202f41a\system\CodeIgniter.php(419): CodeIgniter\CodeIgniter->runController(Object(App\Controllers\Home))
#11 C:\Users\Marina Fernandes\Desktop\codeignier 2\codeigniter4-CodeIgniter4-202f41a\system\CodeIgniter.php(326): CodeIgniter\CodeIgniter->handleRequest(NULL, Object(Config\Cache), false)
#12 C:\Users\Marina Fernandes\Desktop\codeignier 2\codeigniter4-CodeIgniter4-202f41a\public\index.php(37): CodeIgniter\CodeIgniter->run()
#13 C:\Users\Marina Fernandes\Desktop\codeignier 2\codeigniter4-CodeIgniter4-202f41a\system\Commands\Server\rewrite.php(43): require_once('C:\\Users\\Marina...')
#14 {main}
CRITICAL - 2022-05-30 16:00:28 --> Duplicate entry 'teste' for key 'PRIMARY'
#0 C:\Users\Marina Fernandes\Desktop\codeignier 2\codeigniter4-CodeIgniter4-202f41a\system\Database\MySQLi\Connection.php(292): mysqli->query('INSERT INTO `us...', 0)
#1 C:\Users\Marina Fernandes\Desktop\codeignier 2\codeigniter4-CodeIgniter4-202f41a\system\Database\BaseConnection.php(670): CodeIgniter\Database\MySQLi\Connection->execute('INSERT INTO `us...')
#2 C:\Users\Marina Fernandes\Desktop\codeignier 2\codeigniter4-CodeIgniter4-202f41a\system\Database\BaseConnection.php(598): CodeIgniter\Database\BaseConnection->simpleQuery('INSERT INTO `us...')
#3 C:\Users\Marina Fernandes\Desktop\codeignier 2\codeigniter4-CodeIgniter4-202f41a\system\Database\BaseBuilder.php(1771): CodeIgniter\Database\BaseConnection->query('INSERT INTO `us...', Array, false)
#4 C:\Users\Marina Fernandes\Desktop\codeignier 2\codeigniter4-CodeIgniter4-202f41a\system\Model.php(239): CodeIgniter\Database\BaseBuilder->insert()
#5 C:\Users\Marina Fernandes\Desktop\codeignier 2\codeigniter4-CodeIgniter4-202f41a\system\BaseModel.php(738): CodeIgniter\Model->doInsert(Array)
#6 C:\Users\Marina Fernandes\Desktop\codeignier 2\codeigniter4-CodeIgniter4-202f41a\system\Model.php(625): CodeIgniter\BaseModel->insert(Array, true)
#7 C:\Users\Marina Fernandes\Desktop\codeignier 2\codeigniter4-CodeIgniter4-202f41a\app\Models\UsuariosModel.php(36): CodeIgniter\Model->insert(Array)
#8 C:\Users\Marina Fernandes\Desktop\codeignier 2\codeigniter4-CodeIgniter4-202f41a\app\Controllers\Home.php(758): App\Models\UsuariosModel->insertusuario(Array)
#9 C:\Users\Marina Fernandes\Desktop\codeignier 2\codeigniter4-CodeIgniter4-202f41a\system\CodeIgniter.php(832): App\Controllers\Home->registration()
#10 C:\Users\Marina Fernandes\Desktop\codeignier 2\codeigniter4-CodeIgniter4-202f41a\system\CodeIgniter.php(419): CodeIgniter\CodeIgniter->runController(Object(App\Controllers\Home))
#11 C:\Users\Marina Fernandes\Desktop\codeignier 2\codeigniter4-CodeIgniter4-202f41a\system\CodeIgniter.php(326): CodeIgniter\CodeIgniter->handleRequest(NULL, Object(Config\Cache), false)
#12 C:\Users\Marina Fernandes\Desktop\codeignier 2\codeigniter4-CodeIgniter4-202f41a\public\index.php(37): CodeIgniter\CodeIgniter->run()
#13 C:\Users\Marina Fernandes\Desktop\codeignier 2\codeigniter4-CodeIgniter4-202f41a\system\Commands\Server\rewrite.php(43): require_once('C:\\Users\\Marina...')
#14 {main}
CRITICAL - 2022-05-30 16:00:46 --> Cannot add or update a child row: a foreign key constraint fails (`banco`.`extrato`, CONSTRAINT `extrato_ibfk_1` FOREIGN KEY (`conta`) REFERENCES `conta` (`numero`) ON DELETE CASCADE ON UPDATE CASCADE)
#0 C:\Users\Marina Fernandes\Desktop\codeignier 2\codeigniter4-CodeIgniter4-202f41a\system\Database\MySQLi\Connection.php(292): mysqli->query('INSERT INTO `ex...', 0)
#1 C:\Users\Marina Fernandes\Desktop\codeignier 2\codeigniter4-CodeIgniter4-202f41a\system\Database\BaseConnection.php(670): CodeIgniter\Database\MySQLi\Connection->execute('INSERT INTO `ex...')
#2 C:\Users\Marina Fernandes\Desktop\codeignier 2\codeigniter4-CodeIgniter4-202f41a\system\Database\BaseConnection.php(598): CodeIgniter\Database\BaseConnection->simpleQuery('INSERT INTO `ex...')
#3 C:\Users\Marina Fernandes\Desktop\codeignier 2\codeigniter4-CodeIgniter4-202f41a\system\Database\BaseBuilder.php(1771): CodeIgniter\Database\BaseConnection->query('INSERT INTO `ex...', Array, false)
#4 C:\Users\Marina Fernandes\Desktop\codeignier 2\codeigniter4-CodeIgniter4-202f41a\system\Model.php(239): CodeIgniter\Database\BaseBuilder->insert()
#5 C:\Users\Marina Fernandes\Desktop\codeignier 2\codeigniter4-CodeIgniter4-202f41a\system\BaseModel.php(738): CodeIgniter\Model->doInsert(Array)
#6 C:\Users\Marina Fernandes\Desktop\codeignier 2\codeigniter4-CodeIgniter4-202f41a\system\Model.php(625): CodeIgniter\BaseModel->insert(Array, true)
#7 C:\Users\Marina Fernandes\Desktop\codeignier 2\codeigniter4-CodeIgniter4-202f41a\app\Models\ExtratoModel.php(83): CodeIgniter\Model->insert(Array)
#8 C:\Users\Marina Fernandes\Desktop\codeignier 2\codeigniter4-CodeIgniter4-202f41a\app\Controllers\Home.php(759): App\Models\ExtratoModel->insertcontac(Array)
#9 C:\Users\Marina Fernandes\Desktop\codeignier 2\codeigniter4-CodeIgniter4-202f41a\system\CodeIgniter.php(832): App\Controllers\Home->registration()
#10 C:\Users\Marina Fernandes\Desktop\codeignier 2\codeigniter4-CodeIgniter4-202f41a\system\CodeIgniter.php(419): CodeIgniter\CodeIgniter->runController(Object(App\Controllers\Home))
#11 C:\Users\Marina Fernandes\Desktop\codeignier 2\codeigniter4-CodeIgniter4-202f41a\system\CodeIgniter.php(326): CodeIgniter\CodeIgniter->handleRequest(NULL, Object(Config\Cache), false)
#12 C:\Users\Marina Fernandes\Desktop\codeignier 2\codeigniter4-CodeIgniter4-202f41a\public\index.php(37): CodeIgniter\CodeIgniter->run()
#13 C:\Users\Marina Fernandes\Desktop\codeignier 2\codeigniter4-CodeIgniter4-202f41a\system\Commands\Server\rewrite.php(43): require_once('C:\\Users\\Marina...')
#14 {main}
CRITICAL - 2022-05-30 16:58:42 --> Undefined variable: username
#0 C:\Users\Marina Fernandes\Desktop\codeignier 2\codeigniter4-CodeIgniter4-202f41a\app\Models\ExtratoModel.php(74): CodeIgniter\Debug\Exceptions->errorHandler(8, 'Undefined varia...', 'C:\\Users\\Marina...', 74, Array)
#1 C:\Users\Marina Fernandes\Desktop\codeignier 2\codeigniter4-CodeIgniter4-202f41a\app\Controllers\Home.php(71): App\Models\ExtratoModel->getData3()
#2 C:\Users\Marina Fernandes\Desktop\codeignier 2\codeigniter4-CodeIgniter4-202f41a\system\CodeIgniter.php(832): App\Controllers\Home->extrato()
#3 C:\Users\Marina Fernandes\Desktop\codeignier 2\codeigniter4-CodeIgniter4-202f41a\system\CodeIgniter.php(419): CodeIgniter\CodeIgniter->runController(Object(App\Controllers\Home))
#4 C:\Users\Marina Fernandes\Desktop\codeignier 2\codeigniter4-CodeIgniter4-202f41a\system\CodeIgniter.php(326): CodeIgniter\CodeIgniter->handleRequest(NULL, Object(Config\Cache), false)
#5 C:\Users\Marina Fernandes\Desktop\codeignier 2\codeigniter4-CodeIgniter4-202f41a\public\index.php(37): CodeIgniter\CodeIgniter->run()
#6 C:\Users\Marina Fernandes\Desktop\codeignier 2\codeigniter4-CodeIgniter4-202f41a\system\Commands\Server\rewrite.php(43): require_once('C:\\Users\\Marina...')
#7 {main}
CRITICAL - 2022-05-30 17:35:22 --> Undefined index: teste
#0 C:\Users\Marina Fernandes\Desktop\codeignier 2\codeigniter4-CodeIgniter4-202f41a\app\Controllers\Home.php(72): CodeIgniter\Debug\Exceptions->errorHandler(8, 'Undefined index...', 'C:\\Users\\Marina...', 72, Array)
#1 C:\Users\Marina Fernandes\Desktop\codeignier 2\codeigniter4-CodeIgniter4-202f41a\system\CodeIgniter.php(832): App\Controllers\Home->extrato()
#2 C:\Users\Marina Fernandes\Desktop\codeignier 2\codeigniter4-CodeIgniter4-202f41a\system\CodeIgniter.php(419): CodeIgniter\CodeIgniter->runController(Object(App\Controllers\Home))
#3 C:\Users\Marina Fernandes\Desktop\codeignier 2\codeigniter4-CodeIgniter4-202f41a\system\CodeIgniter.php(326): CodeIgniter\CodeIgniter->handleRequest(NULL, Object(Config\Cache), false)
#4 C:\Users\Marina Fernandes\Desktop\codeignier 2\codeigniter4-CodeIgniter4-202f41a\public\index.php(37): CodeIgniter\CodeIgniter->run()
#5 C:\Users\Marina Fernandes\Desktop\codeignier 2\codeigniter4-CodeIgniter4-202f41a\system\Commands\Server\rewrite.php(43): require_once('C:\\Users\\Marina...')
#6 {main}
CRITICAL - 2022-05-30 17:44:07 --> Undefined index: total
#0 C:\Users\Marina Fernandes\Desktop\codeignier 2\codeigniter4-CodeIgniter4-202f41a\app\Views\extrato.php(118): CodeIgniter\Debug\Exceptions->errorHandler(8, 'Undefined index...', 'C:\\Users\\Marina...', 118, Array)
#1 C:\Users\Marina Fernandes\Desktop\codeignier 2\codeigniter4-CodeIgniter4-202f41a\system\View\View.php(210): include('C:\\Users\\Marina...')
#2 C:\Users\Marina Fernandes\Desktop\codeignier 2\codeigniter4-CodeIgniter4-202f41a\system\View\View.php(213): CodeIgniter\View\View->CodeIgniter\View\{closure}()
#3 C:\Users\Marina Fernandes\Desktop\codeignier 2\codeigniter4-CodeIgniter4-202f41a\system\Common.php(1089): CodeIgniter\View\View->render('extrato', Array, true)
#4 C:\Users\Marina Fernandes\Desktop\codeignier 2\codeigniter4-CodeIgniter4-202f41a\app\Controllers\Home.php(72): view('extrato', Array)
#5 C:\Users\Marina Fernandes\Desktop\codeignier 2\codeigniter4-CodeIgniter4-202f41a\system\CodeIgniter.php(832): App\Controllers\Home->extrato()
#6 C:\Users\Marina Fernandes\Desktop\codeignier 2\codeigniter4-CodeIgniter4-202f41a\system\CodeIgniter.php(419): CodeIgniter\CodeIgniter->runController(Object(App\Controllers\Home))
#7 C:\Users\Marina Fernandes\Desktop\codeignier 2\codeigniter4-CodeIgniter4-202f41a\system\CodeIgniter.php(326): CodeIgniter\CodeIgniter->handleRequest(NULL, Object(Config\Cache), false)
#8 C:\Users\Marina Fernandes\Desktop\codeignier 2\codeigniter4-CodeIgniter4-202f41a\public\index.php(37): CodeIgniter\CodeIgniter->run()
#9 C:\Users\Marina Fernandes\Desktop\codeignier 2\codeigniter4-CodeIgniter4-202f41a\system\Commands\Server\rewrite.php(43): require_once('C:\\Users\\Marina...')
#10 {main}
CRITICAL - 2022-05-30 17:44:30 --> Undefined index: total
#0 C:\Users\Marina Fernandes\Desktop\codeignier 2\codeigniter4-CodeIgniter4-202f41a\app\Views\extrato.php(118): CodeIgniter\Debug\Exceptions->errorHandler(8, 'Undefined index...', 'C:\\Users\\Marina...', 118, Array)
#1 C:\Users\Marina Fernandes\Desktop\codeignier 2\codeigniter4-CodeIgniter4-202f41a\system\View\View.php(210): include('C:\\Users\\Marina...')
#2 C:\Users\Marina Fernandes\Desktop\codeignier 2\codeigniter4-CodeIgniter4-202f41a\system\View\View.php(213): CodeIgniter\View\View->CodeIgniter\View\{closure}()
#3 C:\Users\Marina Fernandes\Desktop\codeignier 2\codeigniter4-CodeIgniter4-202f41a\system\Common.php(1089): CodeIgniter\View\View->render('extrato', Array, true)
#4 C:\Users\Marina Fernandes\Desktop\codeignier 2\codeigniter4-CodeIgniter4-202f41a\app\Controllers\Home.php(73): view('extrato', Array)
#5 C:\Users\Marina Fernandes\Desktop\codeignier 2\codeigniter4-CodeIgniter4-202f41a\system\CodeIgniter.php(832): App\Controllers\Home->extrato()
#6 C:\Users\Marina Fernandes\Desktop\codeignier 2\codeigniter4-CodeIgniter4-202f41a\system\CodeIgniter.php(419): CodeIgniter\CodeIgniter->runController(Object(App\Controllers\Home))
#7 C:\Users\Marina Fernandes\Desktop\codeignier 2\codeigniter4-CodeIgniter4-202f41a\system\CodeIgniter.php(326): CodeIgniter\CodeIgniter->handleRequest(NULL, Object(Config\Cache), false)
#8 C:\Users\Marina Fernandes\Desktop\codeignier 2\codeigniter4-CodeIgniter4-202f41a\public\index.php(37): CodeIgniter\CodeIgniter->run()
#9 C:\Users\Marina Fernandes\Desktop\codeignier 2\codeigniter4-CodeIgniter4-202f41a\system\Commands\Server\rewrite.php(43): require_once('C:\\Users\\Marina...')
#10 {main}
CRITICAL - 2022-05-30 17:44:40 --> Undefined index: total
#0 C:\Users\Marina Fernandes\Desktop\codeignier 2\codeigniter4-CodeIgniter4-202f41a\app\Views\extrato.php(118): CodeIgniter\Debug\Exceptions->errorHandler(8, 'Undefined index...', 'C:\\Users\\Marina...', 118, Array)
#1 C:\Users\Marina Fernandes\Desktop\codeignier 2\codeigniter4-CodeIgniter4-202f41a\system\View\View.php(210): include('C:\\Users\\Marina...')
#2 C:\Users\Marina Fernandes\Desktop\codeignier 2\codeigniter4-CodeIgniter4-202f41a\system\View\View.php(213): CodeIgniter\View\View->CodeIgniter\View\{closure}()
#3 C:\Users\Marina Fernandes\Desktop\codeignier 2\codeigniter4-CodeIgniter4-202f41a\system\Common.php(1089): CodeIgniter\View\View->render('extrato', Array, true)
#4 C:\Users\Marina Fernandes\Desktop\codeignier 2\codeigniter4-CodeIgniter4-202f41a\app\Controllers\Home.php(73): view('extrato', Array)
#5 C:\Users\Marina Fernandes\Desktop\codeignier 2\codeigniter4-CodeIgniter4-202f41a\system\CodeIgniter.php(832): App\Controllers\Home->extrato()
#6 C:\Users\Marina Fernandes\Desktop\codeignier 2\codeigniter4-CodeIgniter4-202f41a\system\CodeIgniter.php(419): CodeIgniter\CodeIgniter->runController(Object(App\Controllers\Home))
#7 C:\Users\Marina Fernandes\Desktop\codeignier 2\codeigniter4-CodeIgniter4-202f41a\system\CodeIgniter.php(326): CodeIgniter\CodeIgniter->handleRequest(NULL, Object(Config\Cache), false)
#8 C:\Users\Marina Fernandes\Desktop\codeignier 2\codeigniter4-CodeIgniter4-202f41a\public\index.php(37): CodeIgniter\CodeIgniter->run()
#9 C:\Users\Marina Fernandes\Desktop\codeignier 2\codeigniter4-CodeIgniter4-202f41a\system\Commands\Server\rewrite.php(43): require_once('C:\\Users\\Marina...')
#10 {main}
CRITICAL - 2022-05-30 17:45:01 --> Undefined index: total
#0 C:\Users\Marina Fernandes\Desktop\codeignier 2\codeigniter4-CodeIgniter4-202f41a\app\Views\extrato.php(72): CodeIgniter\Debug\Exceptions->errorHandler(8, 'Undefined index...', 'C:\\Users\\Marina...', 72, Array)
#1 C:\Users\Marina Fernandes\Desktop\codeignier 2\codeigniter4-CodeIgniter4-202f41a\system\View\View.php(210): include('C:\\Users\\Marina...')
#2 C:\Users\Marina Fernandes\Desktop\codeignier 2\codeigniter4-CodeIgniter4-202f41a\system\View\View.php(213): CodeIgniter\View\View->CodeIgniter\View\{closure}()
#3 C:\Users\Marina Fernandes\Desktop\codeignier 2\codeigniter4-CodeIgniter4-202f41a\system\Common.php(1089): CodeIgniter\View\View->render('extrato', Array, true)
#4 C:\Users\Marina Fernandes\Desktop\codeignier 2\codeigniter4-CodeIgniter4-202f41a\app\Controllers\Home.php(73): view('extrato', Array)
#5 C:\Users\Marina Fernandes\Desktop\codeignier 2\codeigniter4-CodeIgniter4-202f41a\system\CodeIgniter.php(832): App\Controllers\Home->extrato()
#6 C:\Users\Marina Fernandes\Desktop\codeignier 2\codeigniter4-CodeIgniter4-202f41a\system\CodeIgniter.php(419): CodeIgniter\CodeIgniter->runController(Object(App\Controllers\Home))
#7 C:\Users\Marina Fernandes\Desktop\codeignier 2\codeigniter4-CodeIgniter4-202f41a\system\CodeIgniter.php(326): CodeIgniter\CodeIgniter->handleRequest(NULL, Object(Config\Cache), false)
#8 C:\Users\Marina Fernandes\Desktop\codeignier 2\codeigniter4-CodeIgniter4-202f41a\public\index.php(37): CodeIgniter\CodeIgniter->run()
#9 C:\Users\Marina Fernandes\Desktop\codeignier 2\codeigniter4-CodeIgniter4-202f41a\system\Commands\Server\rewrite.php(43): require_once('C:\\Users\\Marina...')
#10 {main}
CRITICAL - 2022-05-30 17:45:13 --> Undefined index: total
#0 C:\Users\Marina Fernandes\Desktop\codeignier 2\codeigniter4-CodeIgniter4-202f41a\app\Views\extrato.php(72): CodeIgniter\Debug\Exceptions->errorHandler(8, 'Undefined index...', 'C:\\Users\\Marina...', 72, Array)
#1 C:\Users\Marina Fernandes\Desktop\codeignier 2\codeigniter4-CodeIgniter4-202f41a\system\View\View.php(210): include('C:\\Users\\Marina...')
#2 C:\Users\Marina Fernandes\Desktop\codeignier 2\codeigniter4-CodeIgniter4-202f41a\system\View\View.php(213): CodeIgniter\View\View->CodeIgniter\View\{closure}()
#3 C:\Users\Marina Fernandes\Desktop\codeignier 2\codeigniter4-CodeIgniter4-202f41a\system\Common.php(1089): CodeIgniter\View\View->render('extrato', Array, true)
#4 C:\Users\Marina Fernandes\Desktop\codeignier 2\codeigniter4-CodeIgniter4-202f41a\app\Controllers\Home.php(73): view('extrato', Array)
#5 C:\Users\Marina Fernandes\Desktop\codeignier 2\codeigniter4-CodeIgniter4-202f41a\system\CodeIgniter.php(832): App\Controllers\Home->extrato()
#6 C:\Users\Marina Fernandes\Desktop\codeignier 2\codeigniter4-CodeIgniter4-202f41a\system\CodeIgniter.php(419): CodeIgniter\CodeIgniter->runController(Object(App\Controllers\Home))
#7 C:\Users\Marina Fernandes\Desktop\codeignier 2\codeigniter4-CodeIgniter4-202f41a\system\CodeIgniter.php(326): CodeIgniter\CodeIgniter->handleRequest(NULL, Object(Config\Cache), false)
#8 C:\Users\Marina Fernandes\Desktop\codeignier 2\codeigniter4-CodeIgniter4-202f41a\public\index.php(37): CodeIgniter\CodeIgniter->run()
#9 C:\Users\Marina Fernandes\Desktop\codeignier 2\codeigniter4-CodeIgniter4-202f41a\system\Commands\Server\rewrite.php(43): require_once('C:\\Users\\Marina...')
#10 {main}
CRITICAL - 2022-05-30 17:45:45 --> Undefined index: total
#0 C:\Users\Marina Fernandes\Desktop\codeignier 2\codeigniter4-CodeIgniter4-202f41a\app\Views\extrato.php(72): CodeIgniter\Debug\Exceptions->errorHandler(8, 'Undefined index...', 'C:\\Users\\Marina...', 72, Array)
#1 C:\Users\Marina Fernandes\Desktop\codeignier 2\codeigniter4-CodeIgniter4-202f41a\system\View\View.php(210): include('C:\\Users\\Marina...')
#2 C:\Users\Marina Fernandes\Desktop\codeignier 2\codeigniter4-CodeIgniter4-202f41a\system\View\View.php(213): CodeIgniter\View\View->CodeIgniter\View\{closure}()
#3 C:\Users\Marina Fernandes\Desktop\codeignier 2\codeigniter4-CodeIgniter4-202f41a\system\Common.php(1089): CodeIgniter\View\View->render('extrato', Array, true)
#4 C:\Users\Marina Fernandes\Desktop\codeignier 2\codeigniter4-CodeIgniter4-202f41a\app\Controllers\Home.php(73): view('extrato', Array)
#5 C:\Users\Marina Fernandes\Desktop\codeignier 2\codeigniter4-CodeIgniter4-202f41a\system\CodeIgniter.php(832): App\Controllers\Home->extrato()
#6 C:\Users\Marina Fernandes\Desktop\codeignier 2\codeigniter4-CodeIgniter4-202f41a\system\CodeIgniter.php(419): CodeIgniter\CodeIgniter->runController(Object(App\Controllers\Home))
#7 C:\Users\Marina Fernandes\Desktop\codeignier 2\codeigniter4-CodeIgniter4-202f41a\system\CodeIgniter.php(326): CodeIgniter\CodeIgniter->handleRequest(NULL, Object(Config\Cache), false)
#8 C:\Users\Marina Fernandes\Desktop\codeignier 2\codeigniter4-CodeIgniter4-202f41a\public\index.php(37): CodeIgniter\CodeIgniter->run()
#9 C:\Users\Marina Fernandes\Desktop\codeignier 2\codeigniter4-CodeIgniter4-202f41a\system\Commands\Server\rewrite.php(43): require_once('C:\\Users\\Marina...')
#10 {main}
CRITICAL - 2022-05-30 17:46:10 --> Undefined index: total
#0 C:\Users\Marina Fernandes\Desktop\codeignier 2\codeigniter4-CodeIgniter4-202f41a\app\Views\extrato.php(72): CodeIgniter\Debug\Exceptions->errorHandler(8, 'Undefined index...', 'C:\\Users\\Marina...', 72, Array)
#1 C:\Users\Marina Fernandes\Desktop\codeignier 2\codeigniter4-CodeIgniter4-202f41a\system\View\View.php(210): include('C:\\Users\\Marina...')
#2 C:\Users\Marina Fernandes\Desktop\codeignier 2\codeigniter4-CodeIgniter4-202f41a\system\View\View.php(213): CodeIgniter\View\View->CodeIgniter\View\{closure}()
#3 C:\Users\Marina Fernandes\Desktop\codeignier 2\codeigniter4-CodeIgniter4-202f41a\system\Common.php(1089): CodeIgniter\View\View->render('extrato', Array, true)
#4 C:\Users\Marina Fernandes\Desktop\codeignier 2\codeigniter4-CodeIgniter4-202f41a\app\Controllers\Home.php(73): view('extrato', Array)
#5 C:\Users\Marina Fernandes\Desktop\codeignier 2\codeigniter4-CodeIgniter4-202f41a\system\CodeIgniter.php(832): App\Controllers\Home->extrato()
#6 C:\Users\Marina Fernandes\Desktop\codeignier 2\codeigniter4-CodeIgniter4-202f41a\system\CodeIgniter.php(419): CodeIgniter\CodeIgniter->runController(Object(App\Controllers\Home))
#7 C:\Users\Marina Fernandes\Desktop\codeignier 2\codeigniter4-CodeIgniter4-202f41a\system\CodeIgniter.php(326): CodeIgniter\CodeIgniter->handleRequest(NULL, Object(Config\Cache), false)
#8 C:\Users\Marina Fernandes\Desktop\codeignier 2\codeigniter4-CodeIgniter4-202f41a\public\index.php(37): CodeIgniter\CodeIgniter->run()
#9 C:\Users\Marina Fernandes\Desktop\codeignier 2\codeigniter4-CodeIgniter4-202f41a\system\Commands\Server\rewrite.php(43): require_once('C:\\Users\\Marina...')
#10 {main}
CRITICAL - 2022-05-30 18:32:30 --> Undefined variable: contac
#0 C:\Users\Marina Fernandes\Desktop\codeignier 2\codeigniter4-CodeIgniter4-202f41a\app\Views\pagamentosdados.php(16): CodeIgniter\Debug\Exceptions->errorHandler(8, 'Undefined varia...', 'C:\\Users\\Marina...', 16, Array)
#1 C:\Users\Marina Fernandes\Desktop\codeignier 2\codeigniter4-CodeIgniter4-202f41a\system\View\View.php(210): include('C:\\Users\\Marina...')
#2 C:\Users\Marina Fernandes\Desktop\codeignier 2\codeigniter4-CodeIgniter4-202f41a\system\View\View.php(213): CodeIgniter\View\View->CodeIgniter\View\{closure}()
#3 C:\Users\Marina Fernandes\Desktop\codeignier 2\codeigniter4-CodeIgniter4-202f41a\system\Common.php(1089): CodeIgniter\View\View->render('pagamentosdados', Array, true)
#4 C:\Users\Marina Fernandes\Desktop\codeignier 2\codeigniter4-CodeIgniter4-202f41a\app\Controllers\Home.php(53): view('pagamentosdados', Array)
#5 C:\Users\Marina Fernandes\Desktop\codeignier 2\codeigniter4-CodeIgniter4-202f41a\system\CodeIgniter.php(832): App\Controllers\Home->pagdebito()
#6 C:\Users\Marina Fernandes\Desktop\codeignier 2\codeigniter4-CodeIgniter4-202f41a\system\CodeIgniter.php(419): CodeIgniter\CodeIgniter->runController(Object(App\Controllers\Home))
#7 C:\Users\Marina Fernandes\Desktop\codeignier 2\codeigniter4-CodeIgniter4-202f41a\system\CodeIgniter.php(326): CodeIgniter\CodeIgniter->handleRequest(NULL, Object(Config\Cache), false)
#8 C:\Users\Marina Fernandes\Desktop\codeignier 2\codeigniter4-CodeIgniter4-202f41a\public\index.php(37): CodeIgniter\CodeIgniter->run()
#9 C:\Users\Marina Fernandes\Desktop\codeignier 2\codeigniter4-CodeIgniter4-202f41a\system\Commands\Server\rewrite.php(43): require_once('C:\\Users\\Marina...')
#10 {main}
CRITICAL - 2022-05-30 18:32:57 --> Undefined variable: contac
#0 C:\Users\Marina Fernandes\Desktop\codeignier 2\codeigniter4-CodeIgniter4-202f41a\app\Views\pagamentosdados.php(16): CodeIgniter\Debug\Exceptions->errorHandler(8, 'Undefined varia...', 'C:\\Users\\Marina...', 16, Array)
#1 C:\Users\Marina Fernandes\Desktop\codeignier 2\codeigniter4-CodeIgniter4-202f41a\system\View\View.php(210): include('C:\\Users\\Marina...')
#2 C:\Users\Marina Fernandes\Desktop\codeignier 2\codeigniter4-CodeIgniter4-202f41a\system\View\View.php(213): CodeIgniter\View\View->CodeIgniter\View\{closure}()
#3 C:\Users\Marina Fernandes\Desktop\codeignier 2\codeigniter4-CodeIgniter4-202f41a\system\Common.php(1089): CodeIgniter\View\View->render('pagamentosdados', Array, true)
#4 C:\Users\Marina Fernandes\Desktop\codeignier 2\codeigniter4-CodeIgniter4-202f41a\app\Controllers\Home.php(54): view('pagamentosdados', Array)
#5 C:\Users\Marina Fernandes\Desktop\codeignier 2\codeigniter4-CodeIgniter4-202f41a\system\CodeIgniter.php(832): App\Controllers\Home->pagdebito()
#6 C:\Users\Marina Fernandes\Desktop\codeignier 2\codeigniter4-CodeIgniter4-202f41a\system\CodeIgniter.php(419): CodeIgniter\CodeIgniter->runController(Object(App\Controllers\Home))
#7 C:\Users\Marina Fernandes\Desktop\codeignier 2\codeigniter4-CodeIgniter4-202f41a\system\CodeIgniter.php(326): CodeIgniter\CodeIgniter->handleRequest(NULL, Object(Config\Cache), false)
#8 C:\Users\Marina Fernandes\Desktop\codeignier 2\codeigniter4-CodeIgniter4-202f41a\public\index.php(37): CodeIgniter\CodeIgniter->run()
#9 C:\Users\Marina Fernandes\Desktop\codeignier 2\codeigniter4-CodeIgniter4-202f41a\system\Commands\Server\rewrite.php(43): require_once('C:\\Users\\Marina...')
#10 {main}
CRITICAL - 2022-05-30 18:34:11 --> Undefined variable: contac
#0 C:\Users\Marina Fernandes\Desktop\codeignier 2\codeigniter4-CodeIgniter4-202f41a\app\Views\pagamentosdados.php(16): CodeIgniter\Debug\Exceptions->errorHandler(8, 'Undefined varia...', 'C:\\Users\\Marina...', 16, Array)
#1 C:\Users\Marina Fernandes\Desktop\codeignier 2\codeigniter4-CodeIgniter4-202f41a\system\View\View.php(210): include('C:\\Users\\Marina...')
#2 C:\Users\Marina Fernandes\Desktop\codeignier 2\codeigniter4-CodeIgniter4-202f41a\system\View\View.php(213): CodeIgniter\View\View->CodeIgniter\View\{closure}()
#3 C:\Users\Marina Fernandes\Desktop\codeignier 2\codeigniter4-CodeIgniter4-202f41a\system\Common.php(1089): CodeIgniter\View\View->render('pagamentosdados', Array, true)
#4 C:\Users\Marina Fernandes\Desktop\codeignier 2\codeigniter4-CodeIgniter4-202f41a\app\Controllers\Home.php(53): view('pagamentosdados', Array)
#5 C:\Users\Marina Fernandes\Desktop\codeignier 2\codeigniter4-CodeIgniter4-202f41a\system\CodeIgniter.php(832): App\Controllers\Home->pagdebito()
#6 C:\Users\Marina Fernandes\Desktop\codeignier 2\codeigniter4-CodeIgniter4-202f41a\system\CodeIgniter.php(419): CodeIgniter\CodeIgniter->runController(Object(App\Controllers\Home))
#7 C:\Users\Marina Fernandes\Desktop\codeignier 2\codeigniter4-CodeIgniter4-202f41a\system\CodeIgniter.php(326): CodeIgniter\CodeIgniter->handleRequest(NULL, Object(Config\Cache), false)
#8 C:\Users\Marina Fernandes\Desktop\codeignier 2\codeigniter4-CodeIgniter4-202f41a\public\index.php(37): CodeIgniter\CodeIgniter->run()
#9 C:\Users\Marina Fernandes\Desktop\codeignier 2\codeigniter4-CodeIgniter4-202f41a\system\Commands\Server\rewrite.php(43): require_once('C:\\Users\\Marina...')
#10 {main}
CRITICAL - 2022-05-30 18:34:12 --> Undefined variable: contac
#0 C:\Users\Marina Fernandes\Desktop\codeignier 2\codeigniter4-CodeIgniter4-202f41a\app\Views\pagamentosdados.php(16): CodeIgniter\Debug\Exceptions->errorHandler(8, 'Undefined varia...', 'C:\\Users\\Marina...', 16, Array)
#1 C:\Users\Marina Fernandes\Desktop\codeignier 2\codeigniter4-CodeIgniter4-202f41a\system\View\View.php(210): include('C:\\Users\\Marina...')
#2 C:\Users\Marina Fernandes\Desktop\codeignier 2\codeigniter4-CodeIgniter4-202f41a\system\View\View.php(213): CodeIgniter\View\View->CodeIgniter\View\{closure}()
#3 C:\Users\Marina Fernandes\Desktop\codeignier 2\codeigniter4-CodeIgniter4-202f41a\system\Common.php(1089): CodeIgniter\View\View->render('pagamentosdados', Array, true)
#4 C:\Users\Marina Fernandes\Desktop\codeignier 2\codeigniter4-CodeIgniter4-202f41a\app\Controllers\Home.php(53): view('pagamentosdados', Array)
#5 C:\Users\Marina Fernandes\Desktop\codeignier 2\codeigniter4-CodeIgniter4-202f41a\system\CodeIgniter.php(832): App\Controllers\Home->pagdebito()
#6 C:\Users\Marina Fernandes\Desktop\codeignier 2\codeigniter4-CodeIgniter4-202f41a\system\CodeIgniter.php(419): CodeIgniter\CodeIgniter->runController(Object(App\Controllers\Home))
#7 C:\Users\Marina Fernandes\Desktop\codeignier 2\codeigniter4-CodeIgniter4-202f41a\system\CodeIgniter.php(326): CodeIgniter\CodeIgniter->handleRequest(NULL, Object(Config\Cache), false)
#8 C:\Users\Marina Fernandes\Desktop\codeignier 2\codeigniter4-CodeIgniter4-202f41a\public\index.php(37): CodeIgniter\CodeIgniter->run()
#9 C:\Users\Marina Fernandes\Desktop\codeignier 2\codeigniter4-CodeIgniter4-202f41a\system\Commands\Server\rewrite.php(43): require_once('C:\\Users\\Marina...')
#10 {main}
CRITICAL - 2022-05-30 18:35:09 --> Undefined variable: extrato
#0 C:\Users\Marina Fernandes\Desktop\codeignier 2\codeigniter4-CodeIgniter4-202f41a\app\Views\pagamentosdados.php(79): CodeIgniter\Debug\Exceptions->errorHandler(8, 'Undefined varia...', 'C:\\Users\\Marina...', 79, Array)
#1 C:\Users\Marina Fernandes\Desktop\codeignier 2\codeigniter4-CodeIgniter4-202f41a\system\View\View.php(210): include('C:\\Users\\Marina...')
#2 C:\Users\Marina Fernandes\Desktop\codeignier 2\codeigniter4-CodeIgniter4-202f41a\system\View\View.php(213): CodeIgniter\View\View->CodeIgniter\View\{closure}()
#3 C:\Users\Marina Fernandes\Desktop\codeignier 2\codeigniter4-CodeIgniter4-202f41a\system\Common.php(1089): CodeIgniter\View\View->render('pagamentosdados', Array, true)
#4 C:\Users\Marina Fernandes\Desktop\codeignier 2\codeigniter4-CodeIgniter4-202f41a\app\Controllers\Home.php(55): view('pagamentosdados', Array)
#5 C:\Users\Marina Fernandes\Desktop\codeignier 2\codeigniter4-CodeIgniter4-202f41a\system\CodeIgniter.php(832): App\Controllers\Home->pagdebito()
#6 C:\Users\Marina Fernandes\Desktop\codeignier 2\codeigniter4-CodeIgniter4-202f41a\system\CodeIgniter.php(419): CodeIgniter\CodeIgniter->runController(Object(App\Controllers\Home))
#7 C:\Users\Marina Fernandes\Desktop\codeignier 2\codeigniter4-CodeIgniter4-202f41a\system\CodeIgniter.php(326): CodeIgniter\CodeIgniter->handleRequest(NULL, Object(Config\Cache), false)
#8 C:\Users\Marina Fernandes\Desktop\codeignier 2\codeigniter4-CodeIgniter4-202f41a\public\index.php(37): CodeIgniter\CodeIgniter->run()
#9 C:\Users\Marina Fernandes\Desktop\codeignier 2\codeigniter4-CodeIgniter4-202f41a\system\Commands\Server\rewrite.php(43): require_once('C:\\Users\\Marina...')
#10 {main}
