CRITICAL - 2022-05-14 15:25:16 --> Too few arguments to function App\Controllers\Home::orderby(), 0 passed in C:\Users\Marina Fernandes\Desktop\codeigniter marina\codeigniter4-CodeIgniter4-202f41a\system\CodeIgniter.php on line 832 and exactly 1 expected
#0 C:\Users\Marina Fernandes\Desktop\codeigniter marina\codeigniter4-CodeIgniter4-202f41a\system\CodeIgniter.php(832): App\Controllers\Home->orderby()
#1 C:\Users\Marina Fernandes\Desktop\codeigniter marina\codeigniter4-CodeIgniter4-202f41a\system\CodeIgniter.php(419): CodeIgniter\CodeIgniter->runController(Object(App\Controllers\Home))
#2 C:\Users\Marina Fernandes\Desktop\codeigniter marina\codeigniter4-CodeIgniter4-202f41a\system\CodeIgniter.php(326): CodeIgniter\CodeIgniter->handleRequest(NULL, Object(Config\Cache), false)
#3 C:\Users\Marina Fernandes\Desktop\codeigniter marina\codeigniter4-CodeIgniter4-202f41a\public\index.php(37): CodeIgniter\CodeIgniter->run()
#4 C:\Users\Marina Fernandes\Desktop\codeigniter marina\codeigniter4-CodeIgniter4-202f41a\system\Commands\Server\rewrite.php(43): require_once('C:\\Users\\Marina...')
#5 {main}
CRITICAL - 2022-05-14 15:25:21 --> Too few arguments to function App\Controllers\Home::orderby(), 0 passed in C:\Users\Marina Fernandes\Desktop\codeigniter marina\codeigniter4-CodeIgniter4-202f41a\system\CodeIgniter.php on line 832 and exactly 1 expected
#0 C:\Users\Marina Fernandes\Desktop\codeigniter marina\codeigniter4-CodeIgniter4-202f41a\system\CodeIgniter.php(832): App\Controllers\Home->orderby()
#1 C:\Users\Marina Fernandes\Desktop\codeigniter marina\codeigniter4-CodeIgniter4-202f41a\system\CodeIgniter.php(419): CodeIgniter\CodeIgniter->runController(Object(App\Controllers\Home))
#2 C:\Users\Marina Fernandes\Desktop\codeigniter marina\codeigniter4-CodeIgniter4-202f41a\system\CodeIgniter.php(326): CodeIgniter\CodeIgniter->handleRequest(NULL, Object(Config\Cache), false)
#3 C:\Users\Marina Fernandes\Desktop\codeigniter marina\codeigniter4-CodeIgniter4-202f41a\public\index.php(37): CodeIgniter\CodeIgniter->run()
#4 C:\Users\Marina Fernandes\Desktop\codeigniter marina\codeigniter4-CodeIgniter4-202f41a\system\Commands\Server\rewrite.php(43): require_once('C:\\Users\\Marina...')
#5 {main}
CRITICAL - 2022-05-14 15:25:33 --> Too few arguments to function App\Controllers\Home::orderby(), 0 passed in C:\Users\Marina Fernandes\Desktop\codeigniter marina\codeigniter4-CodeIgniter4-202f41a\system\CodeIgniter.php on line 832 and exactly 1 expected
#0 C:\Users\Marina Fernandes\Desktop\codeigniter marina\codeigniter4-CodeIgniter4-202f41a\system\CodeIgniter.php(832): App\Controllers\Home->orderby()
#1 C:\Users\Marina Fernandes\Desktop\codeigniter marina\codeigniter4-CodeIgniter4-202f41a\system\CodeIgniter.php(419): CodeIgniter\CodeIgniter->runController(Object(App\Controllers\Home))
#2 C:\Users\Marina Fernandes\Desktop\codeigniter marina\codeigniter4-CodeIgniter4-202f41a\system\CodeIgniter.php(326): CodeIgniter\CodeIgniter->handleRequest(NULL, Object(Config\Cache), false)
#3 C:\Users\Marina Fernandes\Desktop\codeigniter marina\codeigniter4-CodeIgniter4-202f41a\public\index.php(37): CodeIgniter\CodeIgniter->run()
#4 C:\Users\Marina Fernandes\Desktop\codeigniter marina\codeigniter4-CodeIgniter4-202f41a\system\Commands\Server\rewrite.php(43): require_once('C:\\Users\\Marina...')
#5 {main}
CRITICAL - 2022-05-14 15:25:52 --> Too few arguments to function App\Controllers\Home::orderby(), 0 passed in C:\Users\Marina Fernandes\Desktop\codeigniter marina\codeigniter4-CodeIgniter4-202f41a\system\CodeIgniter.php on line 832 and exactly 1 expected
#0 C:\Users\Marina Fernandes\Desktop\codeigniter marina\codeigniter4-CodeIgniter4-202f41a\system\CodeIgniter.php(832): App\Controllers\Home->orderby()
#1 C:\Users\Marina Fernandes\Desktop\codeigniter marina\codeigniter4-CodeIgniter4-202f41a\system\CodeIgniter.php(419): CodeIgniter\CodeIgniter->runController(Object(App\Controllers\Home))
#2 C:\Users\Marina Fernandes\Desktop\codeigniter marina\codeigniter4-CodeIgniter4-202f41a\system\CodeIgniter.php(326): CodeIgniter\CodeIgniter->handleRequest(NULL, Object(Config\Cache), false)
#3 C:\Users\Marina Fernandes\Desktop\codeigniter marina\codeigniter4-CodeIgniter4-202f41a\public\index.php(37): CodeIgniter\CodeIgniter->run()
#4 C:\Users\Marina Fernandes\Desktop\codeigniter marina\codeigniter4-CodeIgniter4-202f41a\system\Commands\Server\rewrite.php(43): require_once('C:\\Users\\Marina...')
#5 {main}
CRITICAL - 2022-05-14 15:26:23 --> Too few arguments to function App\Controllers\Home::orderby(), 0 passed in C:\Users\Marina Fernandes\Desktop\codeigniter marina\codeigniter4-CodeIgniter4-202f41a\system\CodeIgniter.php on line 832 and exactly 1 expected
#0 C:\Users\Marina Fernandes\Desktop\codeigniter marina\codeigniter4-CodeIgniter4-202f41a\system\CodeIgniter.php(832): App\Controllers\Home->orderby()
#1 C:\Users\Marina Fernandes\Desktop\codeigniter marina\codeigniter4-CodeIgniter4-202f41a\system\CodeIgniter.php(419): CodeIgniter\CodeIgniter->runController(Object(App\Controllers\Home))
#2 C:\Users\Marina Fernandes\Desktop\codeigniter marina\codeigniter4-CodeIgniter4-202f41a\system\CodeIgniter.php(326): CodeIgniter\CodeIgniter->handleRequest(NULL, Object(Config\Cache), false)
#3 C:\Users\Marina Fernandes\Desktop\codeigniter marina\codeigniter4-CodeIgniter4-202f41a\public\index.php(37): CodeIgniter\CodeIgniter->run()
#4 C:\Users\Marina Fernandes\Desktop\codeigniter marina\codeigniter4-CodeIgniter4-202f41a\system\Commands\Server\rewrite.php(43): require_once('C:\\Users\\Marina...')
#5 {main}
CRITICAL - 2022-05-14 15:28:03 --> Too few arguments to function App\Controllers\Home::orderby(), 0 passed in C:\Users\Marina Fernandes\Desktop\codeigniter marina\codeigniter4-CodeIgniter4-202f41a\system\CodeIgniter.php on line 832 and exactly 1 expected
#0 C:\Users\Marina Fernandes\Desktop\codeigniter marina\codeigniter4-CodeIgniter4-202f41a\system\CodeIgniter.php(832): App\Controllers\Home->orderby()
#1 C:\Users\Marina Fernandes\Desktop\codeigniter marina\codeigniter4-CodeIgniter4-202f41a\system\CodeIgniter.php(419): CodeIgniter\CodeIgniter->runController(Object(App\Controllers\Home))
#2 C:\Users\Marina Fernandes\Desktop\codeigniter marina\codeigniter4-CodeIgniter4-202f41a\system\CodeIgniter.php(326): CodeIgniter\CodeIgniter->handleRequest(NULL, Object(Config\Cache), false)
#3 C:\Users\Marina Fernandes\Desktop\codeigniter marina\codeigniter4-CodeIgniter4-202f41a\public\index.php(37): CodeIgniter\CodeIgniter->run()
#4 C:\Users\Marina Fernandes\Desktop\codeigniter marina\codeigniter4-CodeIgniter4-202f41a\system\Commands\Server\rewrite.php(43): require_once('C:\\Users\\Marina...')
#5 {main}
CRITICAL - 2022-05-14 15:28:55 --> Undefined variable: customers
#0 C:\Users\Marina Fernandes\Desktop\codeigniter marina\codeigniter4-CodeIgniter4-202f41a\app\Views\ordersView.php(24): CodeIgniter\Debug\Exceptions->errorHandler(8, 'Undefined varia...', 'C:\\Users\\Marina...', 24, Array)
#1 C:\Users\Marina Fernandes\Desktop\codeigniter marina\codeigniter4-CodeIgniter4-202f41a\system\View\View.php(210): include('C:\\Users\\Marina...')
#2 C:\Users\Marina Fernandes\Desktop\codeigniter marina\codeigniter4-CodeIgniter4-202f41a\system\View\View.php(213): CodeIgniter\View\View->CodeIgniter\View\{closure}()
#3 C:\Users\Marina Fernandes\Desktop\codeigniter marina\codeigniter4-CodeIgniter4-202f41a\system\Common.php(1089): CodeIgniter\View\View->render('ordersView', Array, true)
#4 C:\Users\Marina Fernandes\Desktop\codeigniter marina\codeigniter4-CodeIgniter4-202f41a\app\Controllers\Home.php(373): view('ordersView', Array)
#5 C:\Users\Marina Fernandes\Desktop\codeigniter marina\codeigniter4-CodeIgniter4-202f41a\system\CodeIgniter.php(832): App\Controllers\Home->orderby('mais')
#6 C:\Users\Marina Fernandes\Desktop\codeigniter marina\codeigniter4-CodeIgniter4-202f41a\system\CodeIgniter.php(419): CodeIgniter\CodeIgniter->runController(Object(App\Controllers\Home))
#7 C:\Users\Marina Fernandes\Desktop\codeigniter marina\codeigniter4-CodeIgniter4-202f41a\system\CodeIgniter.php(326): CodeIgniter\CodeIgniter->handleRequest(NULL, Object(Config\Cache), false)
#8 C:\Users\Marina Fernandes\Desktop\codeigniter marina\codeigniter4-CodeIgniter4-202f41a\public\index.php(37): CodeIgniter\CodeIgniter->run()
#9 C:\Users\Marina Fernandes\Desktop\codeigniter marina\codeigniter4-CodeIgniter4-202f41a\system\Commands\Server\rewrite.php(43): require_once('C:\\Users\\Marina...')
#10 {main}
CRITICAL - 2022-05-14 15:29:11 --> Undefined variable: customers
#0 C:\Users\Marina Fernandes\Desktop\codeigniter marina\codeigniter4-CodeIgniter4-202f41a\app\Views\ordersView.php(24): CodeIgniter\Debug\Exceptions->errorHandler(8, 'Undefined varia...', 'C:\\Users\\Marina...', 24, Array)
#1 C:\Users\Marina Fernandes\Desktop\codeigniter marina\codeigniter4-CodeIgniter4-202f41a\system\View\View.php(210): include('C:\\Users\\Marina...')
#2 C:\Users\Marina Fernandes\Desktop\codeigniter marina\codeigniter4-CodeIgniter4-202f41a\system\View\View.php(213): CodeIgniter\View\View->CodeIgniter\View\{closure}()
#3 C:\Users\Marina Fernandes\Desktop\codeigniter marina\codeigniter4-CodeIgniter4-202f41a\system\Common.php(1089): CodeIgniter\View\View->render('ordersView', Array, true)
#4 C:\Users\Marina Fernandes\Desktop\codeigniter marina\codeigniter4-CodeIgniter4-202f41a\app\Controllers\Home.php(373): view('ordersView', Array)
#5 C:\Users\Marina Fernandes\Desktop\codeigniter marina\codeigniter4-CodeIgniter4-202f41a\system\CodeIgniter.php(832): App\Controllers\Home->orderby('mais')
#6 C:\Users\Marina Fernandes\Desktop\codeigniter marina\codeigniter4-CodeIgniter4-202f41a\system\CodeIgniter.php(419): CodeIgniter\CodeIgniter->runController(Object(App\Controllers\Home))
#7 C:\Users\Marina Fernandes\Desktop\codeigniter marina\codeigniter4-CodeIgniter4-202f41a\system\CodeIgniter.php(326): CodeIgniter\CodeIgniter->handleRequest(NULL, Object(Config\Cache), false)
#8 C:\Users\Marina Fernandes\Desktop\codeigniter marina\codeigniter4-CodeIgniter4-202f41a\public\index.php(37): CodeIgniter\CodeIgniter->run()
#9 C:\Users\Marina Fernandes\Desktop\codeigniter marina\codeigniter4-CodeIgniter4-202f41a\system\Commands\Server\rewrite.php(43): require_once('C:\\Users\\Marina...')
#10 {main}
CRITICAL - 2022-05-14 15:30:08 --> Undefined variable: data
#0 C:\Users\Marina Fernandes\Desktop\codeigniter marina\codeigniter4-CodeIgniter4-202f41a\app\Controllers\Home.php(373): CodeIgniter\Debug\Exceptions->errorHandler(8, 'Undefined varia...', 'C:\\Users\\Marina...', 373, Array)
#1 C:\Users\Marina Fernandes\Desktop\codeigniter marina\codeigniter4-CodeIgniter4-202f41a\system\CodeIgniter.php(832): App\Controllers\Home->orderby('mais')
#2 C:\Users\Marina Fernandes\Desktop\codeigniter marina\codeigniter4-CodeIgniter4-202f41a\system\CodeIgniter.php(419): CodeIgniter\CodeIgniter->runController(Object(App\Controllers\Home))
#3 C:\Users\Marina Fernandes\Desktop\codeigniter marina\codeigniter4-CodeIgniter4-202f41a\system\CodeIgniter.php(326): CodeIgniter\CodeIgniter->handleRequest(NULL, Object(Config\Cache), false)
#4 C:\Users\Marina Fernandes\Desktop\codeigniter marina\codeigniter4-CodeIgniter4-202f41a\public\index.php(37): CodeIgniter\CodeIgniter->run()
#5 C:\Users\Marina Fernandes\Desktop\codeigniter marina\codeigniter4-CodeIgniter4-202f41a\system\Commands\Server\rewrite.php(43): require_once('C:\\Users\\Marina...')
#6 {main}
CRITICAL - 2022-05-14 15:31:56 --> Allowed memory size of 134217728 bytes exhausted (tried to allocate 33554440 bytes)
#0 [internal function]: CodeIgniter\Debug\Exceptions->shutdownHandler()
#1 {main}
CRITICAL - 2022-05-14 15:32:02 --> Allowed memory size of 134217728 bytes exhausted (tried to allocate 33554440 bytes)
#0 [internal function]: CodeIgniter\Debug\Exceptions->shutdownHandler()
#1 {main}
CRITICAL - 2022-05-14 15:32:14 --> Invalid argument supplied for foreach()
#0 C:\Users\Marina Fernandes\Desktop\codeigniter marina\codeigniter4-CodeIgniter4-202f41a\app\Views\ordersView.php(50): CodeIgniter\Debug\Exceptions->errorHandler(2, 'Invalid argumen...', 'C:\\Users\\Marina...', 50, Array)
#1 C:\Users\Marina Fernandes\Desktop\codeigniter marina\codeigniter4-CodeIgniter4-202f41a\system\View\View.php(210): include('C:\\Users\\Marina...')
#2 C:\Users\Marina Fernandes\Desktop\codeigniter marina\codeigniter4-CodeIgniter4-202f41a\system\View\View.php(213): CodeIgniter\View\View->CodeIgniter\View\{closure}()
#3 C:\Users\Marina Fernandes\Desktop\codeigniter marina\codeigniter4-CodeIgniter4-202f41a\system\Common.php(1089): CodeIgniter\View\View->render('ordersView', Array, true)
#4 C:\Users\Marina Fernandes\Desktop\codeigniter marina\codeigniter4-CodeIgniter4-202f41a\app\Controllers\Home.php(373): view('ordersView', Array)
#5 C:\Users\Marina Fernandes\Desktop\codeigniter marina\codeigniter4-CodeIgniter4-202f41a\system\CodeIgniter.php(832): App\Controllers\Home->orderby('mais')
#6 C:\Users\Marina Fernandes\Desktop\codeigniter marina\codeigniter4-CodeIgniter4-202f41a\system\CodeIgniter.php(419): CodeIgniter\CodeIgniter->runController(Object(App\Controllers\Home))
#7 C:\Users\Marina Fernandes\Desktop\codeigniter marina\codeigniter4-CodeIgniter4-202f41a\system\CodeIgniter.php(326): CodeIgniter\CodeIgniter->handleRequest(NULL, Object(Config\Cache), false)
#8 C:\Users\Marina Fernandes\Desktop\codeigniter marina\codeigniter4-CodeIgniter4-202f41a\public\index.php(37): CodeIgniter\CodeIgniter->run()
#9 C:\Users\Marina Fernandes\Desktop\codeigniter marina\codeigniter4-CodeIgniter4-202f41a\system\Commands\Server\rewrite.php(43): require_once('C:\\Users\\Marina...')
#10 {main}
CRITICAL - 2022-05-14 15:32:14 --> Invalid argument supplied for foreach()
#0 C:\Users\Marina Fernandes\Desktop\codeigniter marina\codeigniter4-CodeIgniter4-202f41a\app\Views\ordersView.php(50): CodeIgniter\Debug\Exceptions->errorHandler(2, 'Invalid argumen...', 'C:\\Users\\Marina...', 50, Array)
#1 C:\Users\Marina Fernandes\Desktop\codeigniter marina\codeigniter4-CodeIgniter4-202f41a\system\View\View.php(210): include('C:\\Users\\Marina...')
#2 C:\Users\Marina Fernandes\Desktop\codeigniter marina\codeigniter4-CodeIgniter4-202f41a\system\View\View.php(213): CodeIgniter\View\View->CodeIgniter\View\{closure}()
#3 C:\Users\Marina Fernandes\Desktop\codeigniter marina\codeigniter4-CodeIgniter4-202f41a\system\Common.php(1089): CodeIgniter\View\View->render('ordersView', Array, true)
#4 C:\Users\Marina Fernandes\Desktop\codeigniter marina\codeigniter4-CodeIgniter4-202f41a\app\Controllers\Home.php(373): view('ordersView', Array)
#5 C:\Users\Marina Fernandes\Desktop\codeigniter marina\codeigniter4-CodeIgniter4-202f41a\system\CodeIgniter.php(832): App\Controllers\Home->orderby('menos')
#6 C:\Users\Marina Fernandes\Desktop\codeigniter marina\codeigniter4-CodeIgniter4-202f41a\system\CodeIgniter.php(419): CodeIgniter\CodeIgniter->runController(Object(App\Controllers\Home))
#7 C:\Users\Marina Fernandes\Desktop\codeigniter marina\codeigniter4-CodeIgniter4-202f41a\system\CodeIgniter.php(326): CodeIgniter\CodeIgniter->handleRequest(NULL, Object(Config\Cache), false)
#8 C:\Users\Marina Fernandes\Desktop\codeigniter marina\codeigniter4-CodeIgniter4-202f41a\public\index.php(37): CodeIgniter\CodeIgniter->run()
#9 C:\Users\Marina Fernandes\Desktop\codeigniter marina\codeigniter4-CodeIgniter4-202f41a\system\Commands\Server\rewrite.php(43): require_once('C:\\Users\\Marina...')
#10 {main}
CRITICAL - 2022-05-14 15:32:15 --> Invalid argument supplied for foreach()
#0 C:\Users\Marina Fernandes\Desktop\codeigniter marina\codeigniter4-CodeIgniter4-202f41a\app\Views\ordersView.php(50): CodeIgniter\Debug\Exceptions->errorHandler(2, 'Invalid argumen...', 'C:\\Users\\Marina...', 50, Array)
#1 C:\Users\Marina Fernandes\Desktop\codeigniter marina\codeigniter4-CodeIgniter4-202f41a\system\View\View.php(210): include('C:\\Users\\Marina...')
#2 C:\Users\Marina Fernandes\Desktop\codeigniter marina\codeigniter4-CodeIgniter4-202f41a\system\View\View.php(213): CodeIgniter\View\View->CodeIgniter\View\{closure}()
#3 C:\Users\Marina Fernandes\Desktop\codeigniter marina\codeigniter4-CodeIgniter4-202f41a\system\Common.php(1089): CodeIgniter\View\View->render('ordersView', Array, true)
#4 C:\Users\Marina Fernandes\Desktop\codeigniter marina\codeigniter4-CodeIgniter4-202f41a\app\Controllers\Home.php(373): view('ordersView', Array)
#5 C:\Users\Marina Fernandes\Desktop\codeigniter marina\codeigniter4-CodeIgniter4-202f41a\system\CodeIgniter.php(832): App\Controllers\Home->orderby('mais')
#6 C:\Users\Marina Fernandes\Desktop\codeigniter marina\codeigniter4-CodeIgniter4-202f41a\system\CodeIgniter.php(419): CodeIgniter\CodeIgniter->runController(Object(App\Controllers\Home))
#7 C:\Users\Marina Fernandes\Desktop\codeigniter marina\codeigniter4-CodeIgniter4-202f41a\system\CodeIgniter.php(326): CodeIgniter\CodeIgniter->handleRequest(NULL, Object(Config\Cache), false)
#8 C:\Users\Marina Fernandes\Desktop\codeigniter marina\codeigniter4-CodeIgniter4-202f41a\public\index.php(37): CodeIgniter\CodeIgniter->run()
#9 C:\Users\Marina Fernandes\Desktop\codeigniter marina\codeigniter4-CodeIgniter4-202f41a\system\Commands\Server\rewrite.php(43): require_once('C:\\Users\\Marina...')
#10 {main}
CRITICAL - 2022-05-14 15:32:16 --> Invalid argument supplied for foreach()
#0 C:\Users\Marina Fernandes\Desktop\codeigniter marina\codeigniter4-CodeIgniter4-202f41a\app\Views\ordersView.php(50): CodeIgniter\Debug\Exceptions->errorHandler(2, 'Invalid argumen...', 'C:\\Users\\Marina...', 50, Array)
#1 C:\Users\Marina Fernandes\Desktop\codeigniter marina\codeigniter4-CodeIgniter4-202f41a\system\View\View.php(210): include('C:\\Users\\Marina...')
#2 C:\Users\Marina Fernandes\Desktop\codeigniter marina\codeigniter4-CodeIgniter4-202f41a\system\View\View.php(213): CodeIgniter\View\View->CodeIgniter\View\{closure}()
#3 C:\Users\Marina Fernandes\Desktop\codeigniter marina\codeigniter4-CodeIgniter4-202f41a\system\Common.php(1089): CodeIgniter\View\View->render('ordersView', Array, true)
#4 C:\Users\Marina Fernandes\Desktop\codeigniter marina\codeigniter4-CodeIgniter4-202f41a\app\Controllers\Home.php(373): view('ordersView', Array)
#5 C:\Users\Marina Fernandes\Desktop\codeigniter marina\codeigniter4-CodeIgniter4-202f41a\system\CodeIgniter.php(832): App\Controllers\Home->orderby('mais')
#6 C:\Users\Marina Fernandes\Desktop\codeigniter marina\codeigniter4-CodeIgniter4-202f41a\system\CodeIgniter.php(419): CodeIgniter\CodeIgniter->runController(Object(App\Controllers\Home))
#7 C:\Users\Marina Fernandes\Desktop\codeigniter marina\codeigniter4-CodeIgniter4-202f41a\system\CodeIgniter.php(326): CodeIgniter\CodeIgniter->handleRequest(NULL, Object(Config\Cache), false)
#8 C:\Users\Marina Fernandes\Desktop\codeigniter marina\codeigniter4-CodeIgniter4-202f41a\public\index.php(37): CodeIgniter\CodeIgniter->run()
#9 C:\Users\Marina Fernandes\Desktop\codeigniter marina\codeigniter4-CodeIgniter4-202f41a\system\Commands\Server\rewrite.php(43): require_once('C:\\Users\\Marina...')
#10 {main}
CRITICAL - 2022-05-14 15:33:01 --> Invalid argument supplied for foreach()
#0 C:\Users\Marina Fernandes\Desktop\codeigniter marina\codeigniter4-CodeIgniter4-202f41a\app\Views\ordersView.php(50): CodeIgniter\Debug\Exceptions->errorHandler(2, 'Invalid argumen...', 'C:\\Users\\Marina...', 50, Array)
#1 C:\Users\Marina Fernandes\Desktop\codeigniter marina\codeigniter4-CodeIgniter4-202f41a\system\View\View.php(210): include('C:\\Users\\Marina...')
#2 C:\Users\Marina Fernandes\Desktop\codeigniter marina\codeigniter4-CodeIgniter4-202f41a\system\View\View.php(213): CodeIgniter\View\View->CodeIgniter\View\{closure}()
#3 C:\Users\Marina Fernandes\Desktop\codeigniter marina\codeigniter4-CodeIgniter4-202f41a\system\Common.php(1089): CodeIgniter\View\View->render('ordersView', Array, true)
#4 C:\Users\Marina Fernandes\Desktop\codeigniter marina\codeigniter4-CodeIgniter4-202f41a\app\Controllers\Home.php(373): view('ordersView', Array)
#5 C:\Users\Marina Fernandes\Desktop\codeigniter marina\codeigniter4-CodeIgniter4-202f41a\system\CodeIgniter.php(832): App\Controllers\Home->orderby('mais')
#6 C:\Users\Marina Fernandes\Desktop\codeigniter marina\codeigniter4-CodeIgniter4-202f41a\system\CodeIgniter.php(419): CodeIgniter\CodeIgniter->runController(Object(App\Controllers\Home))
#7 C:\Users\Marina Fernandes\Desktop\codeigniter marina\codeigniter4-CodeIgniter4-202f41a\system\CodeIgniter.php(326): CodeIgniter\CodeIgniter->handleRequest(NULL, Object(Config\Cache), false)
#8 C:\Users\Marina Fernandes\Desktop\codeigniter marina\codeigniter4-CodeIgniter4-202f41a\public\index.php(37): CodeIgniter\CodeIgniter->run()
#9 C:\Users\Marina Fernandes\Desktop\codeigniter marina\codeigniter4-CodeIgniter4-202f41a\system\Commands\Server\rewrite.php(43): require_once('C:\\Users\\Marina...')
#10 {main}
CRITICAL - 2022-05-14 15:34:15 --> Allowed memory size of 134217728 bytes exhausted (tried to allocate 33554440 bytes)
#0 [internal function]: CodeIgniter\Debug\Exceptions->shutdownHandler()
#1 {main}
CRITICAL - 2022-05-14 15:34:32 --> Allowed memory size of 134217728 bytes exhausted (tried to allocate 33554440 bytes)
#0 [internal function]: CodeIgniter\Debug\Exceptions->shutdownHandler()
#1 {main}
CRITICAL - 2022-05-14 15:35:03 --> Allowed memory size of 134217728 bytes exhausted (tried to allocate 33554440 bytes)
#0 [internal function]: CodeIgniter\Debug\Exceptions->shutdownHandler()
#1 {main}
CRITICAL - 2022-05-14 15:37:12 --> Allowed memory size of 134217728 bytes exhausted (tried to allocate 33554440 bytes)
#0 [internal function]: CodeIgniter\Debug\Exceptions->shutdownHandler()
#1 {main}
CRITICAL - 2022-05-14 15:38:48 --> Allowed memory size of 134217728 bytes exhausted (tried to allocate 33554440 bytes)
#0 [internal function]: CodeIgniter\Debug\Exceptions->shutdownHandler()
#1 {main}
CRITICAL - 2022-05-14 15:39:27 --> Allowed memory size of 134217728 bytes exhausted (tried to allocate 33554440 bytes)
#0 [internal function]: CodeIgniter\Debug\Exceptions->shutdownHandler()
#1 {main}
CRITICAL - 2022-05-14 15:39:36 --> Allowed memory size of 134217728 bytes exhausted (tried to allocate 33554440 bytes)
#0 [internal function]: CodeIgniter\Debug\Exceptions->shutdownHandler()
#1 {main}
CRITICAL - 2022-05-14 15:39:43 --> Allowed memory size of 134217728 bytes exhausted (tried to allocate 4096 bytes)
#0 [internal function]: CodeIgniter\Debug\Exceptions->shutdownHandler()
#1 {main}
CRITICAL - 2022-05-14 15:40:49 --> Invalid argument supplied for foreach()
#0 C:\Users\Marina Fernandes\Desktop\codeigniter marina\codeigniter4-CodeIgniter4-202f41a\app\Views\ordersView.php(50): CodeIgniter\Debug\Exceptions->errorHandler(2, 'Invalid argumen...', 'C:\\Users\\Marina...', 50, Array)
#1 C:\Users\Marina Fernandes\Desktop\codeigniter marina\codeigniter4-CodeIgniter4-202f41a\system\View\View.php(210): include('C:\\Users\\Marina...')
#2 C:\Users\Marina Fernandes\Desktop\codeigniter marina\codeigniter4-CodeIgniter4-202f41a\system\View\View.php(213): CodeIgniter\View\View->CodeIgniter\View\{closure}()
#3 C:\Users\Marina Fernandes\Desktop\codeigniter marina\codeigniter4-CodeIgniter4-202f41a\system\Common.php(1089): CodeIgniter\View\View->render('ordersView', Array, true)
#4 C:\Users\Marina Fernandes\Desktop\codeigniter marina\codeigniter4-CodeIgniter4-202f41a\app\Controllers\Home.php(373): view('ordersView', Array)
#5 C:\Users\Marina Fernandes\Desktop\codeigniter marina\codeigniter4-CodeIgniter4-202f41a\system\CodeIgniter.php(832): App\Controllers\Home->orderby('mais')
#6 C:\Users\Marina Fernandes\Desktop\codeigniter marina\codeigniter4-CodeIgniter4-202f41a\system\CodeIgniter.php(419): CodeIgniter\CodeIgniter->runController(Object(App\Controllers\Home))
#7 C:\Users\Marina Fernandes\Desktop\codeigniter marina\codeigniter4-CodeIgniter4-202f41a\system\CodeIgniter.php(326): CodeIgniter\CodeIgniter->handleRequest(NULL, Object(Config\Cache), false)
#8 C:\Users\Marina Fernandes\Desktop\codeigniter marina\codeigniter4-CodeIgniter4-202f41a\public\index.php(37): CodeIgniter\CodeIgniter->run()
#9 C:\Users\Marina Fernandes\Desktop\codeigniter marina\codeigniter4-CodeIgniter4-202f41a\system\Commands\Server\rewrite.php(43): require_once('C:\\Users\\Marina...')
#10 {main}
CRITICAL - 2022-05-14 15:44:50 --> Allowed memory size of 134217728 bytes exhausted (tried to allocate 33554440 bytes)
#0 [internal function]: CodeIgniter\Debug\Exceptions->shutdownHandler()
#1 {main}
CRITICAL - 2022-05-14 15:47:07 --> Allowed memory size of 134217728 bytes exhausted (tried to allocate 33554440 bytes)
#0 [internal function]: CodeIgniter\Debug\Exceptions->shutdownHandler()
#1 {main}
CRITICAL - 2022-05-14 15:58:23 --> Unknown column 'clientes-produtos.cliente' in 'on clause'
#0 C:\Users\Marina Fernandes\Desktop\codeigniter marina\codeigniter4-CodeIgniter4-202f41a\system\Database\MySQLi\Connection.php(292): mysqli->query('SELECT *, sum((...', 0)
#1 C:\Users\Marina Fernandes\Desktop\codeigniter marina\codeigniter4-CodeIgniter4-202f41a\system\Database\BaseConnection.php(670): CodeIgniter\Database\MySQLi\Connection->execute('SELECT *, sum((...')
#2 C:\Users\Marina Fernandes\Desktop\codeigniter marina\codeigniter4-CodeIgniter4-202f41a\system\Database\BaseConnection.php(598): CodeIgniter\Database\BaseConnection->simpleQuery('SELECT *, sum((...')
#3 C:\Users\Marina Fernandes\Desktop\codeigniter marina\codeigniter4-CodeIgniter4-202f41a\system\Database\BaseBuilder.php(1455): CodeIgniter\Database\BaseConnection->query('SELECT *, sum((...', Array, false)
#4 C:\Users\Marina Fernandes\Desktop\codeigniter marina\codeigniter4-CodeIgniter4-202f41a\system\Model.php(183): CodeIgniter\Database\BaseBuilder->get()
#5 C:\Users\Marina Fernandes\Desktop\codeigniter marina\codeigniter4-CodeIgniter4-202f41a\system\BaseModel.php(584): CodeIgniter\Model->doFindAll(0, 0)
#6 C:\Users\Marina Fernandes\Desktop\codeigniter marina\codeigniter4-CodeIgniter4-202f41a\app\Models\ContaModel.php(33): CodeIgniter\BaseModel->findAll()
#7 C:\Users\Marina Fernandes\Desktop\codeigniter marina\codeigniter4-CodeIgniter4-202f41a\app\Controllers\Home.php(92): App\Models\ContaModel->getTotal()
#8 C:\Users\Marina Fernandes\Desktop\codeigniter marina\codeigniter4-CodeIgniter4-202f41a\system\CodeIgniter.php(832): App\Controllers\Home->ordersview()
#9 C:\Users\Marina Fernandes\Desktop\codeigniter marina\codeigniter4-CodeIgniter4-202f41a\system\CodeIgniter.php(419): CodeIgniter\CodeIgniter->runController(Object(App\Controllers\Home))
#10 C:\Users\Marina Fernandes\Desktop\codeigniter marina\codeigniter4-CodeIgniter4-202f41a\system\CodeIgniter.php(326): CodeIgniter\CodeIgniter->handleRequest(NULL, Object(Config\Cache), false)
#11 C:\Users\Marina Fernandes\Desktop\codeigniter marina\codeigniter4-CodeIgniter4-202f41a\public\index.php(37): CodeIgniter\CodeIgniter->run()
#12 C:\Users\Marina Fernandes\Desktop\codeigniter marina\codeigniter4-CodeIgniter4-202f41a\system\Commands\Server\rewrite.php(43): require_once('C:\\Users\\Marina...')
#13 {main}
CRITICAL - 2022-05-14 15:58:38 --> Unknown column 'clientes-produtos.clientes' in 'on clause'
#0 C:\Users\Marina Fernandes\Desktop\codeigniter marina\codeigniter4-CodeIgniter4-202f41a\system\Database\MySQLi\Connection.php(292): mysqli->query('SELECT *, sum((...', 0)
#1 C:\Users\Marina Fernandes\Desktop\codeigniter marina\codeigniter4-CodeIgniter4-202f41a\system\Database\BaseConnection.php(670): CodeIgniter\Database\MySQLi\Connection->execute('SELECT *, sum((...')
#2 C:\Users\Marina Fernandes\Desktop\codeigniter marina\codeigniter4-CodeIgniter4-202f41a\system\Database\BaseConnection.php(598): CodeIgniter\Database\BaseConnection->simpleQuery('SELECT *, sum((...')
#3 C:\Users\Marina Fernandes\Desktop\codeigniter marina\codeigniter4-CodeIgniter4-202f41a\system\Database\BaseBuilder.php(1455): CodeIgniter\Database\BaseConnection->query('SELECT *, sum((...', Array, false)
#4 C:\Users\Marina Fernandes\Desktop\codeigniter marina\codeigniter4-CodeIgniter4-202f41a\system\Model.php(183): CodeIgniter\Database\BaseBuilder->get()
#5 C:\Users\Marina Fernandes\Desktop\codeigniter marina\codeigniter4-CodeIgniter4-202f41a\system\BaseModel.php(584): CodeIgniter\Model->doFindAll(0, 0)
#6 C:\Users\Marina Fernandes\Desktop\codeigniter marina\codeigniter4-CodeIgniter4-202f41a\app\Models\ContaModel.php(33): CodeIgniter\BaseModel->findAll()
#7 C:\Users\Marina Fernandes\Desktop\codeigniter marina\codeigniter4-CodeIgniter4-202f41a\app\Controllers\Home.php(92): App\Models\ContaModel->getTotal()
#8 C:\Users\Marina Fernandes\Desktop\codeigniter marina\codeigniter4-CodeIgniter4-202f41a\system\CodeIgniter.php(832): App\Controllers\Home->ordersview()
#9 C:\Users\Marina Fernandes\Desktop\codeigniter marina\codeigniter4-CodeIgniter4-202f41a\system\CodeIgniter.php(419): CodeIgniter\CodeIgniter->runController(Object(App\Controllers\Home))
#10 C:\Users\Marina Fernandes\Desktop\codeigniter marina\codeigniter4-CodeIgniter4-202f41a\system\CodeIgniter.php(326): CodeIgniter\CodeIgniter->handleRequest(NULL, Object(Config\Cache), false)
#11 C:\Users\Marina Fernandes\Desktop\codeigniter marina\codeigniter4-CodeIgniter4-202f41a\public\index.php(37): CodeIgniter\CodeIgniter->run()
#12 C:\Users\Marina Fernandes\Desktop\codeigniter marina\codeigniter4-CodeIgniter4-202f41a\system\Commands\Server\rewrite.php(43): require_once('C:\\Users\\Marina...')
#13 {main}
CRITICAL - 2022-05-14 15:58:56 --> Unknown column 'clientes-produtos.clientes' in 'on clause'
#0 C:\Users\Marina Fernandes\Desktop\codeigniter marina\codeigniter4-CodeIgniter4-202f41a\system\Database\MySQLi\Connection.php(292): mysqli->query('SELECT *, sum((...', 0)
#1 C:\Users\Marina Fernandes\Desktop\codeigniter marina\codeigniter4-CodeIgniter4-202f41a\system\Database\BaseConnection.php(670): CodeIgniter\Database\MySQLi\Connection->execute('SELECT *, sum((...')
#2 C:\Users\Marina Fernandes\Desktop\codeigniter marina\codeigniter4-CodeIgniter4-202f41a\system\Database\BaseConnection.php(598): CodeIgniter\Database\BaseConnection->simpleQuery('SELECT *, sum((...')
#3 C:\Users\Marina Fernandes\Desktop\codeigniter marina\codeigniter4-CodeIgniter4-202f41a\system\Database\BaseBuilder.php(1455): CodeIgniter\Database\BaseConnection->query('SELECT *, sum((...', Array, false)
#4 C:\Users\Marina Fernandes\Desktop\codeigniter marina\codeigniter4-CodeIgniter4-202f41a\system\Model.php(183): CodeIgniter\Database\BaseBuilder->get()
#5 C:\Users\Marina Fernandes\Desktop\codeigniter marina\codeigniter4-CodeIgniter4-202f41a\system\BaseModel.php(584): CodeIgniter\Model->doFindAll(0, 0)
#6 C:\Users\Marina Fernandes\Desktop\codeigniter marina\codeigniter4-CodeIgniter4-202f41a\app\Models\ContaModel.php(33): CodeIgniter\BaseModel->findAll()
#7 C:\Users\Marina Fernandes\Desktop\codeigniter marina\codeigniter4-CodeIgniter4-202f41a\app\Controllers\Home.php(92): App\Models\ContaModel->getTotal()
#8 C:\Users\Marina Fernandes\Desktop\codeigniter marina\codeigniter4-CodeIgniter4-202f41a\system\CodeIgniter.php(832): App\Controllers\Home->ordersview()
#9 C:\Users\Marina Fernandes\Desktop\codeigniter marina\codeigniter4-CodeIgniter4-202f41a\system\CodeIgniter.php(419): CodeIgniter\CodeIgniter->runController(Object(App\Controllers\Home))
#10 C:\Users\Marina Fernandes\Desktop\codeigniter marina\codeigniter4-CodeIgniter4-202f41a\system\CodeIgniter.php(326): CodeIgniter\CodeIgniter->handleRequest(NULL, Object(Config\Cache), false)
#11 C:\Users\Marina Fernandes\Desktop\codeigniter marina\codeigniter4-CodeIgniter4-202f41a\public\index.php(37): CodeIgniter\CodeIgniter->run()
#12 C:\Users\Marina Fernandes\Desktop\codeigniter marina\codeigniter4-CodeIgniter4-202f41a\system\Commands\Server\rewrite.php(43): require_once('C:\\Users\\Marina...')
#13 {main}
CRITICAL - 2022-05-14 15:58:57 --> Unknown column 'clientes-produtos.clientes' in 'on clause'
#0 C:\Users\Marina Fernandes\Desktop\codeigniter marina\codeigniter4-CodeIgniter4-202f41a\system\Database\MySQLi\Connection.php(292): mysqli->query('SELECT *, sum((...', 0)
#1 C:\Users\Marina Fernandes\Desktop\codeigniter marina\codeigniter4-CodeIgniter4-202f41a\system\Database\BaseConnection.php(670): CodeIgniter\Database\MySQLi\Connection->execute('SELECT *, sum((...')
#2 C:\Users\Marina Fernandes\Desktop\codeigniter marina\codeigniter4-CodeIgniter4-202f41a\system\Database\BaseConnection.php(598): CodeIgniter\Database\BaseConnection->simpleQuery('SELECT *, sum((...')
#3 C:\Users\Marina Fernandes\Desktop\codeigniter marina\codeigniter4-CodeIgniter4-202f41a\system\Database\BaseBuilder.php(1455): CodeIgniter\Database\BaseConnection->query('SELECT *, sum((...', Array, false)
#4 C:\Users\Marina Fernandes\Desktop\codeigniter marina\codeigniter4-CodeIgniter4-202f41a\system\Model.php(183): CodeIgniter\Database\BaseBuilder->get()
#5 C:\Users\Marina Fernandes\Desktop\codeigniter marina\codeigniter4-CodeIgniter4-202f41a\system\BaseModel.php(584): CodeIgniter\Model->doFindAll(0, 0)
#6 C:\Users\Marina Fernandes\Desktop\codeigniter marina\codeigniter4-CodeIgniter4-202f41a\app\Models\ContaModel.php(33): CodeIgniter\BaseModel->findAll()
#7 C:\Users\Marina Fernandes\Desktop\codeigniter marina\codeigniter4-CodeIgniter4-202f41a\app\Controllers\Home.php(92): App\Models\ContaModel->getTotal()
#8 C:\Users\Marina Fernandes\Desktop\codeigniter marina\codeigniter4-CodeIgniter4-202f41a\system\CodeIgniter.php(832): App\Controllers\Home->ordersview()
#9 C:\Users\Marina Fernandes\Desktop\codeigniter marina\codeigniter4-CodeIgniter4-202f41a\system\CodeIgniter.php(419): CodeIgniter\CodeIgniter->runController(Object(App\Controllers\Home))
#10 C:\Users\Marina Fernandes\Desktop\codeigniter marina\codeigniter4-CodeIgniter4-202f41a\system\CodeIgniter.php(326): CodeIgniter\CodeIgniter->handleRequest(NULL, Object(Config\Cache), false)
#11 C:\Users\Marina Fernandes\Desktop\codeigniter marina\codeigniter4-CodeIgniter4-202f41a\public\index.php(37): CodeIgniter\CodeIgniter->run()
#12 C:\Users\Marina Fernandes\Desktop\codeigniter marina\codeigniter4-CodeIgniter4-202f41a\system\Commands\Server\rewrite.php(43): require_once('C:\\Users\\Marina...')
#13 {main}
CRITICAL - 2022-05-14 15:59:38 --> syntax error, unexpected end of file
#0 C:\Users\Marina Fernandes\Desktop\codeigniter marina\codeigniter4-CodeIgniter4-202f41a\system\View\View.php(213): CodeIgniter\View\View->CodeIgniter\View\{closure}()
#1 C:\Users\Marina Fernandes\Desktop\codeigniter marina\codeigniter4-CodeIgniter4-202f41a\system\Common.php(1089): CodeIgniter\View\View->render('ordersView', Array, true)
#2 C:\Users\Marina Fernandes\Desktop\codeigniter marina\codeigniter4-CodeIgniter4-202f41a\app\Controllers\Home.php(100): view('ordersView', Array)
#3 C:\Users\Marina Fernandes\Desktop\codeigniter marina\codeigniter4-CodeIgniter4-202f41a\system\CodeIgniter.php(832): App\Controllers\Home->ordersview()
#4 C:\Users\Marina Fernandes\Desktop\codeigniter marina\codeigniter4-CodeIgniter4-202f41a\system\CodeIgniter.php(419): CodeIgniter\CodeIgniter->runController(Object(App\Controllers\Home))
#5 C:\Users\Marina Fernandes\Desktop\codeigniter marina\codeigniter4-CodeIgniter4-202f41a\system\CodeIgniter.php(326): CodeIgniter\CodeIgniter->handleRequest(NULL, Object(Config\Cache), false)
#6 C:\Users\Marina Fernandes\Desktop\codeigniter marina\codeigniter4-CodeIgniter4-202f41a\public\index.php(37): CodeIgniter\CodeIgniter->run()
#7 C:\Users\Marina Fernandes\Desktop\codeigniter marina\codeigniter4-CodeIgniter4-202f41a\system\Commands\Server\rewrite.php(43): require_once('C:\\Users\\Marina...')
#8 {main}
CRITICAL - 2022-05-14 16:09:55 --> Too few arguments to function App\Controllers\Home::quantidade(), 0 passed in C:\Users\Marina Fernandes\Desktop\codeigniter marina\codeigniter4-CodeIgniter4-202f41a\system\CodeIgniter.php on line 832 and exactly 1 expected
#0 C:\Users\Marina Fernandes\Desktop\codeigniter marina\codeigniter4-CodeIgniter4-202f41a\system\CodeIgniter.php(832): App\Controllers\Home->quantidade()
#1 C:\Users\Marina Fernandes\Desktop\codeigniter marina\codeigniter4-CodeIgniter4-202f41a\system\CodeIgniter.php(419): CodeIgniter\CodeIgniter->runController(Object(App\Controllers\Home))
#2 C:\Users\Marina Fernandes\Desktop\codeigniter marina\codeigniter4-CodeIgniter4-202f41a\system\CodeIgniter.php(326): CodeIgniter\CodeIgniter->handleRequest(NULL, Object(Config\Cache), false)
#3 C:\Users\Marina Fernandes\Desktop\codeigniter marina\codeigniter4-CodeIgniter4-202f41a\public\index.php(37): CodeIgniter\CodeIgniter->run()
#4 C:\Users\Marina Fernandes\Desktop\codeigniter marina\codeigniter4-CodeIgniter4-202f41a\system\Commands\Server\rewrite.php(43): require_once('C:\\Users\\Marina...')
#5 {main}
CRITICAL - 2022-05-14 16:10:09 --> Invalid argument supplied for foreach()
#0 C:\Users\Marina Fernandes\Desktop\codeigniter marina\codeigniter4-CodeIgniter4-202f41a\app\Views\productsView.php(42): CodeIgniter\Debug\Exceptions->errorHandler(2, 'Invalid argumen...', 'C:\\Users\\Marina...', 42, Array)
#1 C:\Users\Marina Fernandes\Desktop\codeigniter marina\codeigniter4-CodeIgniter4-202f41a\system\View\View.php(210): include('C:\\Users\\Marina...')
#2 C:\Users\Marina Fernandes\Desktop\codeigniter marina\codeigniter4-CodeIgniter4-202f41a\system\View\View.php(213): CodeIgniter\View\View->CodeIgniter\View\{closure}()
#3 C:\Users\Marina Fernandes\Desktop\codeigniter marina\codeigniter4-CodeIgniter4-202f41a\system\Common.php(1089): CodeIgniter\View\View->render('productsView', Array, true)
#4 C:\Users\Marina Fernandes\Desktop\codeigniter marina\codeigniter4-CodeIgniter4-202f41a\app\Controllers\Home.php(231): view('productsView', Array)
#5 C:\Users\Marina Fernandes\Desktop\codeigniter marina\codeigniter4-CodeIgniter4-202f41a\system\CodeIgniter.php(832): App\Controllers\Home->quantidade('asc')
#6 C:\Users\Marina Fernandes\Desktop\codeigniter marina\codeigniter4-CodeIgniter4-202f41a\system\CodeIgniter.php(419): CodeIgniter\CodeIgniter->runController(Object(App\Controllers\Home))
#7 C:\Users\Marina Fernandes\Desktop\codeigniter marina\codeigniter4-CodeIgniter4-202f41a\system\CodeIgniter.php(326): CodeIgniter\CodeIgniter->handleRequest(NULL, Object(Config\Cache), false)
#8 C:\Users\Marina Fernandes\Desktop\codeigniter marina\codeigniter4-CodeIgniter4-202f41a\public\index.php(37): CodeIgniter\CodeIgniter->run()
#9 C:\Users\Marina Fernandes\Desktop\codeigniter marina\codeigniter4-CodeIgniter4-202f41a\system\Commands\Server\rewrite.php(43): require_once('C:\\Users\\Marina...')
#10 {main}
CRITICAL - 2022-05-14 16:10:24 --> Invalid argument supplied for foreach()
#0 C:\Users\Marina Fernandes\Desktop\codeigniter marina\codeigniter4-CodeIgniter4-202f41a\app\Views\productsView.php(42): CodeIgniter\Debug\Exceptions->errorHandler(2, 'Invalid argumen...', 'C:\\Users\\Marina...', 42, Array)
#1 C:\Users\Marina Fernandes\Desktop\codeigniter marina\codeigniter4-CodeIgniter4-202f41a\system\View\View.php(210): include('C:\\Users\\Marina...')
#2 C:\Users\Marina Fernandes\Desktop\codeigniter marina\codeigniter4-CodeIgniter4-202f41a\system\View\View.php(213): CodeIgniter\View\View->CodeIgniter\View\{closure}()
#3 C:\Users\Marina Fernandes\Desktop\codeigniter marina\codeigniter4-CodeIgniter4-202f41a\system\Common.php(1089): CodeIgniter\View\View->render('productsView', Array, true)
#4 C:\Users\Marina Fernandes\Desktop\codeigniter marina\codeigniter4-CodeIgniter4-202f41a\app\Controllers\Home.php(231): view('productsView', Array)
#5 C:\Users\Marina Fernandes\Desktop\codeigniter marina\codeigniter4-CodeIgniter4-202f41a\system\CodeIgniter.php(832): App\Controllers\Home->quantidade('asc')
#6 C:\Users\Marina Fernandes\Desktop\codeigniter marina\codeigniter4-CodeIgniter4-202f41a\system\CodeIgniter.php(419): CodeIgniter\CodeIgniter->runController(Object(App\Controllers\Home))
#7 C:\Users\Marina Fernandes\Desktop\codeigniter marina\codeigniter4-CodeIgniter4-202f41a\system\CodeIgniter.php(326): CodeIgniter\CodeIgniter->handleRequest(NULL, Object(Config\Cache), false)
#8 C:\Users\Marina Fernandes\Desktop\codeigniter marina\codeigniter4-CodeIgniter4-202f41a\public\index.php(37): CodeIgniter\CodeIgniter->run()
#9 C:\Users\Marina Fernandes\Desktop\codeigniter marina\codeigniter4-CodeIgniter4-202f41a\system\Commands\Server\rewrite.php(43): require_once('C:\\Users\\Marina...')
#10 {main}
CRITICAL - 2022-05-14 16:11:09 --> Invalid argument supplied for foreach()
#0 C:\Users\Marina Fernandes\Desktop\codeigniter marina\codeigniter4-CodeIgniter4-202f41a\app\Views\productsView.php(42): CodeIgniter\Debug\Exceptions->errorHandler(2, 'Invalid argumen...', 'C:\\Users\\Marina...', 42, Array)
#1 C:\Users\Marina Fernandes\Desktop\codeigniter marina\codeigniter4-CodeIgniter4-202f41a\system\View\View.php(210): include('C:\\Users\\Marina...')
#2 C:\Users\Marina Fernandes\Desktop\codeigniter marina\codeigniter4-CodeIgniter4-202f41a\system\View\View.php(213): CodeIgniter\View\View->CodeIgniter\View\{closure}()
#3 C:\Users\Marina Fernandes\Desktop\codeigniter marina\codeigniter4-CodeIgniter4-202f41a\system\Common.php(1089): CodeIgniter\View\View->render('productsView', Array, true)
#4 C:\Users\Marina Fernandes\Desktop\codeigniter marina\codeigniter4-CodeIgniter4-202f41a\app\Controllers\Home.php(231): view('productsView', Array)
#5 C:\Users\Marina Fernandes\Desktop\codeigniter marina\codeigniter4-CodeIgniter4-202f41a\system\CodeIgniter.php(832): App\Controllers\Home->quantidade('asc')
#6 C:\Users\Marina Fernandes\Desktop\codeigniter marina\codeigniter4-CodeIgniter4-202f41a\system\CodeIgniter.php(419): CodeIgniter\CodeIgniter->runController(Object(App\Controllers\Home))
#7 C:\Users\Marina Fernandes\Desktop\codeigniter marina\codeigniter4-CodeIgniter4-202f41a\system\CodeIgniter.php(326): CodeIgniter\CodeIgniter->handleRequest(NULL, Object(Config\Cache), false)
#8 C:\Users\Marina Fernandes\Desktop\codeigniter marina\codeigniter4-CodeIgniter4-202f41a\public\index.php(37): CodeIgniter\CodeIgniter->run()
#9 C:\Users\Marina Fernandes\Desktop\codeigniter marina\codeigniter4-CodeIgniter4-202f41a\system\Commands\Server\rewrite.php(43): require_once('C:\\Users\\Marina...')
#10 {main}
CRITICAL - 2022-05-14 16:11:31 --> Invalid argument supplied for foreach()
#0 C:\Users\Marina Fernandes\Desktop\codeigniter marina\codeigniter4-CodeIgniter4-202f41a\app\Views\productsView.php(42): CodeIgniter\Debug\Exceptions->errorHandler(2, 'Invalid argumen...', 'C:\\Users\\Marina...', 42, Array)
#1 C:\Users\Marina Fernandes\Desktop\codeigniter marina\codeigniter4-CodeIgniter4-202f41a\system\View\View.php(210): include('C:\\Users\\Marina...')
#2 C:\Users\Marina Fernandes\Desktop\codeigniter marina\codeigniter4-CodeIgniter4-202f41a\system\View\View.php(213): CodeIgniter\View\View->CodeIgniter\View\{closure}()
#3 C:\Users\Marina Fernandes\Desktop\codeigniter marina\codeigniter4-CodeIgniter4-202f41a\system\Common.php(1089): CodeIgniter\View\View->render('productsView', Array, true)
#4 C:\Users\Marina Fernandes\Desktop\codeigniter marina\codeigniter4-CodeIgniter4-202f41a\app\Controllers\Home.php(231): view('productsView', Array)
#5 C:\Users\Marina Fernandes\Desktop\codeigniter marina\codeigniter4-CodeIgniter4-202f41a\system\CodeIgniter.php(832): App\Controllers\Home->quantidade('asc')
#6 C:\Users\Marina Fernandes\Desktop\codeigniter marina\codeigniter4-CodeIgniter4-202f41a\system\CodeIgniter.php(419): CodeIgniter\CodeIgniter->runController(Object(App\Controllers\Home))
#7 C:\Users\Marina Fernandes\Desktop\codeigniter marina\codeigniter4-CodeIgniter4-202f41a\system\CodeIgniter.php(326): CodeIgniter\CodeIgniter->handleRequest(NULL, Object(Config\Cache), false)
#8 C:\Users\Marina Fernandes\Desktop\codeigniter marina\codeigniter4-CodeIgniter4-202f41a\public\index.php(37): CodeIgniter\CodeIgniter->run()
#9 C:\Users\Marina Fernandes\Desktop\codeigniter marina\codeigniter4-CodeIgniter4-202f41a\system\Commands\Server\rewrite.php(43): require_once('C:\\Users\\Marina...')
#10 {main}
CRITICAL - 2022-05-14 16:11:57 --> Invalid argument supplied for foreach()
#0 C:\Users\Marina Fernandes\Desktop\codeigniter marina\codeigniter4-CodeIgniter4-202f41a\app\Views\productsView.php(42): CodeIgniter\Debug\Exceptions->errorHandler(2, 'Invalid argumen...', 'C:\\Users\\Marina...', 42, Array)
#1 C:\Users\Marina Fernandes\Desktop\codeigniter marina\codeigniter4-CodeIgniter4-202f41a\system\View\View.php(210): include('C:\\Users\\Marina...')
#2 C:\Users\Marina Fernandes\Desktop\codeigniter marina\codeigniter4-CodeIgniter4-202f41a\system\View\View.php(213): CodeIgniter\View\View->CodeIgniter\View\{closure}()
#3 C:\Users\Marina Fernandes\Desktop\codeigniter marina\codeigniter4-CodeIgniter4-202f41a\system\Common.php(1089): CodeIgniter\View\View->render('productsView', Array, true)
#4 C:\Users\Marina Fernandes\Desktop\codeigniter marina\codeigniter4-CodeIgniter4-202f41a\app\Controllers\Home.php(231): view('productsView', Array)
#5 C:\Users\Marina Fernandes\Desktop\codeigniter marina\codeigniter4-CodeIgniter4-202f41a\system\CodeIgniter.php(832): App\Controllers\Home->quantidade('asc')
#6 C:\Users\Marina Fernandes\Desktop\codeigniter marina\codeigniter4-CodeIgniter4-202f41a\system\CodeIgniter.php(419): CodeIgniter\CodeIgniter->runController(Object(App\Controllers\Home))
#7 C:\Users\Marina Fernandes\Desktop\codeigniter marina\codeigniter4-CodeIgniter4-202f41a\system\CodeIgniter.php(326): CodeIgniter\CodeIgniter->handleRequest(NULL, Object(Config\Cache), false)
#8 C:\Users\Marina Fernandes\Desktop\codeigniter marina\codeigniter4-CodeIgniter4-202f41a\public\index.php(37): CodeIgniter\CodeIgniter->run()
#9 C:\Users\Marina Fernandes\Desktop\codeigniter marina\codeigniter4-CodeIgniter4-202f41a\system\Commands\Server\rewrite.php(43): require_once('C:\\Users\\Marina...')
#10 {main}
CRITICAL - 2022-05-14 16:12:00 --> Invalid argument supplied for foreach()
#0 C:\Users\Marina Fernandes\Desktop\codeigniter marina\codeigniter4-CodeIgniter4-202f41a\app\Views\productsView.php(42): CodeIgniter\Debug\Exceptions->errorHandler(2, 'Invalid argumen...', 'C:\\Users\\Marina...', 42, Array)
#1 C:\Users\Marina Fernandes\Desktop\codeigniter marina\codeigniter4-CodeIgniter4-202f41a\system\View\View.php(210): include('C:\\Users\\Marina...')
#2 C:\Users\Marina Fernandes\Desktop\codeigniter marina\codeigniter4-CodeIgniter4-202f41a\system\View\View.php(213): CodeIgniter\View\View->CodeIgniter\View\{closure}()
#3 C:\Users\Marina Fernandes\Desktop\codeigniter marina\codeigniter4-CodeIgniter4-202f41a\system\Common.php(1089): CodeIgniter\View\View->render('productsView', Array, true)
#4 C:\Users\Marina Fernandes\Desktop\codeigniter marina\codeigniter4-CodeIgniter4-202f41a\app\Controllers\Home.php(231): view('productsView', Array)
#5 C:\Users\Marina Fernandes\Desktop\codeigniter marina\codeigniter4-CodeIgniter4-202f41a\system\CodeIgniter.php(832): App\Controllers\Home->quantidade('asc')
#6 C:\Users\Marina Fernandes\Desktop\codeigniter marina\codeigniter4-CodeIgniter4-202f41a\system\CodeIgniter.php(419): CodeIgniter\CodeIgniter->runController(Object(App\Controllers\Home))
#7 C:\Users\Marina Fernandes\Desktop\codeigniter marina\codeigniter4-CodeIgniter4-202f41a\system\CodeIgniter.php(326): CodeIgniter\CodeIgniter->handleRequest(NULL, Object(Config\Cache), false)
#8 C:\Users\Marina Fernandes\Desktop\codeigniter marina\codeigniter4-CodeIgniter4-202f41a\public\index.php(37): CodeIgniter\CodeIgniter->run()
#9 C:\Users\Marina Fernandes\Desktop\codeigniter marina\codeigniter4-CodeIgniter4-202f41a\system\Commands\Server\rewrite.php(43): require_once('C:\\Users\\Marina...')
#10 {main}
CRITICAL - 2022-05-14 16:12:00 --> Invalid argument supplied for foreach()
#0 C:\Users\Marina Fernandes\Desktop\codeigniter marina\codeigniter4-CodeIgniter4-202f41a\app\Views\productsView.php(42): CodeIgniter\Debug\Exceptions->errorHandler(2, 'Invalid argumen...', 'C:\\Users\\Marina...', 42, Array)
#1 C:\Users\Marina Fernandes\Desktop\codeigniter marina\codeigniter4-CodeIgniter4-202f41a\system\View\View.php(210): include('C:\\Users\\Marina...')
#2 C:\Users\Marina Fernandes\Desktop\codeigniter marina\codeigniter4-CodeIgniter4-202f41a\system\View\View.php(213): CodeIgniter\View\View->CodeIgniter\View\{closure}()
#3 C:\Users\Marina Fernandes\Desktop\codeigniter marina\codeigniter4-CodeIgniter4-202f41a\system\Common.php(1089): CodeIgniter\View\View->render('productsView', Array, true)
#4 C:\Users\Marina Fernandes\Desktop\codeigniter marina\codeigniter4-CodeIgniter4-202f41a\app\Controllers\Home.php(231): view('productsView', Array)
#5 C:\Users\Marina Fernandes\Desktop\codeigniter marina\codeigniter4-CodeIgniter4-202f41a\system\CodeIgniter.php(832): App\Controllers\Home->quantidade('asc')
#6 C:\Users\Marina Fernandes\Desktop\codeigniter marina\codeigniter4-CodeIgniter4-202f41a\system\CodeIgniter.php(419): CodeIgniter\CodeIgniter->runController(Object(App\Controllers\Home))
#7 C:\Users\Marina Fernandes\Desktop\codeigniter marina\codeigniter4-CodeIgniter4-202f41a\system\CodeIgniter.php(326): CodeIgniter\CodeIgniter->handleRequest(NULL, Object(Config\Cache), false)
#8 C:\Users\Marina Fernandes\Desktop\codeigniter marina\codeigniter4-CodeIgniter4-202f41a\public\index.php(37): CodeIgniter\CodeIgniter->run()
#9 C:\Users\Marina Fernandes\Desktop\codeigniter marina\codeigniter4-CodeIgniter4-202f41a\system\Commands\Server\rewrite.php(43): require_once('C:\\Users\\Marina...')
#10 {main}
CRITICAL - 2022-05-14 16:12:11 --> Invalid argument supplied for foreach()
#0 C:\Users\Marina Fernandes\Desktop\codeigniter marina\codeigniter4-CodeIgniter4-202f41a\app\Views\productsView.php(42): CodeIgniter\Debug\Exceptions->errorHandler(2, 'Invalid argumen...', 'C:\\Users\\Marina...', 42, Array)
#1 C:\Users\Marina Fernandes\Desktop\codeigniter marina\codeigniter4-CodeIgniter4-202f41a\system\View\View.php(210): include('C:\\Users\\Marina...')
#2 C:\Users\Marina Fernandes\Desktop\codeigniter marina\codeigniter4-CodeIgniter4-202f41a\system\View\View.php(213): CodeIgniter\View\View->CodeIgniter\View\{closure}()
#3 C:\Users\Marina Fernandes\Desktop\codeigniter marina\codeigniter4-CodeIgniter4-202f41a\system\Common.php(1089): CodeIgniter\View\View->render('productsView', Array, true)
#4 C:\Users\Marina Fernandes\Desktop\codeigniter marina\codeigniter4-CodeIgniter4-202f41a\app\Controllers\Home.php(231): view('productsView', Array)
#5 C:\Users\Marina Fernandes\Desktop\codeigniter marina\codeigniter4-CodeIgniter4-202f41a\system\CodeIgniter.php(832): App\Controllers\Home->quantidade('asc')
#6 C:\Users\Marina Fernandes\Desktop\codeigniter marina\codeigniter4-CodeIgniter4-202f41a\system\CodeIgniter.php(419): CodeIgniter\CodeIgniter->runController(Object(App\Controllers\Home))
#7 C:\Users\Marina Fernandes\Desktop\codeigniter marina\codeigniter4-CodeIgniter4-202f41a\system\CodeIgniter.php(326): CodeIgniter\CodeIgniter->handleRequest(NULL, Object(Config\Cache), false)
#8 C:\Users\Marina Fernandes\Desktop\codeigniter marina\codeigniter4-CodeIgniter4-202f41a\public\index.php(37): CodeIgniter\CodeIgniter->run()
#9 C:\Users\Marina Fernandes\Desktop\codeigniter marina\codeigniter4-CodeIgniter4-202f41a\system\Commands\Server\rewrite.php(43): require_once('C:\\Users\\Marina...')
#10 {main}
CRITICAL - 2022-05-14 16:12:21 --> Invalid argument supplied for foreach()
#0 C:\Users\Marina Fernandes\Desktop\codeigniter marina\codeigniter4-CodeIgniter4-202f41a\app\Views\productsView.php(42): CodeIgniter\Debug\Exceptions->errorHandler(2, 'Invalid argumen...', 'C:\\Users\\Marina...', 42, Array)
#1 C:\Users\Marina Fernandes\Desktop\codeigniter marina\codeigniter4-CodeIgniter4-202f41a\system\View\View.php(210): include('C:\\Users\\Marina...')
#2 C:\Users\Marina Fernandes\Desktop\codeigniter marina\codeigniter4-CodeIgniter4-202f41a\system\View\View.php(213): CodeIgniter\View\View->CodeIgniter\View\{closure}()
#3 C:\Users\Marina Fernandes\Desktop\codeigniter marina\codeigniter4-CodeIgniter4-202f41a\system\Common.php(1089): CodeIgniter\View\View->render('productsView', Array, true)
#4 C:\Users\Marina Fernandes\Desktop\codeigniter marina\codeigniter4-CodeIgniter4-202f41a\app\Controllers\Home.php(231): view('productsView', Array)
#5 C:\Users\Marina Fernandes\Desktop\codeigniter marina\codeigniter4-CodeIgniter4-202f41a\system\CodeIgniter.php(832): App\Controllers\Home->quantidade('asc')
#6 C:\Users\Marina Fernandes\Desktop\codeigniter marina\codeigniter4-CodeIgniter4-202f41a\system\CodeIgniter.php(419): CodeIgniter\CodeIgniter->runController(Object(App\Controllers\Home))
#7 C:\Users\Marina Fernandes\Desktop\codeigniter marina\codeigniter4-CodeIgniter4-202f41a\system\CodeIgniter.php(326): CodeIgniter\CodeIgniter->handleRequest(NULL, Object(Config\Cache), false)
#8 C:\Users\Marina Fernandes\Desktop\codeigniter marina\codeigniter4-CodeIgniter4-202f41a\public\index.php(37): CodeIgniter\CodeIgniter->run()
#9 C:\Users\Marina Fernandes\Desktop\codeigniter marina\codeigniter4-CodeIgniter4-202f41a\system\Commands\Server\rewrite.php(43): require_once('C:\\Users\\Marina...')
#10 {main}
CRITICAL - 2022-05-14 16:12:38 --> Invalid argument supplied for foreach()
#0 C:\Users\Marina Fernandes\Desktop\codeigniter marina\codeigniter4-CodeIgniter4-202f41a\app\Views\productsView.php(42): CodeIgniter\Debug\Exceptions->errorHandler(2, 'Invalid argumen...', 'C:\\Users\\Marina...', 42, Array)
#1 C:\Users\Marina Fernandes\Desktop\codeigniter marina\codeigniter4-CodeIgniter4-202f41a\system\View\View.php(210): include('C:\\Users\\Marina...')
#2 C:\Users\Marina Fernandes\Desktop\codeigniter marina\codeigniter4-CodeIgniter4-202f41a\system\View\View.php(213): CodeIgniter\View\View->CodeIgniter\View\{closure}()
#3 C:\Users\Marina Fernandes\Desktop\codeigniter marina\codeigniter4-CodeIgniter4-202f41a\system\Common.php(1089): CodeIgniter\View\View->render('productsView', Array, true)
#4 C:\Users\Marina Fernandes\Desktop\codeigniter marina\codeigniter4-CodeIgniter4-202f41a\app\Controllers\Home.php(231): view('productsView', Array)
#5 C:\Users\Marina Fernandes\Desktop\codeigniter marina\codeigniter4-CodeIgniter4-202f41a\system\CodeIgniter.php(832): App\Controllers\Home->quantidade('asc')
#6 C:\Users\Marina Fernandes\Desktop\codeigniter marina\codeigniter4-CodeIgniter4-202f41a\system\CodeIgniter.php(419): CodeIgniter\CodeIgniter->runController(Object(App\Controllers\Home))
#7 C:\Users\Marina Fernandes\Desktop\codeigniter marina\codeigniter4-CodeIgniter4-202f41a\system\CodeIgniter.php(326): CodeIgniter\CodeIgniter->handleRequest(NULL, Object(Config\Cache), false)
#8 C:\Users\Marina Fernandes\Desktop\codeigniter marina\codeigniter4-CodeIgniter4-202f41a\public\index.php(37): CodeIgniter\CodeIgniter->run()
#9 C:\Users\Marina Fernandes\Desktop\codeigniter marina\codeigniter4-CodeIgniter4-202f41a\system\Commands\Server\rewrite.php(43): require_once('C:\\Users\\Marina...')
#10 {main}
CRITICAL - 2022-05-14 16:12:51 --> Invalid argument supplied for foreach()
#0 C:\Users\Marina Fernandes\Desktop\codeigniter marina\codeigniter4-CodeIgniter4-202f41a\app\Views\productsView.php(42): CodeIgniter\Debug\Exceptions->errorHandler(2, 'Invalid argumen...', 'C:\\Users\\Marina...', 42, Array)
#1 C:\Users\Marina Fernandes\Desktop\codeigniter marina\codeigniter4-CodeIgniter4-202f41a\system\View\View.php(210): include('C:\\Users\\Marina...')
#2 C:\Users\Marina Fernandes\Desktop\codeigniter marina\codeigniter4-CodeIgniter4-202f41a\system\View\View.php(213): CodeIgniter\View\View->CodeIgniter\View\{closure}()
#3 C:\Users\Marina Fernandes\Desktop\codeigniter marina\codeigniter4-CodeIgniter4-202f41a\system\Common.php(1089): CodeIgniter\View\View->render('productsView', Array, true)
#4 C:\Users\Marina Fernandes\Desktop\codeigniter marina\codeigniter4-CodeIgniter4-202f41a\app\Controllers\Home.php(231): view('productsView', Array)
#5 C:\Users\Marina Fernandes\Desktop\codeigniter marina\codeigniter4-CodeIgniter4-202f41a\system\CodeIgniter.php(832): App\Controllers\Home->quantidade('asc')
#6 C:\Users\Marina Fernandes\Desktop\codeigniter marina\codeigniter4-CodeIgniter4-202f41a\system\CodeIgniter.php(419): CodeIgniter\CodeIgniter->runController(Object(App\Controllers\Home))
#7 C:\Users\Marina Fernandes\Desktop\codeigniter marina\codeigniter4-CodeIgniter4-202f41a\system\CodeIgniter.php(326): CodeIgniter\CodeIgniter->handleRequest(NULL, Object(Config\Cache), false)
#8 C:\Users\Marina Fernandes\Desktop\codeigniter marina\codeigniter4-CodeIgniter4-202f41a\public\index.php(37): CodeIgniter\CodeIgniter->run()
#9 C:\Users\Marina Fernandes\Desktop\codeigniter marina\codeigniter4-CodeIgniter4-202f41a\system\Commands\Server\rewrite.php(43): require_once('C:\\Users\\Marina...')
#10 {main}
CRITICAL - 2022-05-14 16:13:29 --> Invalid argument supplied for foreach()
#0 C:\Users\Marina Fernandes\Desktop\codeigniter marina\codeigniter4-CodeIgniter4-202f41a\app\Views\productsView.php(42): CodeIgniter\Debug\Exceptions->errorHandler(2, 'Invalid argumen...', 'C:\\Users\\Marina...', 42, Array)
#1 C:\Users\Marina Fernandes\Desktop\codeigniter marina\codeigniter4-CodeIgniter4-202f41a\system\View\View.php(210): include('C:\\Users\\Marina...')
#2 C:\Users\Marina Fernandes\Desktop\codeigniter marina\codeigniter4-CodeIgniter4-202f41a\system\View\View.php(213): CodeIgniter\View\View->CodeIgniter\View\{closure}()
#3 C:\Users\Marina Fernandes\Desktop\codeigniter marina\codeigniter4-CodeIgniter4-202f41a\system\Common.php(1089): CodeIgniter\View\View->render('productsView', Array, true)
#4 C:\Users\Marina Fernandes\Desktop\codeigniter marina\codeigniter4-CodeIgniter4-202f41a\app\Controllers\Home.php(231): view('productsView', Array)
#5 C:\Users\Marina Fernandes\Desktop\codeigniter marina\codeigniter4-CodeIgniter4-202f41a\system\CodeIgniter.php(832): App\Controllers\Home->quantidade('asc')
#6 C:\Users\Marina Fernandes\Desktop\codeigniter marina\codeigniter4-CodeIgniter4-202f41a\system\CodeIgniter.php(419): CodeIgniter\CodeIgniter->runController(Object(App\Controllers\Home))
#7 C:\Users\Marina Fernandes\Desktop\codeigniter marina\codeigniter4-CodeIgniter4-202f41a\system\CodeIgniter.php(326): CodeIgniter\CodeIgniter->handleRequest(NULL, Object(Config\Cache), false)
#8 C:\Users\Marina Fernandes\Desktop\codeigniter marina\codeigniter4-CodeIgniter4-202f41a\public\index.php(37): CodeIgniter\CodeIgniter->run()
#9 C:\Users\Marina Fernandes\Desktop\codeigniter marina\codeigniter4-CodeIgniter4-202f41a\system\Commands\Server\rewrite.php(43): require_once('C:\\Users\\Marina...')
#10 {main}
CRITICAL - 2022-05-14 16:13:58 --> Invalid argument supplied for foreach()
#0 C:\Users\Marina Fernandes\Desktop\codeigniter marina\codeigniter4-CodeIgniter4-202f41a\app\Views\productsView.php(42): CodeIgniter\Debug\Exceptions->errorHandler(2, 'Invalid argumen...', 'C:\\Users\\Marina...', 42, Array)
#1 C:\Users\Marina Fernandes\Desktop\codeigniter marina\codeigniter4-CodeIgniter4-202f41a\system\View\View.php(210): include('C:\\Users\\Marina...')
#2 C:\Users\Marina Fernandes\Desktop\codeigniter marina\codeigniter4-CodeIgniter4-202f41a\system\View\View.php(213): CodeIgniter\View\View->CodeIgniter\View\{closure}()
#3 C:\Users\Marina Fernandes\Desktop\codeigniter marina\codeigniter4-CodeIgniter4-202f41a\system\Common.php(1089): CodeIgniter\View\View->render('productsView', Array, true)
#4 C:\Users\Marina Fernandes\Desktop\codeigniter marina\codeigniter4-CodeIgniter4-202f41a\app\Controllers\Home.php(231): view('productsView', Array)
#5 C:\Users\Marina Fernandes\Desktop\codeigniter marina\codeigniter4-CodeIgniter4-202f41a\system\CodeIgniter.php(832): App\Controllers\Home->quantidade('asc')
#6 C:\Users\Marina Fernandes\Desktop\codeigniter marina\codeigniter4-CodeIgniter4-202f41a\system\CodeIgniter.php(419): CodeIgniter\CodeIgniter->runController(Object(App\Controllers\Home))
#7 C:\Users\Marina Fernandes\Desktop\codeigniter marina\codeigniter4-CodeIgniter4-202f41a\system\CodeIgniter.php(326): CodeIgniter\CodeIgniter->handleRequest(NULL, Object(Config\Cache), false)
#8 C:\Users\Marina Fernandes\Desktop\codeigniter marina\codeigniter4-CodeIgniter4-202f41a\public\index.php(37): CodeIgniter\CodeIgniter->run()
#9 C:\Users\Marina Fernandes\Desktop\codeigniter marina\codeigniter4-CodeIgniter4-202f41a\system\Commands\Server\rewrite.php(43): require_once('C:\\Users\\Marina...')
#10 {main}
CRITICAL - 2022-05-14 16:14:09 --> Argument 2 passed to CodeIgniter\Database\BaseBuilder::orderBy() must be of the type string, null given, called in C:\Users\Marina Fernandes\Desktop\codeigniter marina\codeigniter4-CodeIgniter4-202f41a\system\Model.php on line 728
#0 C:\Users\Marina Fernandes\Desktop\codeigniter marina\codeigniter4-CodeIgniter4-202f41a\system\Model.php(728): CodeIgniter\Database\BaseBuilder->orderBy('qnt', NULL)
#1 C:\Users\Marina Fernandes\Desktop\codeigniter marina\codeigniter4-CodeIgniter4-202f41a\app\Models\ExtratoModel.php(33): CodeIgniter\Model->__call('orderBy', Array)
#2 C:\Users\Marina Fernandes\Desktop\codeigniter marina\codeigniter4-CodeIgniter4-202f41a\app\Controllers\Home.php(227): App\Models\ExtratoModel->getData('asc')
#3 C:\Users\Marina Fernandes\Desktop\codeigniter marina\codeigniter4-CodeIgniter4-202f41a\system\CodeIgniter.php(832): App\Controllers\Home->quantidade('asc')
#4 C:\Users\Marina Fernandes\Desktop\codeigniter marina\codeigniter4-CodeIgniter4-202f41a\system\CodeIgniter.php(419): CodeIgniter\CodeIgniter->runController(Object(App\Controllers\Home))
#5 C:\Users\Marina Fernandes\Desktop\codeigniter marina\codeigniter4-CodeIgniter4-202f41a\system\CodeIgniter.php(326): CodeIgniter\CodeIgniter->handleRequest(NULL, Object(Config\Cache), false)
#6 C:\Users\Marina Fernandes\Desktop\codeigniter marina\codeigniter4-CodeIgniter4-202f41a\public\index.php(37): CodeIgniter\CodeIgniter->run()
#7 C:\Users\Marina Fernandes\Desktop\codeigniter marina\codeigniter4-CodeIgniter4-202f41a\system\Commands\Server\rewrite.php(43): require_once('C:\\Users\\Marina...')
#8 {main}
CRITICAL - 2022-05-14 16:14:34 --> Invalid argument supplied for foreach()
#0 C:\Users\Marina Fernandes\Desktop\codeigniter marina\codeigniter4-CodeIgniter4-202f41a\app\Views\productsView.php(42): CodeIgniter\Debug\Exceptions->errorHandler(2, 'Invalid argumen...', 'C:\\Users\\Marina...', 42, Array)
#1 C:\Users\Marina Fernandes\Desktop\codeigniter marina\codeigniter4-CodeIgniter4-202f41a\system\View\View.php(210): include('C:\\Users\\Marina...')
#2 C:\Users\Marina Fernandes\Desktop\codeigniter marina\codeigniter4-CodeIgniter4-202f41a\system\View\View.php(213): CodeIgniter\View\View->CodeIgniter\View\{closure}()
#3 C:\Users\Marina Fernandes\Desktop\codeigniter marina\codeigniter4-CodeIgniter4-202f41a\system\Common.php(1089): CodeIgniter\View\View->render('productsView', Array, true)
#4 C:\Users\Marina Fernandes\Desktop\codeigniter marina\codeigniter4-CodeIgniter4-202f41a\app\Controllers\Home.php(231): view('productsView', Array)
#5 C:\Users\Marina Fernandes\Desktop\codeigniter marina\codeigniter4-CodeIgniter4-202f41a\system\CodeIgniter.php(832): App\Controllers\Home->quantidade('asc')
#6 C:\Users\Marina Fernandes\Desktop\codeigniter marina\codeigniter4-CodeIgniter4-202f41a\system\CodeIgniter.php(419): CodeIgniter\CodeIgniter->runController(Object(App\Controllers\Home))
#7 C:\Users\Marina Fernandes\Desktop\codeigniter marina\codeigniter4-CodeIgniter4-202f41a\system\CodeIgniter.php(326): CodeIgniter\CodeIgniter->handleRequest(NULL, Object(Config\Cache), false)
#8 C:\Users\Marina Fernandes\Desktop\codeigniter marina\codeigniter4-CodeIgniter4-202f41a\public\index.php(37): CodeIgniter\CodeIgniter->run()
#9 C:\Users\Marina Fernandes\Desktop\codeigniter marina\codeigniter4-CodeIgniter4-202f41a\system\Commands\Server\rewrite.php(43): require_once('C:\\Users\\Marina...')
#10 {main}
CRITICAL - 2022-05-14 16:14:42 --> Invalid argument supplied for foreach()
#0 C:\Users\Marina Fernandes\Desktop\codeigniter marina\codeigniter4-CodeIgniter4-202f41a\app\Views\productsView.php(42): CodeIgniter\Debug\Exceptions->errorHandler(2, 'Invalid argumen...', 'C:\\Users\\Marina...', 42, Array)
#1 C:\Users\Marina Fernandes\Desktop\codeigniter marina\codeigniter4-CodeIgniter4-202f41a\system\View\View.php(210): include('C:\\Users\\Marina...')
#2 C:\Users\Marina Fernandes\Desktop\codeigniter marina\codeigniter4-CodeIgniter4-202f41a\system\View\View.php(213): CodeIgniter\View\View->CodeIgniter\View\{closure}()
#3 C:\Users\Marina Fernandes\Desktop\codeigniter marina\codeigniter4-CodeIgniter4-202f41a\system\Common.php(1089): CodeIgniter\View\View->render('productsView', Array, true)
#4 C:\Users\Marina Fernandes\Desktop\codeigniter marina\codeigniter4-CodeIgniter4-202f41a\app\Controllers\Home.php(231): view('productsView', Array)
#5 C:\Users\Marina Fernandes\Desktop\codeigniter marina\codeigniter4-CodeIgniter4-202f41a\system\CodeIgniter.php(832): App\Controllers\Home->quantidade('asc')
#6 C:\Users\Marina Fernandes\Desktop\codeigniter marina\codeigniter4-CodeIgniter4-202f41a\system\CodeIgniter.php(419): CodeIgniter\CodeIgniter->runController(Object(App\Controllers\Home))
#7 C:\Users\Marina Fernandes\Desktop\codeigniter marina\codeigniter4-CodeIgniter4-202f41a\system\CodeIgniter.php(326): CodeIgniter\CodeIgniter->handleRequest(NULL, Object(Config\Cache), false)
#8 C:\Users\Marina Fernandes\Desktop\codeigniter marina\codeigniter4-CodeIgniter4-202f41a\public\index.php(37): CodeIgniter\CodeIgniter->run()
#9 C:\Users\Marina Fernandes\Desktop\codeigniter marina\codeigniter4-CodeIgniter4-202f41a\system\Commands\Server\rewrite.php(43): require_once('C:\\Users\\Marina...')
#10 {main}
CRITICAL - 2022-05-14 16:14:53 --> Invalid argument supplied for foreach()
#0 C:\Users\Marina Fernandes\Desktop\codeigniter marina\codeigniter4-CodeIgniter4-202f41a\app\Views\productsView.php(42): CodeIgniter\Debug\Exceptions->errorHandler(2, 'Invalid argumen...', 'C:\\Users\\Marina...', 42, Array)
#1 C:\Users\Marina Fernandes\Desktop\codeigniter marina\codeigniter4-CodeIgniter4-202f41a\system\View\View.php(210): include('C:\\Users\\Marina...')
#2 C:\Users\Marina Fernandes\Desktop\codeigniter marina\codeigniter4-CodeIgniter4-202f41a\system\View\View.php(213): CodeIgniter\View\View->CodeIgniter\View\{closure}()
#3 C:\Users\Marina Fernandes\Desktop\codeigniter marina\codeigniter4-CodeIgniter4-202f41a\system\Common.php(1089): CodeIgniter\View\View->render('productsView', Array, true)
#4 C:\Users\Marina Fernandes\Desktop\codeigniter marina\codeigniter4-CodeIgniter4-202f41a\app\Controllers\Home.php(231): view('productsView', Array)
#5 C:\Users\Marina Fernandes\Desktop\codeigniter marina\codeigniter4-CodeIgniter4-202f41a\system\CodeIgniter.php(832): App\Controllers\Home->quantidade('asc')
#6 C:\Users\Marina Fernandes\Desktop\codeigniter marina\codeigniter4-CodeIgniter4-202f41a\system\CodeIgniter.php(419): CodeIgniter\CodeIgniter->runController(Object(App\Controllers\Home))
#7 C:\Users\Marina Fernandes\Desktop\codeigniter marina\codeigniter4-CodeIgniter4-202f41a\system\CodeIgniter.php(326): CodeIgniter\CodeIgniter->handleRequest(NULL, Object(Config\Cache), false)
#8 C:\Users\Marina Fernandes\Desktop\codeigniter marina\codeigniter4-CodeIgniter4-202f41a\public\index.php(37): CodeIgniter\CodeIgniter->run()
#9 C:\Users\Marina Fernandes\Desktop\codeigniter marina\codeigniter4-CodeIgniter4-202f41a\system\Commands\Server\rewrite.php(43): require_once('C:\\Users\\Marina...')
#10 {main}
CRITICAL - 2022-05-14 16:15:02 --> Invalid argument supplied for foreach()
#0 C:\Users\Marina Fernandes\Desktop\codeigniter marina\codeigniter4-CodeIgniter4-202f41a\app\Views\productsView.php(42): CodeIgniter\Debug\Exceptions->errorHandler(2, 'Invalid argumen...', 'C:\\Users\\Marina...', 42, Array)
#1 C:\Users\Marina Fernandes\Desktop\codeigniter marina\codeigniter4-CodeIgniter4-202f41a\system\View\View.php(210): include('C:\\Users\\Marina...')
#2 C:\Users\Marina Fernandes\Desktop\codeigniter marina\codeigniter4-CodeIgniter4-202f41a\system\View\View.php(213): CodeIgniter\View\View->CodeIgniter\View\{closure}()
#3 C:\Users\Marina Fernandes\Desktop\codeigniter marina\codeigniter4-CodeIgniter4-202f41a\system\Common.php(1089): CodeIgniter\View\View->render('productsView', Array, true)
#4 C:\Users\Marina Fernandes\Desktop\codeigniter marina\codeigniter4-CodeIgniter4-202f41a\app\Controllers\Home.php(231): view('productsView', Array)
#5 C:\Users\Marina Fernandes\Desktop\codeigniter marina\codeigniter4-CodeIgniter4-202f41a\system\CodeIgniter.php(832): App\Controllers\Home->quantidade('asc')
#6 C:\Users\Marina Fernandes\Desktop\codeigniter marina\codeigniter4-CodeIgniter4-202f41a\system\CodeIgniter.php(419): CodeIgniter\CodeIgniter->runController(Object(App\Controllers\Home))
#7 C:\Users\Marina Fernandes\Desktop\codeigniter marina\codeigniter4-CodeIgniter4-202f41a\system\CodeIgniter.php(326): CodeIgniter\CodeIgniter->handleRequest(NULL, Object(Config\Cache), false)
#8 C:\Users\Marina Fernandes\Desktop\codeigniter marina\codeigniter4-CodeIgniter4-202f41a\public\index.php(37): CodeIgniter\CodeIgniter->run()
#9 C:\Users\Marina Fernandes\Desktop\codeigniter marina\codeigniter4-CodeIgniter4-202f41a\system\Commands\Server\rewrite.php(43): require_once('C:\\Users\\Marina...')
#10 {main}
CRITICAL - 2022-05-14 16:15:03 --> Invalid argument supplied for foreach()
#0 C:\Users\Marina Fernandes\Desktop\codeigniter marina\codeigniter4-CodeIgniter4-202f41a\app\Views\productsView.php(42): CodeIgniter\Debug\Exceptions->errorHandler(2, 'Invalid argumen...', 'C:\\Users\\Marina...', 42, Array)
#1 C:\Users\Marina Fernandes\Desktop\codeigniter marina\codeigniter4-CodeIgniter4-202f41a\system\View\View.php(210): include('C:\\Users\\Marina...')
#2 C:\Users\Marina Fernandes\Desktop\codeigniter marina\codeigniter4-CodeIgniter4-202f41a\system\View\View.php(213): CodeIgniter\View\View->CodeIgniter\View\{closure}()
#3 C:\Users\Marina Fernandes\Desktop\codeigniter marina\codeigniter4-CodeIgniter4-202f41a\system\Common.php(1089): CodeIgniter\View\View->render('productsView', Array, true)
#4 C:\Users\Marina Fernandes\Desktop\codeigniter marina\codeigniter4-CodeIgniter4-202f41a\app\Controllers\Home.php(231): view('productsView', Array)
#5 C:\Users\Marina Fernandes\Desktop\codeigniter marina\codeigniter4-CodeIgniter4-202f41a\system\CodeIgniter.php(832): App\Controllers\Home->quantidade('asc')
#6 C:\Users\Marina Fernandes\Desktop\codeigniter marina\codeigniter4-CodeIgniter4-202f41a\system\CodeIgniter.php(419): CodeIgniter\CodeIgniter->runController(Object(App\Controllers\Home))
#7 C:\Users\Marina Fernandes\Desktop\codeigniter marina\codeigniter4-CodeIgniter4-202f41a\system\CodeIgniter.php(326): CodeIgniter\CodeIgniter->handleRequest(NULL, Object(Config\Cache), false)
#8 C:\Users\Marina Fernandes\Desktop\codeigniter marina\codeigniter4-CodeIgniter4-202f41a\public\index.php(37): CodeIgniter\CodeIgniter->run()
#9 C:\Users\Marina Fernandes\Desktop\codeigniter marina\codeigniter4-CodeIgniter4-202f41a\system\Commands\Server\rewrite.php(43): require_once('C:\\Users\\Marina...')
#10 {main}
CRITICAL - 2022-05-14 16:15:12 --> Invalid argument supplied for foreach()
#0 C:\Users\Marina Fernandes\Desktop\codeigniter marina\codeigniter4-CodeIgniter4-202f41a\app\Views\productsView.php(42): CodeIgniter\Debug\Exceptions->errorHandler(2, 'Invalid argumen...', 'C:\\Users\\Marina...', 42, Array)
#1 C:\Users\Marina Fernandes\Desktop\codeigniter marina\codeigniter4-CodeIgniter4-202f41a\system\View\View.php(210): include('C:\\Users\\Marina...')
#2 C:\Users\Marina Fernandes\Desktop\codeigniter marina\codeigniter4-CodeIgniter4-202f41a\system\View\View.php(213): CodeIgniter\View\View->CodeIgniter\View\{closure}()
#3 C:\Users\Marina Fernandes\Desktop\codeigniter marina\codeigniter4-CodeIgniter4-202f41a\system\Common.php(1089): CodeIgniter\View\View->render('productsView', Array, true)
#4 C:\Users\Marina Fernandes\Desktop\codeigniter marina\codeigniter4-CodeIgniter4-202f41a\app\Controllers\Home.php(231): view('productsView', Array)
#5 C:\Users\Marina Fernandes\Desktop\codeigniter marina\codeigniter4-CodeIgniter4-202f41a\system\CodeIgniter.php(832): App\Controllers\Home->quantidade('asc')
#6 C:\Users\Marina Fernandes\Desktop\codeigniter marina\codeigniter4-CodeIgniter4-202f41a\system\CodeIgniter.php(419): CodeIgniter\CodeIgniter->runController(Object(App\Controllers\Home))
#7 C:\Users\Marina Fernandes\Desktop\codeigniter marina\codeigniter4-CodeIgniter4-202f41a\system\CodeIgniter.php(326): CodeIgniter\CodeIgniter->handleRequest(NULL, Object(Config\Cache), false)
#8 C:\Users\Marina Fernandes\Desktop\codeigniter marina\codeigniter4-CodeIgniter4-202f41a\public\index.php(37): CodeIgniter\CodeIgniter->run()
#9 C:\Users\Marina Fernandes\Desktop\codeigniter marina\codeigniter4-CodeIgniter4-202f41a\system\Commands\Server\rewrite.php(43): require_once('C:\\Users\\Marina...')
#10 {main}
CRITICAL - 2022-05-14 16:15:21 --> Invalid argument supplied for foreach()
#0 C:\Users\Marina Fernandes\Desktop\codeigniter marina\codeigniter4-CodeIgniter4-202f41a\app\Views\productsView.php(42): CodeIgniter\Debug\Exceptions->errorHandler(2, 'Invalid argumen...', 'C:\\Users\\Marina...', 42, Array)
#1 C:\Users\Marina Fernandes\Desktop\codeigniter marina\codeigniter4-CodeIgniter4-202f41a\system\View\View.php(210): include('C:\\Users\\Marina...')
#2 C:\Users\Marina Fernandes\Desktop\codeigniter marina\codeigniter4-CodeIgniter4-202f41a\system\View\View.php(213): CodeIgniter\View\View->CodeIgniter\View\{closure}()
#3 C:\Users\Marina Fernandes\Desktop\codeigniter marina\codeigniter4-CodeIgniter4-202f41a\system\Common.php(1089): CodeIgniter\View\View->render('productsView', Array, true)
#4 C:\Users\Marina Fernandes\Desktop\codeigniter marina\codeigniter4-CodeIgniter4-202f41a\app\Controllers\Home.php(231): view('productsView', Array)
#5 C:\Users\Marina Fernandes\Desktop\codeigniter marina\codeigniter4-CodeIgniter4-202f41a\system\CodeIgniter.php(832): App\Controllers\Home->quantidade('asc')
#6 C:\Users\Marina Fernandes\Desktop\codeigniter marina\codeigniter4-CodeIgniter4-202f41a\system\CodeIgniter.php(419): CodeIgniter\CodeIgniter->runController(Object(App\Controllers\Home))
#7 C:\Users\Marina Fernandes\Desktop\codeigniter marina\codeigniter4-CodeIgniter4-202f41a\system\CodeIgniter.php(326): CodeIgniter\CodeIgniter->handleRequest(NULL, Object(Config\Cache), false)
#8 C:\Users\Marina Fernandes\Desktop\codeigniter marina\codeigniter4-CodeIgniter4-202f41a\public\index.php(37): CodeIgniter\CodeIgniter->run()
#9 C:\Users\Marina Fernandes\Desktop\codeigniter marina\codeigniter4-CodeIgniter4-202f41a\system\Commands\Server\rewrite.php(43): require_once('C:\\Users\\Marina...')
#10 {main}
CRITICAL - 2022-05-14 16:15:40 --> Invalid argument supplied for foreach()
#0 C:\Users\Marina Fernandes\Desktop\codeigniter marina\codeigniter4-CodeIgniter4-202f41a\app\Views\productsView.php(42): CodeIgniter\Debug\Exceptions->errorHandler(2, 'Invalid argumen...', 'C:\\Users\\Marina...', 42, Array)
#1 C:\Users\Marina Fernandes\Desktop\codeigniter marina\codeigniter4-CodeIgniter4-202f41a\system\View\View.php(210): include('C:\\Users\\Marina...')
#2 C:\Users\Marina Fernandes\Desktop\codeigniter marina\codeigniter4-CodeIgniter4-202f41a\system\View\View.php(213): CodeIgniter\View\View->CodeIgniter\View\{closure}()
#3 C:\Users\Marina Fernandes\Desktop\codeigniter marina\codeigniter4-CodeIgniter4-202f41a\system\Common.php(1089): CodeIgniter\View\View->render('productsView', Array, true)
#4 C:\Users\Marina Fernandes\Desktop\codeigniter marina\codeigniter4-CodeIgniter4-202f41a\app\Controllers\Home.php(231): view('productsView', Array)
#5 C:\Users\Marina Fernandes\Desktop\codeigniter marina\codeigniter4-CodeIgniter4-202f41a\system\CodeIgniter.php(832): App\Controllers\Home->quantidade('asc')
#6 C:\Users\Marina Fernandes\Desktop\codeigniter marina\codeigniter4-CodeIgniter4-202f41a\system\CodeIgniter.php(419): CodeIgniter\CodeIgniter->runController(Object(App\Controllers\Home))
#7 C:\Users\Marina Fernandes\Desktop\codeigniter marina\codeigniter4-CodeIgniter4-202f41a\system\CodeIgniter.php(326): CodeIgniter\CodeIgniter->handleRequest(NULL, Object(Config\Cache), false)
#8 C:\Users\Marina Fernandes\Desktop\codeigniter marina\codeigniter4-CodeIgniter4-202f41a\public\index.php(37): CodeIgniter\CodeIgniter->run()
#9 C:\Users\Marina Fernandes\Desktop\codeigniter marina\codeigniter4-CodeIgniter4-202f41a\system\Commands\Server\rewrite.php(43): require_once('C:\\Users\\Marina...')
#10 {main}
CRITICAL - 2022-05-14 16:24:52 --> Invalid file: categoriesView.php
#0 C:\Users\Marina Fernandes\Desktop\codeigniter marina\codeigniter4-CodeIgniter4-202f41a\system\View\View.php(198): CodeIgniter\Exceptions\FrameworkException::forInvalidFile('categoriesView....')
#1 C:\Users\Marina Fernandes\Desktop\codeigniter marina\codeigniter4-CodeIgniter4-202f41a\system\Common.php(1089): CodeIgniter\View\View->render('categoriesView', Array, true)
#2 C:\Users\Marina Fernandes\Desktop\codeigniter marina\codeigniter4-CodeIgniter4-202f41a\app\Controllers\Home.php(148): view('categoriesView', Array)
#3 C:\Users\Marina Fernandes\Desktop\codeigniter marina\codeigniter4-CodeIgniter4-202f41a\system\CodeIgniter.php(832): App\Controllers\Home->categoriesview()
#4 C:\Users\Marina Fernandes\Desktop\codeigniter marina\codeigniter4-CodeIgniter4-202f41a\system\CodeIgniter.php(419): CodeIgniter\CodeIgniter->runController(Object(App\Controllers\Home))
#5 C:\Users\Marina Fernandes\Desktop\codeigniter marina\codeigniter4-CodeIgniter4-202f41a\system\CodeIgniter.php(326): CodeIgniter\CodeIgniter->handleRequest(NULL, Object(Config\Cache), false)
#6 C:\Users\Marina Fernandes\Desktop\codeigniter marina\codeigniter4-CodeIgniter4-202f41a\public\index.php(37): CodeIgniter\CodeIgniter->run()
#7 C:\Users\Marina Fernandes\Desktop\codeigniter marina\codeigniter4-CodeIgniter4-202f41a\system\Commands\Server\rewrite.php(43): require_once('C:\\Users\\Marina...')
#8 {main}
CRITICAL - 2022-05-14 17:59:25 --> Maximum execution time of 30 seconds exceeded
#0 [internal function]: CodeIgniter\Debug\Exceptions->shutdownHandler()
#1 {main}
CRITICAL - 2022-05-14 18:02:39 --> Maximum execution time of 30 seconds exceeded
#0 [internal function]: CodeIgniter\Debug\Exceptions->shutdownHandler()
#1 {main}
