CRITICAL - 2022-05-13 08:48:25 --> Undefined index: nomec
#0 C:\Users\Marina Fernandes\Desktop\codeigniter marina\codeigniter4-CodeIgniter4-202f41a\app\Views\gamesView.php(50): CodeIgniter\Debug\Exceptions->errorHandler(8, 'Undefined index...', 'C:\\Users\\Marina...', 50, Array)
#1 C:\Users\Marina Fernandes\Desktop\codeigniter marina\codeigniter4-CodeIgniter4-202f41a\system\View\View.php(210): include('C:\\Users\\Marina...')
#2 C:\Users\Marina Fernandes\Desktop\codeigniter marina\codeigniter4-CodeIgniter4-202f41a\system\View\View.php(213): CodeIgniter\View\View->CodeIgniter\View\{closure}()
#3 C:\Users\Marina Fernandes\Desktop\codeigniter marina\codeigniter4-CodeIgniter4-202f41a\system\Common.php(1089): CodeIgniter\View\View->render('gamesView', Array, true)
#4 C:\Users\Marina Fernandes\Desktop\codeigniter marina\codeigniter4-CodeIgniter4-202f41a\app\Controllers\Home.php(289): view('gamesView', Array)
#5 C:\Users\Marina Fernandes\Desktop\codeigniter marina\codeigniter4-CodeIgniter4-202f41a\system\CodeIgniter.php(832): App\Controllers\Home->searchGames('go')
#6 C:\Users\Marina Fernandes\Desktop\codeigniter marina\codeigniter4-CodeIgniter4-202f41a\system\CodeIgniter.php(419): CodeIgniter\CodeIgniter->runController(Object(App\Controllers\Home))
#7 C:\Users\Marina Fernandes\Desktop\codeigniter marina\codeigniter4-CodeIgniter4-202f41a\system\CodeIgniter.php(326): CodeIgniter\CodeIgniter->handleRequest(NULL, Object(Config\Cache), false)
#8 C:\Users\Marina Fernandes\Desktop\codeigniter marina\codeigniter4-CodeIgniter4-202f41a\public\index.php(37): CodeIgniter\CodeIgniter->run()
#9 C:\Users\Marina Fernandes\Desktop\codeigniter marina\codeigniter4-CodeIgniter4-202f41a\system\Commands\Server\rewrite.php(43): require_once('C:\\Users\\Marina...')
#10 {main}
CRITICAL - 2022-05-13 08:49:00 --> Column 'nome' in where clause is ambiguous
#0 C:\Users\Marina Fernandes\Desktop\codeigniter marina\codeigniter4-CodeIgniter4-202f41a\system\Database\MySQLi\Connection.php(292): mysqli->query('SELECT *, `prod...', 0)
#1 C:\Users\Marina Fernandes\Desktop\codeigniter marina\codeigniter4-CodeIgniter4-202f41a\system\Database\BaseConnection.php(670): CodeIgniter\Database\MySQLi\Connection->execute('SELECT *, `prod...')
#2 C:\Users\Marina Fernandes\Desktop\codeigniter marina\codeigniter4-CodeIgniter4-202f41a\system\Database\BaseConnection.php(598): CodeIgniter\Database\BaseConnection->simpleQuery('SELECT *, `prod...')
#3 C:\Users\Marina Fernandes\Desktop\codeigniter marina\codeigniter4-CodeIgniter4-202f41a\system\Database\BaseBuilder.php(1455): CodeIgniter\Database\BaseConnection->query('SELECT *, `prod...', Array, false)
#4 C:\Users\Marina Fernandes\Desktop\codeigniter marina\codeigniter4-CodeIgniter4-202f41a\system\Model.php(183): CodeIgniter\Database\BaseBuilder->get()
#5 C:\Users\Marina Fernandes\Desktop\codeigniter marina\codeigniter4-CodeIgniter4-202f41a\system\BaseModel.php(584): CodeIgniter\Model->doFindAll(0, 0)
#6 C:\Users\Marina Fernandes\Desktop\codeigniter marina\codeigniter4-CodeIgniter4-202f41a\app\Models\ProductsModel.php(30): CodeIgniter\BaseModel->findAll()
#7 C:\Users\Marina Fernandes\Desktop\codeigniter marina\codeigniter4-CodeIgniter4-202f41a\app\Controllers\Home.php(283): App\Models\ProductsModel->getData2('go')
#8 C:\Users\Marina Fernandes\Desktop\codeigniter marina\codeigniter4-CodeIgniter4-202f41a\system\CodeIgniter.php(832): App\Controllers\Home->searchGames('go')
#9 C:\Users\Marina Fernandes\Desktop\codeigniter marina\codeigniter4-CodeIgniter4-202f41a\system\CodeIgniter.php(419): CodeIgniter\CodeIgniter->runController(Object(App\Controllers\Home))
#10 C:\Users\Marina Fernandes\Desktop\codeigniter marina\codeigniter4-CodeIgniter4-202f41a\system\CodeIgniter.php(326): CodeIgniter\CodeIgniter->handleRequest(NULL, Object(Config\Cache), false)
#11 C:\Users\Marina Fernandes\Desktop\codeigniter marina\codeigniter4-CodeIgniter4-202f41a\public\index.php(37): CodeIgniter\CodeIgniter->run()
#12 C:\Users\Marina Fernandes\Desktop\codeigniter marina\codeigniter4-CodeIgniter4-202f41a\system\Commands\Server\rewrite.php(43): require_once('C:\\Users\\Marina...')
#13 {main}
CRITICAL - 2022-05-13 08:49:24 --> Column 'nome' in where clause is ambiguous
#0 C:\Users\Marina Fernandes\Desktop\codeigniter marina\codeigniter4-CodeIgniter4-202f41a\system\Database\MySQLi\Connection.php(292): mysqli->query('SELECT *, `prod...', 0)
#1 C:\Users\Marina Fernandes\Desktop\codeigniter marina\codeigniter4-CodeIgniter4-202f41a\system\Database\BaseConnection.php(670): CodeIgniter\Database\MySQLi\Connection->execute('SELECT *, `prod...')
#2 C:\Users\Marina Fernandes\Desktop\codeigniter marina\codeigniter4-CodeIgniter4-202f41a\system\Database\BaseConnection.php(598): CodeIgniter\Database\BaseConnection->simpleQuery('SELECT *, `prod...')
#3 C:\Users\Marina Fernandes\Desktop\codeigniter marina\codeigniter4-CodeIgniter4-202f41a\system\Database\BaseBuilder.php(1455): CodeIgniter\Database\BaseConnection->query('SELECT *, `prod...', Array, false)
#4 C:\Users\Marina Fernandes\Desktop\codeigniter marina\codeigniter4-CodeIgniter4-202f41a\system\Model.php(183): CodeIgniter\Database\BaseBuilder->get()
#5 C:\Users\Marina Fernandes\Desktop\codeigniter marina\codeigniter4-CodeIgniter4-202f41a\system\BaseModel.php(584): CodeIgniter\Model->doFindAll(0, 0)
#6 C:\Users\Marina Fernandes\Desktop\codeigniter marina\codeigniter4-CodeIgniter4-202f41a\app\Models\ProductsModel.php(30): CodeIgniter\BaseModel->findAll()
#7 C:\Users\Marina Fernandes\Desktop\codeigniter marina\codeigniter4-CodeIgniter4-202f41a\app\Controllers\Home.php(283): App\Models\ProductsModel->getData2('go')
#8 C:\Users\Marina Fernandes\Desktop\codeigniter marina\codeigniter4-CodeIgniter4-202f41a\system\CodeIgniter.php(832): App\Controllers\Home->searchGames('go')
#9 C:\Users\Marina Fernandes\Desktop\codeigniter marina\codeigniter4-CodeIgniter4-202f41a\system\CodeIgniter.php(419): CodeIgniter\CodeIgniter->runController(Object(App\Controllers\Home))
#10 C:\Users\Marina Fernandes\Desktop\codeigniter marina\codeigniter4-CodeIgniter4-202f41a\system\CodeIgniter.php(326): CodeIgniter\CodeIgniter->handleRequest(NULL, Object(Config\Cache), false)
#11 C:\Users\Marina Fernandes\Desktop\codeigniter marina\codeigniter4-CodeIgniter4-202f41a\public\index.php(37): CodeIgniter\CodeIgniter->run()
#12 C:\Users\Marina Fernandes\Desktop\codeigniter marina\codeigniter4-CodeIgniter4-202f41a\system\Commands\Server\rewrite.php(43): require_once('C:\\Users\\Marina...')
#13 {main}
CRITICAL - 2022-05-13 08:49:36 --> Undefined index: nomec
#0 C:\Users\Marina Fernandes\Desktop\codeigniter marina\codeigniter4-CodeIgniter4-202f41a\app\Views\gamesView.php(50): CodeIgniter\Debug\Exceptions->errorHandler(8, 'Undefined index...', 'C:\\Users\\Marina...', 50, Array)
#1 C:\Users\Marina Fernandes\Desktop\codeigniter marina\codeigniter4-CodeIgniter4-202f41a\system\View\View.php(210): include('C:\\Users\\Marina...')
#2 C:\Users\Marina Fernandes\Desktop\codeigniter marina\codeigniter4-CodeIgniter4-202f41a\system\View\View.php(213): CodeIgniter\View\View->CodeIgniter\View\{closure}()
#3 C:\Users\Marina Fernandes\Desktop\codeigniter marina\codeigniter4-CodeIgniter4-202f41a\system\Common.php(1089): CodeIgniter\View\View->render('gamesView', Array, true)
#4 C:\Users\Marina Fernandes\Desktop\codeigniter marina\codeigniter4-CodeIgniter4-202f41a\app\Controllers\Home.php(289): view('gamesView', Array)
#5 C:\Users\Marina Fernandes\Desktop\codeigniter marina\codeigniter4-CodeIgniter4-202f41a\system\CodeIgniter.php(832): App\Controllers\Home->searchGames('')
#6 C:\Users\Marina Fernandes\Desktop\codeigniter marina\codeigniter4-CodeIgniter4-202f41a\system\CodeIgniter.php(419): CodeIgniter\CodeIgniter->runController(Object(App\Controllers\Home))
#7 C:\Users\Marina Fernandes\Desktop\codeigniter marina\codeigniter4-CodeIgniter4-202f41a\system\CodeIgniter.php(326): CodeIgniter\CodeIgniter->handleRequest(NULL, Object(Config\Cache), false)
#8 C:\Users\Marina Fernandes\Desktop\codeigniter marina\codeigniter4-CodeIgniter4-202f41a\public\index.php(37): CodeIgniter\CodeIgniter->run()
#9 C:\Users\Marina Fernandes\Desktop\codeigniter marina\codeigniter4-CodeIgniter4-202f41a\system\Commands\Server\rewrite.php(43): require_once('C:\\Users\\Marina...')
#10 {main}
CRITICAL - 2022-05-13 08:54:51 --> Undefined index: quantidade
#0 C:\Users\Marina Fernandes\Desktop\codeigniter marina\codeigniter4-CodeIgniter4-202f41a\app\Models\ProductsModel.php(57): CodeIgniter\Debug\Exceptions->errorHandler(8, 'Undefined index...', 'C:\\Users\\Marina...', 57, Array)
#1 C:\Users\Marina Fernandes\Desktop\codeigniter marina\codeigniter4-CodeIgniter4-202f41a\app\Controllers\Home.php(328): App\Models\ProductsModel->update_product('7', Array)
#2 C:\Users\Marina Fernandes\Desktop\codeigniter marina\codeigniter4-CodeIgniter4-202f41a\system\CodeIgniter.php(832): App\Controllers\Home->editProdutoToDB('7')
#3 C:\Users\Marina Fernandes\Desktop\codeigniter marina\codeigniter4-CodeIgniter4-202f41a\system\CodeIgniter.php(419): CodeIgniter\CodeIgniter->runController(Object(App\Controllers\Home))
#4 C:\Users\Marina Fernandes\Desktop\codeigniter marina\codeigniter4-CodeIgniter4-202f41a\system\CodeIgniter.php(326): CodeIgniter\CodeIgniter->handleRequest(NULL, Object(Config\Cache), false)
#5 C:\Users\Marina Fernandes\Desktop\codeigniter marina\codeigniter4-CodeIgniter4-202f41a\public\index.php(37): CodeIgniter\CodeIgniter->run()
#6 C:\Users\Marina Fernandes\Desktop\codeigniter marina\codeigniter4-CodeIgniter4-202f41a\system\Commands\Server\rewrite.php(43): require_once('C:\\Users\\Marina...')
#7 {main}
